#
# A fatal error has been detected by the Java Runtime Environment:
#
#  SIGSEGV (0xb) at pc=0x00007f3e2527f912, pid=3225, tid=139904895919872
#
# JRE version: 7.0_21-b02
# Java VM: OpenJDK 64-Bit Server VM (23.7-b01 mixed mode linux-amd64 compressed oops)
# Problematic frame:
# C  [libc.so.6+0x91912]  memccpy+0x162
#
# Failed to write core dump. Core dumps have been disabled. To enable core dumping, try "ulimit -c unlimited" before starting Java again
#
# If you would like to submit a bug report, please include
# instructions on how to reproduce the bug and visit:
#   https://bugs.launchpad.net/ubuntu/+source/openjdk-7/
#

---------------  T H R E A D  ---------------

Current thread (0x00007f3e1c009800):  JavaThread "main" [_thread_in_vm, id=3227, stack(0x00007f3e258fa000,0x00007f3e259fb000)]

siginfo:si_signo=SIGSEGV: si_errno=0, si_code=1 (SEGV_MAPERR), si_addr=0x00000000000000e8

Registers:
RAX=0x00000007d67109a8, RBX=0x00007f3e1c009800, RCX=0x0000000000000000, RDX=0x0000000000000020
RSP=0x00007f3e259f9888, RBP=0x00007f3e259f98f0, RSI=0x00000000000000e8, RDI=0x00000007d67109a8
R8 =0x00000000000000e8, R9 =0x00000000ffffffff, R10=0x00007f3e19011f64, R11=0x00007f3e246706e0
R12=0x0000000000000020, R13=0x0000000000000000, R14=0x00000000000000e8, R15=0x00007f3e1c0ad6b0
RIP=0x00007f3e2527f912, EFLAGS=0x0000000000010246, CSGSFS=0x0000000000000033, ERR=0x0000000000000004
  TRAPNO=0x000000000000000e

Top of Stack: (sp=0x00007f3e259f9888)
0x00007f3e259f9888:   00007f3e2442c837 00007f3e1c009800
0x00007f3e259f9898:   00007f3e1c009800 00007f3e1c009800
0x00007f3e259f98a8:   0000000000000000 00007f3e1c006e50
0x00007f3e259f98b8:   00007f3e1c009800 00007f3e259f9900
0x00007f3e259f98c8:   00000007790ad3a8 0000000000000000
0x00007f3e259f98d8:   00000007790ad3a8 00007f3e259f9978
0x00007f3e259f98e8:   00007f3e1c009800 00007f3e259f9910
0x00007f3e259f98f8:   00007f3e12f0a96c 00007f3e259f9970
0x00007f3e259f9908:   00007f3e1c0099d8 00007f3e259f9960
0x00007f3e259f9918:   00007f3e19011f90 00007f3e259f9920
0x00007f3e259f9928:   00000007790ad3a8 00007f3e259f9978
0x00007f3e259f9938:   00000007790ad8b0 0000000000000000
0x00007f3e259f9948:   00000007790ad3a8 0000000000000000
0x00007f3e259f9958:   00007f3e259f9980 00007f3e259f99e0
0x00007f3e259f9968:   00007f3e19006333 00000007d670f088
0x00007f3e259f9978:   00007f3e1900eddb 0000000000000000
0x00007f3e259f9988:   00000007d6710b88 00000007d6710b88
0x00007f3e259f9998:   00000007d670f088 00007f3e259f99a0
0x00007f3e259f99a8:   00000007790ad596 00007f3e259f99f8
0x00007f3e259f99b8:   00000007790ad8b0 0000000000000000
0x00007f3e259f99c8:   00000007790ad5e0 00007f3e259f9980
0x00007f3e259f99d8:   00007f3e259f99f8 00007f3e259f9a60
0x00007f3e259f99e8:   00007f3e190004f7 0000000000000001
0x00007f3e259f99f8:   00000007d6710930 00007f3e00001fa0
0x00007f3e259f9a08:   0000000000000000 00007f3e259f9cb0
0x00007f3e259f9a18:   00007f3e259f9bd0 00007f3e1c009800
0x00007f3e259f9a28:   00007f3e1c00a400 00007f3e259f9ac0
0x00007f3e259f9a38:   00007f3e259f9cb8 00007f3e0000000a
0x00007f3e259f9a48:   00000007790ad5e0 00007f3e190103a0
0x00007f3e259f9a58:   00007f3e259f9bd8 00007f3e259f9b30
0x00007f3e259f9a68:   00007f3e24418c7c 00007f3e00000001
0x00007f3e259f9a78:   00007f3e1c009800 00007f3e190103a0 

Instructions: (pc=0x00007f3e2527f912)
0x00007f3e2527f8f2:   66 66 66 66 66 2e 0f 1f 84 00 00 00 00 00 48 81
0x00007f3e2527f902:   fa 00 04 00 00 77 77 89 d1 c1 e9 05 74 60 ff c9
0x00007f3e2527f912:   48 8b 06 4c 8b 46 08 4c 8b 4e 10 4c 8b 56 18 48
0x00007f3e2527f922:   89 07 4c 89 47 08 4c 89 4f 10 4c 89 57 18 48 8d 

Register to memory mapping:

RAX=0x00000007d67109a8 is an unknown value
RBX=0x00007f3e1c009800 is a thread
RCX=0x0000000000000000 is an unknown value
RDX=0x0000000000000020 is an unknown value
RSP=0x00007f3e259f9888 is pointing into the stack for thread: 0x00007f3e1c009800
RBP=0x00007f3e259f98f0 is pointing into the stack for thread: 0x00007f3e1c009800
RSI=0x00000000000000e8 is an unknown value
RDI=0x00000007d67109a8 is an unknown value
R8 =0x00000000000000e8 is an unknown value
R9 =0x00000000ffffffff is an unknown value
R10=0x00007f3e19011f64 is an Interpreter codelet
method entry point (kind = native)  [0x00007f3e19011d00, 0x00007f3e19012540]  2112 bytes
R11=0x00007f3e246706e0: <offset 0x7816e0> in /usr/lib/jvm/java-7-openjdk-amd64/jre/lib/amd64/server/libjvm.so at 0x00007f3e23eef000
R12=0x0000000000000020 is an unknown value
R13=0x0000000000000000 is an unknown value
R14=0x00000000000000e8 is an unknown value
R15=0x00007f3e1c0ad6b0 is an unknown value


Stack: [0x00007f3e258fa000,0x00007f3e259fb000],  sp=0x00007f3e259f9888,  free space=1022k
Native frames: (J=compiled Java code, j=interpreted, Vv=VM code, C=native code)
C  [libc.so.6+0x91912]  memccpy+0x162
C  [librift.so+0x296c]  Java_vr_RiftJNI_getData+0x4c
j  vr.RiftJNI.getData()[D+0
j  vr.RiftJNI.main([Ljava/lang/String;)V+22
v  ~StubRoutines::call_stub
V  [libjvm.so+0x529c7c]  JavaCalls::call_helper(JavaValue*, methodHandle*, JavaCallArguments*, Thread*)+0x32c
V  [libjvm.so+0x529725]  JavaCalls::call(JavaValue*, methodHandle, JavaCallArguments*, Thread*)+0x25
V  [libjvm.so+0x53f79a]  jni_invoke_static(JNIEnv_*, JavaValue*, _jobject*, JNICallType, _jmethodID*, JNI_ArgumentPusher*, Thread*) [clone .isra.122] [clone .constprop.145]+0xda
V  [libjvm.so+0x53fdfa]  jni_CallStaticVoidMethod+0x12a
C  [libjli.so+0x31e1]  __strcat_chk+0x31e1

Java frames: (J=compiled Java code, j=interpreted, Vv=VM code)
j  vr.RiftJNI.getData()[D+0
j  vr.RiftJNI.main([Ljava/lang/String;)V+22
v  ~StubRoutines::call_stub

---------------  P R O C E S S  ---------------

Java Threads: ( => current thread )
  0x00007f3e1c114000 JavaThread "Service Thread" daemon [_thread_blocked, id=3247, stack(0x00007f3e13218000,0x00007f3e13319000)]
  0x00007f3e1c112000 JavaThread "C2 CompilerThread1" daemon [_thread_blocked, id=3246, stack(0x00007f3e13319000,0x00007f3e1341a000)]
  0x00007f3e1c10f000 JavaThread "C2 CompilerThread0" daemon [_thread_blocked, id=3245, stack(0x00007f3e1341a000,0x00007f3e1351b000)]
  0x00007f3e1c10c800 JavaThread "Signal Dispatcher" daemon [_thread_blocked, id=3244, stack(0x00007f3e1351b000,0x00007f3e1361c000)]
  0x00007f3e1c0b6800 JavaThread "Finalizer" daemon [_thread_blocked, id=3243, stack(0x00007f3e13cfd000,0x00007f3e13dfe000)]
  0x00007f3e1c0b4000 JavaThread "Reference Handler" daemon [_thread_blocked, id=3242, stack(0x00007f3e13dfe000,0x00007f3e13eff000)]
=>0x00007f3e1c009800 JavaThread "main" [_thread_in_vm, id=3227, stack(0x00007f3e258fa000,0x00007f3e259fb000)]

Other Threads:
  0x00007f3e1c0ac000 VMThread [stack: 0x00007f3e13eff000,0x00007f3e14000000] [id=3241]
  0x00007f3e1c11f000 WatcherThread [stack: 0x00007f3e13117000,0x00007f3e13218000] [id=3248]

VM state:not at safepoint (normal execution)

VM Mutex/Monitor currently owned by a thread: None

Heap
 PSYoungGen      total 37248K, used 638K [0x00000007d66b0000, 0x00000007d9040000, 0x0000000800000000)
  eden space 31936K, 2% used [0x00000007d66b0000,0x00000007d674fb50,0x00000007d85e0000)
  from space 5312K, 0% used [0x00000007d8b10000,0x00000007d8b10000,0x00000007d9040000)
  to   space 5312K, 0% used [0x00000007d85e0000,0x00000007d85e0000,0x00000007d8b10000)
 ParOldGen       total 85184K, used 0K [0x0000000783400000, 0x0000000788730000, 0x00000007d66b0000)
  object space 85184K, 0% used [0x0000000783400000,0x0000000783400000,0x0000000788730000)
 PSPermGen       total 21248K, used 2747K [0x0000000778e00000, 0x000000077a2c0000, 0x0000000783400000)
  object space 21248K, 12% used [0x0000000778e00000,0x00000007790aee20,0x000000077a2c0000)

Card table byte_map: [0x00007f3e22215000,0x00007f3e2264f000] byte_map_base: 0x00007f3e1e64e000

Polling page: 0x00007f3e258f9000

Code Cache  [0x00007f3e19000000, 0x00007f3e19270000, 0x00007f3e1c000000)
 total_blobs=162 nmethods=0 adapters=130 free_code_cache=48776Kb largest_free_block=49946880

Compilation events (0 events):
No events

GC Heap History (0 events):
No events

Deoptimization events (0 events):
No events

Internal exceptions (5 events):
Event: 0.042 Thread 0x00007f3e1c009800 Threw 0x00000007d66b6140 at /build/buildd/openjdk-7-7u21-2.3.9/build/openjdk/hotspot/src/share/vm/prims/jni.cpp:3994
Event: 0.085 Thread 0x00007f3e1c009800 Threw 0x00000007d6702f40 at /build/buildd/openjdk-7-7u21-2.3.9/build/openjdk/hotspot/src/share/vm/prims/jni.cpp:716
Event: 0.085 Thread 0x00007f3e1c009800 Threw 0x00000007d67030d8 at /build/buildd/openjdk-7-7u21-2.3.9/build/openjdk/hotspot/src/share/vm/prims/jvm.cpp:1166
Event: 0.085 Thread 0x00007f3e1c009800 Threw 0x00000007d6703200 at /build/buildd/openjdk-7-7u21-2.3.9/build/openjdk/hotspot/src/share/vm/prims/jvm.cpp:1166
Event: 0.087 Thread 0x00007f3e1c009800 Threw 0x00000007d670aad8 at /build/buildd/openjdk-7-7u21-2.3.9/build/openjdk/hotspot/src/share/vm/prims/jvm.cpp:1166

Events (10 events):
Event: 0.090 loading class 0x00007f3e1c1798a0
Event: 0.090 loading class 0x00007f3e1c1798a0 done
Event: 0.090 loading class 0x00007f3e1c0ae4d0
Event: 0.091 loading class 0x00007f3e1c0ae4d0 done
Event: 0.091 loading class 0x00007f3e1c030c40
Event: 0.091 loading class 0x00007f3e1c030c40 done
Event: 0.091 loading class 0x00007f3e1c062a70
Event: 0.091 loading class 0x00007f3e1c062a70 done
Event: 0.091 loading class 0x00007f3e1c063600
Event: 0.091 loading class 0x00007f3e1c063600 done


Dynamic libraries:
00400000-00401000 r-xp 00000000 08:06 3155978                            /usr/lib/jvm/java-7-openjdk-amd64/jre/bin/java
00600000-00601000 r--p 00000000 08:06 3155978                            /usr/lib/jvm/java-7-openjdk-amd64/jre/bin/java
00601000-00602000 rw-p 00001000 08:06 3155978                            /usr/lib/jvm/java-7-openjdk-amd64/jre/bin/java
01d2f000-01d50000 rw-p 00000000 00:00 0                                  [heap]
778e00000-77a2c0000 rw-p 00000000 00:00 0 
77a2c0000-783400000 rw-p 00000000 00:00 0 
783400000-788730000 rw-p 00000000 00:00 0 
788730000-7d66b0000 rw-p 00000000 00:00 0 
7d66b0000-7d9040000 rw-p 00000000 00:00 0 
7d9040000-800000000 rw-p 00000000 00:00 0 
7f3dc0000000-7f3dc0021000 rw-p 00000000 00:00 0 
7f3dc0021000-7f3dc4000000 ---p 00000000 00:00 0 
7f3dc4000000-7f3dc4021000 rw-p 00000000 00:00 0 
7f3dc4021000-7f3dc8000000 ---p 00000000 00:00 0 
7f3dc8000000-7f3dc8021000 rw-p 00000000 00:00 0 
7f3dc8021000-7f3dcc000000 ---p 00000000 00:00 0 
7f3dcc000000-7f3dcc021000 rw-p 00000000 00:00 0 
7f3dcc021000-7f3dd0000000 ---p 00000000 00:00 0 
7f3dd0000000-7f3dd0021000 rw-p 00000000 00:00 0 
7f3dd0021000-7f3dd4000000 ---p 00000000 00:00 0 
7f3dd4000000-7f3dd4021000 rw-p 00000000 00:00 0 
7f3dd4021000-7f3dd8000000 ---p 00000000 00:00 0 
7f3dd8000000-7f3dd8021000 rw-p 00000000 00:00 0 
7f3dd8021000-7f3ddc000000 ---p 00000000 00:00 0 
7f3ddc000000-7f3ddc021000 rw-p 00000000 00:00 0 
7f3ddc021000-7f3de0000000 ---p 00000000 00:00 0 
7f3de0000000-7f3de0021000 rw-p 00000000 00:00 0 
7f3de0021000-7f3de4000000 ---p 00000000 00:00 0 
7f3de7c70000-7f3dec000000 rw-p 00000000 00:00 0 
7f3dec000000-7f3dec021000 rw-p 00000000 00:00 0 
7f3dec021000-7f3df0000000 ---p 00000000 00:00 0 
7f3df4000000-7f3df4021000 rw-p 00000000 00:00 0 
7f3df4021000-7f3df8000000 ---p 00000000 00:00 0 
7f3dfc000000-7f3dfc021000 rw-p 00000000 00:00 0 
7f3dfc021000-7f3e00000000 ---p 00000000 00:00 0 
7f3e04000000-7f3e04021000 rw-p 00000000 00:00 0 
7f3e04021000-7f3e08000000 ---p 00000000 00:00 0 
7f3e0c000000-7f3e0c021000 rw-p 00000000 00:00 0 
7f3e0c021000-7f3e10000000 ---p 00000000 00:00 0 
7f3e124fc000-7f3e12707000 rw-p 00000000 00:00 0 
7f3e12707000-7f3e12708000 ---p 00000000 00:00 0 
7f3e12708000-7f3e12f08000 rw-p 00000000 00:00 0                          [stack:3249]
7f3e12f08000-7f3e12f15000 r-xp 00000000 00:15 2888813                    /home/david/Documents/workspace/Fungine/librift.so
7f3e12f15000-7f3e13115000 ---p 0000d000 00:15 2888813                    /home/david/Documents/workspace/Fungine/librift.so
7f3e13115000-7f3e13116000 r--p 0000d000 00:15 2888813                    /home/david/Documents/workspace/Fungine/librift.so
7f3e13116000-7f3e13117000 rw-p 0000e000 00:15 2888813                    /home/david/Documents/workspace/Fungine/librift.so
7f3e13117000-7f3e13118000 ---p 00000000 00:00 0 
7f3e13118000-7f3e13218000 rw-p 00000000 00:00 0                          [stack:3248]
7f3e13218000-7f3e1321b000 ---p 00000000 00:00 0 
7f3e1321b000-7f3e13319000 rw-p 00000000 00:00 0                          [stack:3247]
7f3e13319000-7f3e1331c000 ---p 00000000 00:00 0 
7f3e1331c000-7f3e1341a000 rw-p 00000000 00:00 0                          [stack:3246]
7f3e1341a000-7f3e1341d000 ---p 00000000 00:00 0 
7f3e1341d000-7f3e1351b000 rw-p 00000000 00:00 0                          [stack:3245]
7f3e1351b000-7f3e1351e000 ---p 00000000 00:00 0 
7f3e1351e000-7f3e1361c000 rw-p 00000000 00:00 0                          [stack:3244]
7f3e1361c000-7f3e13cfd000 r--p 00000000 08:06 3152289                    /usr/lib/locale/locale-archive
7f3e13cfd000-7f3e13d00000 ---p 00000000 00:00 0 
7f3e13d00000-7f3e13dfe000 rw-p 00000000 00:00 0                          [stack:3243]
7f3e13dfe000-7f3e13e01000 ---p 00000000 00:00 0 
7f3e13e01000-7f3e13eff000 rw-p 00000000 00:00 0                          [stack:3242]
7f3e13eff000-7f3e13f00000 ---p 00000000 00:00 0 
7f3e13f00000-7f3e14000000 rw-p 00000000 00:00 0                          [stack:3241]
7f3e14000000-7f3e14021000 rw-p 00000000 00:00 0 
7f3e14021000-7f3e18000000 ---p 00000000 00:00 0 
7f3e1800a000-7f3e19000000 rw-p 00000000 00:00 0 
7f3e19000000-7f3e19270000 rwxp 00000000 00:00 0 
7f3e19270000-7f3e1c1a2000 rw-p 00000000 00:00 0 
7f3e1c1a2000-7f3e20000000 ---p 00000000 00:00 0 
7f3e2001f000-7f3e20691000 rw-p 00000000 00:00 0 
7f3e20691000-7f3e2083e000 r--s 01cde000 08:06 3153373                    /usr/lib/jvm/java-7-openjdk-amd64/jre/lib/rt.jar
7f3e2083e000-7f3e21922000 rw-p 00000000 00:00 0 
7f3e21922000-7f3e21923000 ---p 00000000 00:00 0 
7f3e21923000-7f3e21a23000 rw-p 00000000 00:00 0                          [stack:3240]
7f3e21a23000-7f3e21a24000 ---p 00000000 00:00 0 
7f3e21a24000-7f3e21b24000 rw-p 00000000 00:00 0                          [stack:3239]
7f3e21b24000-7f3e21b25000 ---p 00000000 00:00 0 
7f3e21b25000-7f3e21c25000 rw-p 00000000 00:00 0                          [stack:3238]
7f3e21c25000-7f3e21c26000 ---p 00000000 00:00 0 
7f3e21c26000-7f3e21d26000 rw-p 00000000 00:00 0                          [stack:3237]
7f3e21d26000-7f3e21d27000 ---p 00000000 00:00 0 
7f3e21d27000-7f3e21e27000 rw-p 00000000 00:00 0                          [stack:3236]
7f3e21e27000-7f3e21e28000 ---p 00000000 00:00 0 
7f3e21e28000-7f3e21f33000 rw-p 00000000 00:00 0                          [stack:3235]
7f3e21f33000-7f3e21f7b000 rw-p 00000000 00:00 0 
7f3e21f7b000-7f3e21fa5000 rw-p 00000000 00:00 0 
7f3e21fa5000-7f3e22215000 rw-p 00000000 00:00 0 
7f3e22215000-7f3e22220000 rw-p 00000000 00:00 0 
7f3e22220000-7f3e22268000 rw-p 00000000 00:00 0 
7f3e22268000-7f3e22292000 rw-p 00000000 00:00 0 
7f3e22292000-7f3e22501000 rw-p 00000000 00:00 0 
7f3e22501000-7f3e22517000 rw-p 00000000 00:00 0 
7f3e22517000-7f3e2264e000 rw-p 00000000 00:00 0 
7f3e2264e000-7f3e2264f000 rw-p 00000000 00:00 0 
7f3e2264f000-7f3e22657000 r-xp 00000000 08:06 3155977                    /usr/lib/jvm/java-7-openjdk-amd64/jre/lib/amd64/libzip.so
7f3e22657000-7f3e22856000 ---p 00008000 08:06 3155977                    /usr/lib/jvm/java-7-openjdk-amd64/jre/lib/amd64/libzip.so
7f3e22856000-7f3e22857000 r--p 00007000 08:06 3155977                    /usr/lib/jvm/java-7-openjdk-amd64/jre/lib/amd64/libzip.so
7f3e22857000-7f3e22858000 rw-p 00008000 08:06 3155977                    /usr/lib/jvm/java-7-openjdk-amd64/jre/lib/amd64/libzip.so
7f3e22858000-7f3e22864000 r-xp 00000000 08:06 5120284                    /lib/x86_64-linux-gnu/libnss_files-2.15.so
7f3e22864000-7f3e22a63000 ---p 0000c000 08:06 5120284                    /lib/x86_64-linux-gnu/libnss_files-2.15.so
7f3e22a63000-7f3e22a64000 r--p 0000b000 08:06 5120284                    /lib/x86_64-linux-gnu/libnss_files-2.15.so
7f3e22a64000-7f3e22a65000 rw-p 0000c000 08:06 5120284                    /lib/x86_64-linux-gnu/libnss_files-2.15.so
7f3e22a65000-7f3e22a6f000 r-xp 00000000 08:06 5120276                    /lib/x86_64-linux-gnu/libnss_nis-2.15.so
7f3e22a6f000-7f3e22c6f000 ---p 0000a000 08:06 5120276                    /lib/x86_64-linux-gnu/libnss_nis-2.15.so
7f3e22c6f000-7f3e22c70000 r--p 0000a000 08:06 5120276                    /lib/x86_64-linux-gnu/libnss_nis-2.15.so
7f3e22c70000-7f3e22c71000 rw-p 0000b000 08:06 5120276                    /lib/x86_64-linux-gnu/libnss_nis-2.15.so
7f3e22c71000-7f3e22c88000 r-xp 00000000 08:06 5120294                    /lib/x86_64-linux-gnu/libnsl-2.15.so
7f3e22c88000-7f3e22e87000 ---p 00017000 08:06 5120294                    /lib/x86_64-linux-gnu/libnsl-2.15.so
7f3e22e87000-7f3e22e88000 r--p 00016000 08:06 5120294                    /lib/x86_64-linux-gnu/libnsl-2.15.so
7f3e22e88000-7f3e22e89000 rw-p 00017000 08:06 5120294                    /lib/x86_64-linux-gnu/libnsl-2.15.so
7f3e22e89000-7f3e22e8b000 rw-p 00000000 00:00 0 
7f3e22e8b000-7f3e22e93000 r-xp 00000000 08:06 5120298                    /lib/x86_64-linux-gnu/libnss_compat-2.15.so
7f3e22e93000-7f3e23092000 ---p 00008000 08:06 5120298                    /lib/x86_64-linux-gnu/libnss_compat-2.15.so
7f3e23092000-7f3e23093000 r--p 00007000 08:06 5120298                    /lib/x86_64-linux-gnu/libnss_compat-2.15.so
7f3e23093000-7f3e23094000 rw-p 00008000 08:06 5120298                    /lib/x86_64-linux-gnu/libnss_compat-2.15.so
7f3e23094000-7f3e230bf000 r-xp 00000000 08:06 3155961                    /usr/lib/jvm/java-7-openjdk-amd64/jre/lib/amd64/libjava.so
7f3e230bf000-7f3e232be000 ---p 0002b000 08:06 3155961                    /usr/lib/jvm/java-7-openjdk-amd64/jre/lib/amd64/libjava.so
7f3e232be000-7f3e232bf000 r--p 0002a000 08:06 3155961                    /usr/lib/jvm/java-7-openjdk-amd64/jre/lib/amd64/libjava.so
7f3e232bf000-7f3e232c1000 rw-p 0002b000 08:06 3155961                    /usr/lib/jvm/java-7-openjdk-amd64/jre/lib/amd64/libjava.so
7f3e232c1000-7f3e232d0000 r-xp 00000000 08:06 3155960                    /usr/lib/jvm/java-7-openjdk-amd64/jre/lib/amd64/libverify.so
7f3e232d0000-7f3e234cf000 ---p 0000f000 08:06 3155960                    /usr/lib/jvm/java-7-openjdk-amd64/jre/lib/amd64/libverify.so
7f3e234cf000-7f3e234d1000 r--p 0000e000 08:06 3155960                    /usr/lib/jvm/java-7-openjdk-amd64/jre/lib/amd64/libverify.so
7f3e234d1000-7f3e234d2000 rw-p 00010000 08:06 3155960                    /usr/lib/jvm/java-7-openjdk-amd64/jre/lib/amd64/libverify.so
7f3e234d2000-7f3e234d9000 r-xp 00000000 08:06 5120286                    /lib/x86_64-linux-gnu/librt-2.15.so
7f3e234d9000-7f3e236d8000 ---p 00007000 08:06 5120286                    /lib/x86_64-linux-gnu/librt-2.15.so
7f3e236d8000-7f3e236d9000 r--p 00006000 08:06 5120286                    /lib/x86_64-linux-gnu/librt-2.15.so
7f3e236d9000-7f3e236da000 rw-p 00007000 08:06 5120286                    /lib/x86_64-linux-gnu/librt-2.15.so
7f3e236da000-7f3e236ef000 r-xp 00000000 08:06 5115404                    /lib/x86_64-linux-gnu/libgcc_s.so.1
7f3e236ef000-7f3e238ee000 ---p 00015000 08:06 5115404                    /lib/x86_64-linux-gnu/libgcc_s.so.1
7f3e238ee000-7f3e238ef000 r--p 00014000 08:06 5115404                    /lib/x86_64-linux-gnu/libgcc_s.so.1
7f3e238ef000-7f3e238f0000 rw-p 00015000 08:06 5115404                    /lib/x86_64-linux-gnu/libgcc_s.so.1
7f3e238f0000-7f3e239eb000 r-xp 00000000 08:06 5120295                    /lib/x86_64-linux-gnu/libm-2.15.so
7f3e239eb000-7f3e23bea000 ---p 000fb000 08:06 5120295                    /lib/x86_64-linux-gnu/libm-2.15.so
7f3e23bea000-7f3e23beb000 r--p 000fa000 08:06 5120295                    /lib/x86_64-linux-gnu/libm-2.15.so
7f3e23beb000-7f3e23bec000 rw-p 000fb000 08:06 5120295                    /lib/x86_64-linux-gnu/libm-2.15.so
7f3e23bec000-7f3e23cd1000 r-xp 00000000 08:06 3153881                    /usr/lib/x86_64-linux-gnu/libstdc++.so.6.0.17
7f3e23cd1000-7f3e23ed0000 ---p 000e5000 08:06 3153881                    /usr/lib/x86_64-linux-gnu/libstdc++.so.6.0.17
7f3e23ed0000-7f3e23ed8000 r--p 000e4000 08:06 3153881                    /usr/lib/x86_64-linux-gnu/libstdc++.so.6.0.17
7f3e23ed8000-7f3e23eda000 rw-p 000ec000 08:06 3153881                    /usr/lib/x86_64-linux-gnu/libstdc++.so.6.0.17
7f3e23eda000-7f3e23eef000 rw-p 00000000 00:00 0 
7f3e23eef000-7f3e248ea000 r-xp 00000000 08:06 3155965                    /usr/lib/jvm/java-7-openjdk-amd64/jre/lib/amd64/server/libjvm.so
7f3e248ea000-7f3e24ae9000 ---p 009fb000 08:06 3155965                    /usr/lib/jvm/java-7-openjdk-amd64/jre/lib/amd64/server/libjvm.so
7f3e24ae9000-7f3e24b68000 r--p 009fa000 08:06 3155965                    /usr/lib/jvm/java-7-openjdk-amd64/jre/lib/amd64/server/libjvm.so
7f3e24b68000-7f3e24b8b000 rw-p 00a79000 08:06 3155965                    /usr/lib/jvm/java-7-openjdk-amd64/jre/lib/amd64/server/libjvm.so
7f3e24b8b000-7f3e24bb6000 rw-p 00000000 00:00 0 
7f3e24bb6000-7f3e24bcc000 r-xp 00000000 08:06 5115513                    /lib/x86_64-linux-gnu/libz.so.1.2.7
7f3e24bcc000-7f3e24dcb000 ---p 00016000 08:06 5115513                    /lib/x86_64-linux-gnu/libz.so.1.2.7
7f3e24dcb000-7f3e24dcc000 r--p 00015000 08:06 5115513                    /lib/x86_64-linux-gnu/libz.so.1.2.7
7f3e24dcc000-7f3e24dcd000 rw-p 00016000 08:06 5115513                    /lib/x86_64-linux-gnu/libz.so.1.2.7
7f3e24dcd000-7f3e24de5000 r-xp 00000000 08:06 5120282                    /lib/x86_64-linux-gnu/libpthread-2.15.so
7f3e24de5000-7f3e24fe4000 ---p 00018000 08:06 5120282                    /lib/x86_64-linux-gnu/libpthread-2.15.so
7f3e24fe4000-7f3e24fe5000 r--p 00017000 08:06 5120282                    /lib/x86_64-linux-gnu/libpthread-2.15.so
7f3e24fe5000-7f3e24fe6000 rw-p 00018000 08:06 5120282                    /lib/x86_64-linux-gnu/libpthread-2.15.so
7f3e24fe6000-7f3e24fea000 rw-p 00000000 00:00 0 
7f3e24fea000-7f3e24fec000 r-xp 00000000 08:06 5120297                    /lib/x86_64-linux-gnu/libdl-2.15.so
7f3e24fec000-7f3e251ec000 ---p 00002000 08:06 5120297                    /lib/x86_64-linux-gnu/libdl-2.15.so
7f3e251ec000-7f3e251ed000 r--p 00002000 08:06 5120297                    /lib/x86_64-linux-gnu/libdl-2.15.so
7f3e251ed000-7f3e251ee000 rw-p 00003000 08:06 5120297                    /lib/x86_64-linux-gnu/libdl-2.15.so
7f3e251ee000-7f3e253a3000 r-xp 00000000 08:06 5120299                    /lib/x86_64-linux-gnu/libc-2.15.so
7f3e253a3000-7f3e255a2000 ---p 001b5000 08:06 5120299                    /lib/x86_64-linux-gnu/libc-2.15.so
7f3e255a2000-7f3e255a6000 r--p 001b4000 08:06 5120299                    /lib/x86_64-linux-gnu/libc-2.15.so
7f3e255a6000-7f3e255a8000 rw-p 001b8000 08:06 5120299                    /lib/x86_64-linux-gnu/libc-2.15.so
7f3e255a8000-7f3e255ad000 rw-p 00000000 00:00 0 
7f3e255c2000-7f3e255c5000 rw-p 00000000 00:00 0 
7f3e255c5000-7f3e255c6000 r--s 00002000 08:06 3148175                    /usr/lib/jvm/java-7-openjdk-common/jre/lib/ext/dnsns.jar
7f3e255c6000-7f3e255c9000 r--s 0000f000 08:06 3148173                    /usr/lib/jvm/java-7-openjdk-common/jre/lib/ext/pulse-java.jar
7f3e255c9000-7f3e255cc000 r--s 0003c000 08:06 3148169                    /usr/lib/jvm/java-7-openjdk-common/jre/lib/ext/sunpkcs11.jar
7f3e255cc000-7f3e255ce000 r--s 00012000 08:06 3148177                    /usr/lib/jvm/java-7-openjdk-common/jre/lib/ext/zipfs.jar
7f3e255ce000-7f3e255d2000 r--s 00085000 08:06 3148170                    /usr/lib/jvm/java-7-openjdk-common/jre/lib/ext/localedata.jar
7f3e255d2000-7f3e255df000 r-xp 00000000 08:06 3153378                    /usr/lib/jvm/java-7-openjdk-amd64/jre/lib/amd64/jli/libjli.so
7f3e255df000-7f3e257de000 ---p 0000d000 08:06 3153378                    /usr/lib/jvm/java-7-openjdk-amd64/jre/lib/amd64/jli/libjli.so
7f3e257de000-7f3e257df000 r--p 0000c000 08:06 3153378                    /usr/lib/jvm/java-7-openjdk-amd64/jre/lib/amd64/jli/libjli.so
7f3e257df000-7f3e257e0000 rw-p 0000d000 08:06 3153378                    /usr/lib/jvm/java-7-openjdk-amd64/jre/lib/amd64/jli/libjli.so
7f3e257e0000-7f3e25802000 r-xp 00000000 08:06 5120287                    /lib/x86_64-linux-gnu/ld-2.15.so
7f3e25802000-7f3e25803000 rw-p 00000000 00:00 0 
7f3e25803000-7f3e25805000 r--s 00006000 08:06 3546872                    /usr/share/java/java-atk-wrapper.jar
7f3e25805000-7f3e25808000 r--s 00032000 08:06 3148171                    /usr/lib/jvm/java-7-openjdk-common/jre/lib/ext/sunjce_provider.jar
7f3e25808000-7f3e2583a000 rw-p 00000000 00:00 0 
7f3e2583a000-7f3e258f0000 rw-p 00000000 00:00 0 
7f3e258f0000-7f3e258f8000 rw-s 00000000 08:06 3016962                    /tmp/hsperfdata_david/3225
7f3e258f8000-7f3e258f9000 rw-p 00000000 00:00 0 
7f3e258f9000-7f3e258fa000 r--p 00000000 00:00 0 
7f3e258fa000-7f3e258fd000 ---p 00000000 00:00 0 
7f3e258fd000-7f3e25a02000 rw-p 00000000 00:00 0                          [stack:3227]
7f3e25a02000-7f3e25a03000 r--p 00022000 08:06 5120287                    /lib/x86_64-linux-gnu/ld-2.15.so
7f3e25a03000-7f3e25a05000 rw-p 00023000 08:06 5120287                    /lib/x86_64-linux-gnu/ld-2.15.so
7fff3d3e6000-7fff3d407000 rw-p 00000000 00:00 0                          [stack]
7fff3d449000-7fff3d44a000 r-xp 00000000 00:00 0                          [vdso]
ffffffffff600000-ffffffffff601000 r-xp 00000000 00:00 0                  [vsyscall]

VM Arguments:
jvm_args: -Djava.library.path=. -Dfile.encoding=UTF-8 
java_command: vr.RiftJNI
Launcher Type: SUN_STANDARD

Environment Variables:
PATH=/usr/lib/lightdm/lightdm:/usr/local/sbin:/usr/local/bin:/usr/sbin:/usr/bin:/sbin:/bin:/usr/games:/usr/local/games
SHELL=/bin/bash
DISPLAY=:0

Signal Handlers:
SIGSEGV: [libjvm.so+0x8574b0], sa_mask[0]=0x7ffbfeff, sa_flags=0x10000004
SIGBUS: [libjvm.so+0x8574b0], sa_mask[0]=0x7ffbfeff, sa_flags=0x10000004
SIGFPE: [libjvm.so+0x6f8200], sa_mask[0]=0x7ffbfeff, sa_flags=0x10000004
SIGPIPE: [libjvm.so+0x6f8200], sa_mask[0]=0x7ffbfeff, sa_flags=0x10000004
SIGXFSZ: [libjvm.so+0x6f8200], sa_mask[0]=0x7ffbfeff, sa_flags=0x10000004
SIGILL: [libjvm.so+0x6f8200], sa_mask[0]=0x7ffbfeff, sa_flags=0x10000004
SIGUSR1: SIG_DFL, sa_mask[0]=0x00000000, sa_flags=0x00000000
SIGUSR2: [libjvm.so+0x6f85d0], sa_mask[0]=0x00000004, sa_flags=0x10000004
SIGHUP: [libjvm.so+0x6f8710], sa_mask[0]=0x7ffbfeff, sa_flags=0x10000004
SIGINT: [libjvm.so+0x6f8710], sa_mask[0]=0x7ffbfeff, sa_flags=0x10000004
SIGTERM: [libjvm.so+0x6f8710], sa_mask[0]=0x7ffbfeff, sa_flags=0x10000004
SIGQUIT: [libjvm.so+0x6f8710], sa_mask[0]=0x7ffbfeff, sa_flags=0x10000004


---------------  S Y S T E M  ---------------

OS:Ubuntu 12.10 (quantal)
uname:Linux 3.5.0-28-generic #48-Ubuntu SMP Tue Apr 23 23:03:38 UTC 2013 x86_64
libc:glibc 2.15 NPTL 2.15 
rlimit: STACK 8192k, CORE 0k, NPROC 63158, NOFILE 4096, AS infinity
load average:1.81 1.95 1.94

/proc/meminfo:
MemTotal:        8175080 kB
MemFree:          129308 kB
Buffers:          617164 kB
Cached:          2985148 kB
SwapCached:         2692 kB
Active:          4522804 kB
Inactive:        2493788 kB
Active(anon):    2653192 kB
Inactive(anon):   795376 kB
Active(file):    1869612 kB
Inactive(file):  1698412 kB
Unevictable:       31392 kB
Mlocked:           31392 kB
SwapTotal:       8381436 kB
SwapFree:        8362672 kB
Dirty:              1548 kB
Writeback:             0 kB
AnonPages:       3443760 kB
Mapped:           465908 kB
Shmem:             28452 kB
Slab:             486988 kB
SReclaimable:     378240 kB
SUnreclaim:       108748 kB
KernelStack:        6072 kB
PageTables:        64668 kB
NFS_Unstable:          0 kB
Bounce:                0 kB
WritebackTmp:          0 kB
CommitLimit:    12468976 kB
Committed_AS:    8887220 kB
VmallocTotal:   34359738367 kB
VmallocUsed:      316540 kB
VmallocChunk:   34359415500 kB
HardwareCorrupted:     0 kB
AnonHugePages:         0 kB
HugePages_Total:       0
HugePages_Free:        0
HugePages_Rsvd:        0
HugePages_Surp:        0
Hugepagesize:       2048 kB
DirectMap4k:     1215424 kB
DirectMap2M:     7170048 kB
DirectMap1G:           0 kB


CPU:total 6 (6 cores per cpu, 1 threads per core) family 16 model 10 stepping 0, cmov, cx8, fxsr, mmx, sse, sse2, sse3, popcnt, mmxext, 3dnowpref, lzcnt, sse4a, tsc, tscinvbit, tscinv

/proc/cpuinfo:
processor	: 0
vendor_id	: AuthenticAMD
cpu family	: 16
model		: 10
model name	: AMD Phenom(tm) II X6 1090T Processor
stepping	: 0
microcode	: 0x10000dc
cpu MHz		: 800.000
cache size	: 512 KB
physical id	: 0
siblings	: 6
core id		: 0
cpu cores	: 6
apicid		: 0
initial apicid	: 0
fpu		: yes
fpu_exception	: yes
cpuid level	: 6
wp		: yes
flags		: fpu vme de pse tsc msr pae mce cx8 apic sep mtrr pge mca cmov pat pse36 clflush mmx fxsr sse sse2 ht syscall nx mmxext fxsr_opt pdpe1gb rdtscp lm 3dnowext 3dnow constant_tsc rep_good nopl nonstop_tsc extd_apicid aperfmperf pni monitor cx16 popcnt lahf_lm cmp_legacy svm extapic cr8_legacy abm sse4a misalignsse 3dnowprefetch osvw ibs skinit wdt cpb hw_pstate npt lbrv svm_lock nrip_save pausefilter
bogomips	: 6427.94
TLB size	: 1024 4K pages
clflush size	: 64
cache_alignment	: 64
address sizes	: 48 bits physical, 48 bits virtual
power management: ts ttp tm stc 100mhzsteps hwpstate cpb

processor	: 1
vendor_id	: AuthenticAMD
cpu family	: 16
model		: 10
model name	: AMD Phenom(tm) II X6 1090T Processor
stepping	: 0
microcode	: 0x10000dc
cpu MHz		: 800.000
cache size	: 512 KB
physical id	: 0
siblings	: 6
core id		: 3
cpu cores	: 6
apicid		: 1
initial apicid	: 3
fpu		: yes
fpu_exception	: yes
cpuid level	: 6
wp		: yes
flags		: fpu vme de pse tsc msr pae mce cx8 apic sep mtrr pge mca cmov pat pse36 clflush mmx fxsr sse sse2 ht syscall nx mmxext fxsr_opt pdpe1gb rdtscp lm 3dnowext 3dnow constant_tsc rep_good nopl nonstop_tsc extd_apicid aperfmperf pni monitor cx16 popcnt lahf_lm cmp_legacy svm extapic cr8_legacy abm sse4a misalignsse 3dnowprefetch osvw ibs skinit wdt cpb hw_pstate npt lbrv svm_lock nrip_save pausefilter
bogomips	: 6427.94
TLB size	: 1024 4K pages
clflush size	: 64
cache_alignment	: 64
address sizes	: 48 bits physical, 48 bits virtual
power management: ts ttp tm stc 100mhzsteps hwpstate cpb

processor	: 2
vendor_id	: AuthenticAMD
cpu family	: 16
model		: 10
model name	: AMD Phenom(tm) II X6 1090T Processor
stepping	: 0
microcode	: 0x10000dc
cpu MHz		: 800.000
cache size	: 512 KB
physical id	: 0
siblings	: 6
core id		: 4
cpu cores	: 6
apicid		: 2
initial apicid	: 4
fpu		: yes
fpu_exception	: yes
cpuid level	: 6
wp		: yes
flags		: fpu vme de pse tsc msr pae mce cx8 apic sep mtrr pge mca cmov pat pse36 clflush mmx fxsr sse sse2 ht syscall nx mmxext fxsr_opt pdpe1gb rdtscp lm 3dnowext 3dnow constant_tsc rep_good nopl nonstop_tsc extd_apicid aperfmperf pni monitor cx16 popcnt lahf_lm cmp_legacy svm extapic cr8_legacy abm sse4a misalignsse 3dnowprefetch osvw ibs skinit wdt cpb hw_pstate npt lbrv svm_lock nrip_save pausefilter
bogomips	: 6427.94
TLB size	: 1024 4K pages
clflush size	: 64
cache_alignment	: 64
address sizes	: 48 bits physical, 48 bits virtual
power management: ts ttp tm stc 100mhzsteps hwpstate cpb

processor	: 3
vendor_id	: AuthenticAMD
cpu family	: 16
model		: 10
model name	: AMD Phenom(tm) II X6 1090T Processor
stepping	: 0
microcode	: 0x10000dc
cpu MHz		: 800.000
cache size	: 512 KB
physical id	: 0
siblings	: 6
core id		: 5
cpu cores	: 6
apicid		: 3
initial apicid	: 5
fpu		: yes
fpu_exception	: yes
cpuid level	: 6
wp		: yes
flags		: fpu vme de pse tsc msr pae mce cx8 apic sep mtrr pge mca cmov pat pse36 clflush mmx fxsr sse sse2 ht syscall nx mmxext fxsr_opt pdpe1gb rdtscp lm 3dnowext 3dnow constant_tsc rep_good nopl nonstop_tsc extd_apicid aperfmperf pni monitor cx16 popcnt lahf_lm cmp_legacy svm extapic cr8_legacy abm sse4a misalignsse 3dnowprefetch osvw ibs skinit wdt cpb hw_pstate npt lbrv svm_lock nrip_save pausefilter
bogomips	: 6427.94
TLB size	: 1024 4K pages
clflush size	: 64
cache_alignment	: 64
address sizes	: 48 bits physical, 48 bits virtual
power management: ts ttp tm stc 100mhzsteps hwpstate cpb

processor	: 4
vendor_id	: AuthenticAMD
cpu family	: 16
model		: 10
model name	: AMD Phenom(tm) II X6 1090T Processor
stepping	: 0
microcode	: 0x10000dc
cpu MHz		: 800.000
cache size	: 512 KB
physical id	: 0
siblings	: 6
core id		: 1
cpu cores	: 6
apicid		: 4
initial apicid	: 1
fpu		: yes
fpu_exception	: yes
cpuid level	: 6
wp		: yes
flags		: fpu vme de pse tsc msr pae mce cx8 apic sep mtrr pge mca cmov pat pse36 clflush mmx fxsr sse sse2 ht syscall nx mmxext fxsr_opt pdpe1gb rdtscp lm 3dnowext 3dnow constant_tsc rep_good nopl nonstop_tsc extd_apicid aperfmperf pni monitor cx16 popcnt lahf_lm cmp_legacy svm extapic cr8_legacy abm sse4a misalignsse 3dnowprefetch osvw ibs skinit wdt cpb hw_pstate npt lbrv svm_lock nrip_save pausefilter
bogomips	: 6427.94
TLB size	: 1024 4K pages
clflush size	: 64
cache_alignment	: 64
address sizes	: 48 bits physical, 48 bits virtual
power management: ts ttp tm stc 100mhzsteps hwpstate cpb

processor	: 5
vendor_id	: AuthenticAMD
cpu family	: 16
model		: 10
model name	: AMD Phenom(tm) II X6 1090T Processor
stepping	: 0
microcode	: 0x10000dc
cpu MHz		: 3200.000
cache size	: 512 KB
physical id	: 0
siblings	: 6
core id		: 2
cpu cores	: 6
apicid		: 5
initial apicid	: 2
fpu		: yes
fpu_exception	: yes
cpuid level	: 6
wp		: yes
flags		: fpu vme de pse tsc msr pae mce cx8 apic sep mtrr pge mca cmov pat pse36 clflush mmx fxsr sse sse2 ht syscall nx mmxext fxsr_opt pdpe1gb rdtscp lm 3dnowext 3dnow constant_tsc rep_good nopl nonstop_tsc extd_apicid aperfmperf pni monitor cx16 popcnt lahf_lm cmp_legacy svm extapic cr8_legacy abm sse4a misalignsse 3dnowprefetch osvw ibs skinit wdt cpb hw_pstate npt lbrv svm_lock nrip_save pausefilter
bogomips	: 6427.94
TLB size	: 1024 4K pages
clflush size	: 64
cache_alignment	: 64
address sizes	: 48 bits physical, 48 bits virtual
power management: ts ttp tm stc 100mhzsteps hwpstate cpb



Memory: 4k page, physical 8175080k(129308k free), swap 8381436k(8362672k free)

vm_info: OpenJDK 64-Bit Server VM (23.7-b01) for linux-amd64 JRE (1.7.0_21-b02), built on Apr 22 2013 22:26:19 by "buildd" with gcc 4.7.2

time: Thu May 16 03:34:22 2013
elapsed time: 1 seconds

