#
# A fatal error has been detected by the Java Runtime Environment:
#
#  SIGSEGV (0xb) at pc=0x00007feb2087e912, pid=2985, tid=140647847663360
#
# JRE version: 7.0_21-b02
# Java VM: OpenJDK 64-Bit Server VM (23.7-b01 mixed mode linux-amd64 compressed oops)
# Problematic frame:
# C  [libc.so.6+0x91912]  memccpy+0x162
#
# Failed to write core dump. Core dumps have been disabled. To enable core dumping, try "ulimit -c unlimited" before starting Java again
#
# If you would like to submit a bug report, please include
# instructions on how to reproduce the bug and visit:
#   https://bugs.launchpad.net/ubuntu/+source/openjdk-7/
#

---------------  T H R E A D  ---------------

Current thread (0x00007feb18009800):  JavaThread "main" [_thread_in_vm, id=2990, stack(0x00007feb20ef9000,0x00007feb20ffa000)]

siginfo:si_signo=SIGSEGV: si_errno=0, si_code=1 (SEGV_MAPERR), si_addr=0x00000000000000e8

Registers:
RAX=0x00000007d67109a8, RBX=0x00007feb18009800, RCX=0x0000000000000000, RDX=0x0000000000000020
RSP=0x00007feb20ff8888, RBP=0x00007feb20ff88f0, RSI=0x00000000000000e8, RDI=0x00000007d67109a8
R8 =0x00000000000000e8, R9 =0x00000000ffffffff, R10=0x00007feb15011f64, R11=0x00007feb1fc6f6e0
R12=0x0000000000000020, R13=0x0000000000000000, R14=0x00000000000000e8, R15=0x00007feb180ad6b0
RIP=0x00007feb2087e912, EFLAGS=0x0000000000010246, CSGSFS=0x0000000000000033, ERR=0x0000000000000004
  TRAPNO=0x000000000000000e

Top of Stack: (sp=0x00007feb20ff8888)
0x00007feb20ff8888:   00007feb1fa2b837 00007feb18009800
0x00007feb20ff8898:   00007feb18009800 00007feb18009800
0x00007feb20ff88a8:   0000000000000000 00007feb18006e50
0x00007feb20ff88b8:   00007feb18009800 00007feb20ff8900
0x00007feb20ff88c8:   00000007790ad3b0 0000000000000000
0x00007feb20ff88d8:   00000007790ad3b0 00007feb20ff8978
0x00007feb20ff88e8:   00007feb18009800 00007feb20ff8910
0x00007feb20ff88f8:   00007feb0642c96c 00007feb20ff8970
0x00007feb20ff8908:   00007feb180099d8 00007feb20ff8960
0x00007feb20ff8918:   00007feb15011f90 00007feb20ff8920
0x00007feb20ff8928:   00000007790ad3b0 00007feb20ff8978
0x00007feb20ff8938:   00000007790ad8b8 0000000000000000
0x00007feb20ff8948:   00000007790ad3b0 0000000000000000
0x00007feb20ff8958:   00007feb20ff8980 00007feb20ff89e0
0x00007feb20ff8968:   00007feb15006333 00000007d670f088
0x00007feb20ff8978:   00007feb1500eddb 0000000000000000
0x00007feb20ff8988:   00000007d6710b88 00000007d6710b88
0x00007feb20ff8998:   00000007d670f088 00007feb20ff89a0
0x00007feb20ff89a8:   00000007790ad59e 00007feb20ff89f8
0x00007feb20ff89b8:   00000007790ad8b8 0000000000000000
0x00007feb20ff89c8:   00000007790ad5e8 00007feb20ff8980
0x00007feb20ff89d8:   00007feb20ff89f8 00007feb20ff8a60
0x00007feb20ff89e8:   00007feb150004f7 0000000000000001
0x00007feb20ff89f8:   00000007d6710930 00007feb00001fa0
0x00007feb20ff8a08:   0000000000000000 00007feb20ff8cb0
0x00007feb20ff8a18:   00007feb20ff8bd0 00007feb18009800
0x00007feb20ff8a28:   00007feb1800a400 00007feb20ff8ac0
0x00007feb20ff8a38:   00007feb20ff8cb8 00007feb0000000a
0x00007feb20ff8a48:   00000007790ad5e8 00007feb150103a0
0x00007feb20ff8a58:   00007feb20ff8bd8 00007feb20ff8b30
0x00007feb20ff8a68:   00007feb1fa17c7c 00007feb00000001
0x00007feb20ff8a78:   00007feb18009800 00007feb150103a0 

Instructions: (pc=0x00007feb2087e912)
0x00007feb2087e8f2:   66 66 66 66 66 2e 0f 1f 84 00 00 00 00 00 48 81
0x00007feb2087e902:   fa 00 04 00 00 77 77 89 d1 c1 e9 05 74 60 ff c9
0x00007feb2087e912:   48 8b 06 4c 8b 46 08 4c 8b 4e 10 4c 8b 56 18 48
0x00007feb2087e922:   89 07 4c 89 47 08 4c 89 4f 10 4c 89 57 18 48 8d 

Register to memory mapping:

RAX=0x00000007d67109a8 is an unknown value
RBX=0x00007feb18009800 is a thread
RCX=0x0000000000000000 is an unknown value
RDX=0x0000000000000020 is an unknown value
RSP=0x00007feb20ff8888 is pointing into the stack for thread: 0x00007feb18009800
RBP=0x00007feb20ff88f0 is pointing into the stack for thread: 0x00007feb18009800
RSI=0x00000000000000e8 is an unknown value
RDI=0x00000007d67109a8 is an unknown value
R8 =0x00000000000000e8 is an unknown value
R9 =0x00000000ffffffff is an unknown value
R10=0x00007feb15011f64 is an Interpreter codelet
method entry point (kind = native)  [0x00007feb15011d00, 0x00007feb15012540]  2112 bytes
R11=0x00007feb1fc6f6e0: <offset 0x7816e0> in /usr/lib/jvm/java-7-openjdk-amd64/jre/lib/amd64/server/libjvm.so at 0x00007feb1f4ee000
R12=0x0000000000000020 is an unknown value
R13=0x0000000000000000 is an unknown value
R14=0x00000000000000e8 is an unknown value
R15=0x00007feb180ad6b0 is an unknown value


Stack: [0x00007feb20ef9000,0x00007feb20ffa000],  sp=0x00007feb20ff8888,  free space=1022k
Native frames: (J=compiled Java code, j=interpreted, Vv=VM code, C=native code)
C  [libc.so.6+0x91912]  memccpy+0x162
C  [librift.so+0x296c]  Java_vr_RiftJNI_getData+0x4c
j  vr.RiftJNI.getData()[D+0
j  vr.RiftJNI.main([Ljava/lang/String;)V+22
v  ~StubRoutines::call_stub
V  [libjvm.so+0x529c7c]  JavaCalls::call_helper(JavaValue*, methodHandle*, JavaCallArguments*, Thread*)+0x32c
V  [libjvm.so+0x529725]  JavaCalls::call(JavaValue*, methodHandle, JavaCallArguments*, Thread*)+0x25
V  [libjvm.so+0x53f79a]  jni_invoke_static(JNIEnv_*, JavaValue*, _jobject*, JNICallType, _jmethodID*, JNI_ArgumentPusher*, Thread*) [clone .isra.122] [clone .constprop.145]+0xda
V  [libjvm.so+0x53fdfa]  jni_CallStaticVoidMethod+0x12a
C  [libjli.so+0x31e1]  __strcat_chk+0x31e1

Java frames: (J=compiled Java code, j=interpreted, Vv=VM code)
j  vr.RiftJNI.getData()[D+0
j  vr.RiftJNI.main([Ljava/lang/String;)V+22
v  ~StubRoutines::call_stub

---------------  P R O C E S S  ---------------

Java Threads: ( => current thread )
  0x00007feb18114000 JavaThread "Service Thread" daemon [_thread_blocked, id=3003, stack(0x00007feb141b0000,0x00007feb142b1000)]
  0x00007feb18112000 JavaThread "C2 CompilerThread1" daemon [_thread_blocked, id=3002, stack(0x00007feb142b1000,0x00007feb143b2000)]
  0x00007feb1810f000 JavaThread "C2 CompilerThread0" daemon [_thread_blocked, id=3001, stack(0x00007feb06639000,0x00007feb0673a000)]
  0x00007feb1810c800 JavaThread "Signal Dispatcher" daemon [_thread_blocked, id=3000, stack(0x00007feb0673a000,0x00007feb0683b000)]
  0x00007feb180b6800 JavaThread "Finalizer" daemon [_thread_blocked, id=2999, stack(0x00007feb143b2000,0x00007feb144b3000)]
  0x00007feb180b4000 JavaThread "Reference Handler" daemon [_thread_blocked, id=2998, stack(0x00007feb144b3000,0x00007feb145b4000)]
=>0x00007feb18009800 JavaThread "main" [_thread_in_vm, id=2990, stack(0x00007feb20ef9000,0x00007feb20ffa000)]

Other Threads:
  0x00007feb180ac000 VMThread [stack: 0x00007feb145b4000,0x00007feb146b5000] [id=2997]
  0x00007feb1811e800 WatcherThread [stack: 0x00007feb140af000,0x00007feb141b0000] [id=3004]

VM state:not at safepoint (normal execution)

VM Mutex/Monitor currently owned by a thread: None

Heap
 PSYoungGen      total 37248K, used 638K [0x00000007d66b0000, 0x00000007d9040000, 0x0000000800000000)
  eden space 31936K, 2% used [0x00000007d66b0000,0x00000007d674fb50,0x00000007d85e0000)
  from space 5312K, 0% used [0x00000007d8b10000,0x00000007d8b10000,0x00000007d9040000)
  to   space 5312K, 0% used [0x00000007d85e0000,0x00000007d85e0000,0x00000007d8b10000)
 ParOldGen       total 85184K, used 0K [0x0000000783400000, 0x0000000788730000, 0x00000007d66b0000)
  object space 85184K, 0% used [0x0000000783400000,0x0000000783400000,0x0000000788730000)
 PSPermGen       total 21248K, used 2747K [0x0000000778e00000, 0x000000077a2c0000, 0x0000000783400000)
  object space 21248K, 12% used [0x0000000778e00000,0x00000007790aee28,0x000000077a2c0000)

Card table byte_map: [0x00007feb1d814000,0x00007feb1dc4e000] byte_map_base: 0x00007feb19c4d000

Polling page: 0x00007feb20ef8000

Code Cache  [0x00007feb15000000, 0x00007feb15270000, 0x00007feb18000000)
 total_blobs=162 nmethods=0 adapters=130 free_code_cache=48776Kb largest_free_block=49946880

Compilation events (0 events):
No events

GC Heap History (0 events):
No events

Deoptimization events (0 events):
No events

Internal exceptions (5 events):
Event: 0.039 Thread 0x00007feb18009800 Threw 0x00000007d66b6140 at /build/buildd/openjdk-7-7u21-2.3.9/build/openjdk/hotspot/src/share/vm/prims/jni.cpp:3994
Event: 0.093 Thread 0x00007feb18009800 Threw 0x00000007d6702f40 at /build/buildd/openjdk-7-7u21-2.3.9/build/openjdk/hotspot/src/share/vm/prims/jni.cpp:716
Event: 0.093 Thread 0x00007feb18009800 Threw 0x00000007d67030d8 at /build/buildd/openjdk-7-7u21-2.3.9/build/openjdk/hotspot/src/share/vm/prims/jvm.cpp:1166
Event: 0.093 Thread 0x00007feb18009800 Threw 0x00000007d6703200 at /build/buildd/openjdk-7-7u21-2.3.9/build/openjdk/hotspot/src/share/vm/prims/jvm.cpp:1166
Event: 0.095 Thread 0x00007feb18009800 Threw 0x00000007d670aad8 at /build/buildd/openjdk-7-7u21-2.3.9/build/openjdk/hotspot/src/share/vm/prims/jvm.cpp:1166

Events (10 events):
Event: 0.098 loading class 0x00007feb181798a0
Event: 0.099 loading class 0x00007feb181798a0 done
Event: 0.099 loading class 0x00007feb180ae4d0
Event: 0.099 loading class 0x00007feb180ae4d0 done
Event: 0.099 loading class 0x00007feb18030c40
Event: 0.099 loading class 0x00007feb18030c40 done
Event: 0.099 loading class 0x00007feb18062a70
Event: 0.099 loading class 0x00007feb18062a70 done
Event: 0.100 loading class 0x00007feb18063600
Event: 0.100 loading class 0x00007feb18063600 done


Dynamic libraries:
00400000-00401000 r-xp 00000000 08:06 3155978                            /usr/lib/jvm/java-7-openjdk-amd64/jre/bin/java
00600000-00601000 r--p 00000000 08:06 3155978                            /usr/lib/jvm/java-7-openjdk-amd64/jre/bin/java
00601000-00602000 rw-p 00001000 08:06 3155978                            /usr/lib/jvm/java-7-openjdk-amd64/jre/bin/java
01178000-01199000 rw-p 00000000 00:00 0                                  [heap]
778e00000-77a2c0000 rw-p 00000000 00:00 0 
77a2c0000-783400000 rw-p 00000000 00:00 0 
783400000-788730000 rw-p 00000000 00:00 0 
788730000-7d66b0000 rw-p 00000000 00:00 0 
7d66b0000-7d9040000 rw-p 00000000 00:00 0 
7d9040000-800000000 rw-p 00000000 00:00 0 
7feacc000000-7feacc021000 rw-p 00000000 00:00 0 
7feacc021000-7fead0000000 ---p 00000000 00:00 0 
7fead0000000-7fead0021000 rw-p 00000000 00:00 0 
7fead0021000-7fead4000000 ---p 00000000 00:00 0 
7fead4000000-7fead4021000 rw-p 00000000 00:00 0 
7fead4021000-7fead8000000 ---p 00000000 00:00 0 
7fead8000000-7fead8021000 rw-p 00000000 00:00 0 
7fead8021000-7feadc000000 ---p 00000000 00:00 0 
7feadc000000-7feadc021000 rw-p 00000000 00:00 0 
7feadc021000-7feae0000000 ---p 00000000 00:00 0 
7feae0000000-7feae0021000 rw-p 00000000 00:00 0 
7feae0021000-7feae4000000 ---p 00000000 00:00 0 
7feae4000000-7feae4021000 rw-p 00000000 00:00 0 
7feae4021000-7feae8000000 ---p 00000000 00:00 0 
7feae8000000-7feae8021000 rw-p 00000000 00:00 0 
7feae8021000-7feaec000000 ---p 00000000 00:00 0 
7feaec000000-7feaec021000 rw-p 00000000 00:00 0 
7feaec021000-7feaf0000000 ---p 00000000 00:00 0 
7feaf3c70000-7feaf8000000 rw-p 00000000 00:00 0 
7feaf8000000-7feaf8021000 rw-p 00000000 00:00 0 
7feaf8021000-7feafc000000 ---p 00000000 00:00 0 
7feafc000000-7feafc021000 rw-p 00000000 00:00 0 
7feafc021000-7feb00000000 ---p 00000000 00:00 0 
7feb00000000-7feb00021000 rw-p 00000000 00:00 0 
7feb00021000-7feb04000000 ---p 00000000 00:00 0 
7feb05a1e000-7feb05c29000 rw-p 00000000 00:00 0 
7feb05c29000-7feb05c2a000 ---p 00000000 00:00 0 
7feb05c2a000-7feb0642a000 rw-p 00000000 00:00 0                          [stack:3005]
7feb0642a000-7feb06437000 r-xp 00000000 00:15 2888809                    /home/david/Documents/workspace/Fungine/librift.so
7feb06437000-7feb06637000 ---p 0000d000 00:15 2888809                    /home/david/Documents/workspace/Fungine/librift.so
7feb06637000-7feb06638000 r--p 0000d000 00:15 2888809                    /home/david/Documents/workspace/Fungine/librift.so
7feb06638000-7feb06639000 rw-p 0000e000 00:15 2888809                    /home/david/Documents/workspace/Fungine/librift.so
7feb06639000-7feb0663c000 ---p 00000000 00:00 0 
7feb0663c000-7feb0673a000 rw-p 00000000 00:00 0                          [stack:3001]
7feb0673a000-7feb0673d000 ---p 00000000 00:00 0 
7feb0673d000-7feb0683b000 rw-p 00000000 00:00 0                          [stack:3000]
7feb0683b000-7feb06f1c000 r--p 00000000 08:06 3152289                    /usr/lib/locale/locale-archive
7feb06f1c000-7feb08000000 rw-p 00000000 00:00 0 
7feb08000000-7feb08021000 rw-p 00000000 00:00 0 
7feb08021000-7feb0c000000 ---p 00000000 00:00 0 
7feb0c000000-7feb0c021000 rw-p 00000000 00:00 0 
7feb0c021000-7feb10000000 ---p 00000000 00:00 0 
7feb10000000-7feb10021000 rw-p 00000000 00:00 0 
7feb10021000-7feb14000000 ---p 00000000 00:00 0 
7feb140af000-7feb140b0000 ---p 00000000 00:00 0 
7feb140b0000-7feb141b0000 rw-p 00000000 00:00 0                          [stack:3004]
7feb141b0000-7feb141b3000 ---p 00000000 00:00 0 
7feb141b3000-7feb142b1000 rw-p 00000000 00:00 0                          [stack:3003]
7feb142b1000-7feb142b4000 ---p 00000000 00:00 0 
7feb142b4000-7feb143b2000 rw-p 00000000 00:00 0                          [stack:3002]
7feb143b2000-7feb143b5000 ---p 00000000 00:00 0 
7feb143b5000-7feb144b3000 rw-p 00000000 00:00 0                          [stack:2999]
7feb144b3000-7feb144b6000 ---p 00000000 00:00 0 
7feb144b6000-7feb145b4000 rw-p 00000000 00:00 0                          [stack:2998]
7feb145b4000-7feb145b5000 ---p 00000000 00:00 0 
7feb145b5000-7feb15000000 rw-p 00000000 00:00 0                          [stack:2997]
7feb15000000-7feb15270000 rwxp 00000000 00:00 0 
7feb15270000-7feb181a2000 rw-p 00000000 00:00 0 
7feb181a2000-7feb1c000000 ---p 00000000 00:00 0 
7feb1c057000-7feb1cd74000 rw-p 00000000 00:00 0 
7feb1cd74000-7feb1cf21000 r--s 01cde000 08:06 3153373                    /usr/lib/jvm/java-7-openjdk-amd64/jre/lib/rt.jar
7feb1cf21000-7feb1cf22000 ---p 00000000 00:00 0 
7feb1cf22000-7feb1d022000 rw-p 00000000 00:00 0                          [stack:2996]
7feb1d022000-7feb1d023000 ---p 00000000 00:00 0 
7feb1d023000-7feb1d123000 rw-p 00000000 00:00 0                          [stack:2995]
7feb1d123000-7feb1d124000 ---p 00000000 00:00 0 
7feb1d124000-7feb1d224000 rw-p 00000000 00:00 0                          [stack:2994]
7feb1d224000-7feb1d225000 ---p 00000000 00:00 0 
7feb1d225000-7feb1d325000 rw-p 00000000 00:00 0                          [stack:2993]
7feb1d325000-7feb1d326000 ---p 00000000 00:00 0 
7feb1d326000-7feb1d426000 rw-p 00000000 00:00 0                          [stack:2992]
7feb1d426000-7feb1d427000 ---p 00000000 00:00 0 
7feb1d427000-7feb1d532000 rw-p 00000000 00:00 0                          [stack:2991]
7feb1d532000-7feb1d57a000 rw-p 00000000 00:00 0 
7feb1d57a000-7feb1d5a4000 rw-p 00000000 00:00 0 
7feb1d5a4000-7feb1d814000 rw-p 00000000 00:00 0 
7feb1d814000-7feb1d81f000 rw-p 00000000 00:00 0 
7feb1d81f000-7feb1d867000 rw-p 00000000 00:00 0 
7feb1d867000-7feb1d891000 rw-p 00000000 00:00 0 
7feb1d891000-7feb1db00000 rw-p 00000000 00:00 0 
7feb1db00000-7feb1db16000 rw-p 00000000 00:00 0 
7feb1db16000-7feb1dc4d000 rw-p 00000000 00:00 0 
7feb1dc4d000-7feb1dc4e000 rw-p 00000000 00:00 0 
7feb1dc4e000-7feb1dc56000 r-xp 00000000 08:06 3155977                    /usr/lib/jvm/java-7-openjdk-amd64/jre/lib/amd64/libzip.so
7feb1dc56000-7feb1de55000 ---p 00008000 08:06 3155977                    /usr/lib/jvm/java-7-openjdk-amd64/jre/lib/amd64/libzip.so
7feb1de55000-7feb1de56000 r--p 00007000 08:06 3155977                    /usr/lib/jvm/java-7-openjdk-amd64/jre/lib/amd64/libzip.so
7feb1de56000-7feb1de57000 rw-p 00008000 08:06 3155977                    /usr/lib/jvm/java-7-openjdk-amd64/jre/lib/amd64/libzip.so
7feb1de57000-7feb1de63000 r-xp 00000000 08:06 5120284                    /lib/x86_64-linux-gnu/libnss_files-2.15.so
7feb1de63000-7feb1e062000 ---p 0000c000 08:06 5120284                    /lib/x86_64-linux-gnu/libnss_files-2.15.so
7feb1e062000-7feb1e063000 r--p 0000b000 08:06 5120284                    /lib/x86_64-linux-gnu/libnss_files-2.15.so
7feb1e063000-7feb1e064000 rw-p 0000c000 08:06 5120284                    /lib/x86_64-linux-gnu/libnss_files-2.15.so
7feb1e064000-7feb1e06e000 r-xp 00000000 08:06 5120276                    /lib/x86_64-linux-gnu/libnss_nis-2.15.so
7feb1e06e000-7feb1e26e000 ---p 0000a000 08:06 5120276                    /lib/x86_64-linux-gnu/libnss_nis-2.15.so
7feb1e26e000-7feb1e26f000 r--p 0000a000 08:06 5120276                    /lib/x86_64-linux-gnu/libnss_nis-2.15.so
7feb1e26f000-7feb1e270000 rw-p 0000b000 08:06 5120276                    /lib/x86_64-linux-gnu/libnss_nis-2.15.so
7feb1e270000-7feb1e287000 r-xp 00000000 08:06 5120294                    /lib/x86_64-linux-gnu/libnsl-2.15.so
7feb1e287000-7feb1e486000 ---p 00017000 08:06 5120294                    /lib/x86_64-linux-gnu/libnsl-2.15.so
7feb1e486000-7feb1e487000 r--p 00016000 08:06 5120294                    /lib/x86_64-linux-gnu/libnsl-2.15.so
7feb1e487000-7feb1e488000 rw-p 00017000 08:06 5120294                    /lib/x86_64-linux-gnu/libnsl-2.15.so
7feb1e488000-7feb1e48a000 rw-p 00000000 00:00 0 
7feb1e48a000-7feb1e492000 r-xp 00000000 08:06 5120298                    /lib/x86_64-linux-gnu/libnss_compat-2.15.so
7feb1e492000-7feb1e691000 ---p 00008000 08:06 5120298                    /lib/x86_64-linux-gnu/libnss_compat-2.15.so
7feb1e691000-7feb1e692000 r--p 00007000 08:06 5120298                    /lib/x86_64-linux-gnu/libnss_compat-2.15.so
7feb1e692000-7feb1e693000 rw-p 00008000 08:06 5120298                    /lib/x86_64-linux-gnu/libnss_compat-2.15.so
7feb1e693000-7feb1e6be000 r-xp 00000000 08:06 3155961                    /usr/lib/jvm/java-7-openjdk-amd64/jre/lib/amd64/libjava.so
7feb1e6be000-7feb1e8bd000 ---p 0002b000 08:06 3155961                    /usr/lib/jvm/java-7-openjdk-amd64/jre/lib/amd64/libjava.so
7feb1e8bd000-7feb1e8be000 r--p 0002a000 08:06 3155961                    /usr/lib/jvm/java-7-openjdk-amd64/jre/lib/amd64/libjava.so
7feb1e8be000-7feb1e8c0000 rw-p 0002b000 08:06 3155961                    /usr/lib/jvm/java-7-openjdk-amd64/jre/lib/amd64/libjava.so
7feb1e8c0000-7feb1e8cf000 r-xp 00000000 08:06 3155960                    /usr/lib/jvm/java-7-openjdk-amd64/jre/lib/amd64/libverify.so
7feb1e8cf000-7feb1eace000 ---p 0000f000 08:06 3155960                    /usr/lib/jvm/java-7-openjdk-amd64/jre/lib/amd64/libverify.so
7feb1eace000-7feb1ead0000 r--p 0000e000 08:06 3155960                    /usr/lib/jvm/java-7-openjdk-amd64/jre/lib/amd64/libverify.so
7feb1ead0000-7feb1ead1000 rw-p 00010000 08:06 3155960                    /usr/lib/jvm/java-7-openjdk-amd64/jre/lib/amd64/libverify.so
7feb1ead1000-7feb1ead8000 r-xp 00000000 08:06 5120286                    /lib/x86_64-linux-gnu/librt-2.15.so
7feb1ead8000-7feb1ecd7000 ---p 00007000 08:06 5120286                    /lib/x86_64-linux-gnu/librt-2.15.so
7feb1ecd7000-7feb1ecd8000 r--p 00006000 08:06 5120286                    /lib/x86_64-linux-gnu/librt-2.15.so
7feb1ecd8000-7feb1ecd9000 rw-p 00007000 08:06 5120286                    /lib/x86_64-linux-gnu/librt-2.15.so
7feb1ecd9000-7feb1ecee000 r-xp 00000000 08:06 5115404                    /lib/x86_64-linux-gnu/libgcc_s.so.1
7feb1ecee000-7feb1eeed000 ---p 00015000 08:06 5115404                    /lib/x86_64-linux-gnu/libgcc_s.so.1
7feb1eeed000-7feb1eeee000 r--p 00014000 08:06 5115404                    /lib/x86_64-linux-gnu/libgcc_s.so.1
7feb1eeee000-7feb1eeef000 rw-p 00015000 08:06 5115404                    /lib/x86_64-linux-gnu/libgcc_s.so.1
7feb1eeef000-7feb1efea000 r-xp 00000000 08:06 5120295                    /lib/x86_64-linux-gnu/libm-2.15.so
7feb1efea000-7feb1f1e9000 ---p 000fb000 08:06 5120295                    /lib/x86_64-linux-gnu/libm-2.15.so
7feb1f1e9000-7feb1f1ea000 r--p 000fa000 08:06 5120295                    /lib/x86_64-linux-gnu/libm-2.15.so
7feb1f1ea000-7feb1f1eb000 rw-p 000fb000 08:06 5120295                    /lib/x86_64-linux-gnu/libm-2.15.so
7feb1f1eb000-7feb1f2d0000 r-xp 00000000 08:06 3153881                    /usr/lib/x86_64-linux-gnu/libstdc++.so.6.0.17
7feb1f2d0000-7feb1f4cf000 ---p 000e5000 08:06 3153881                    /usr/lib/x86_64-linux-gnu/libstdc++.so.6.0.17
7feb1f4cf000-7feb1f4d7000 r--p 000e4000 08:06 3153881                    /usr/lib/x86_64-linux-gnu/libstdc++.so.6.0.17
7feb1f4d7000-7feb1f4d9000 rw-p 000ec000 08:06 3153881                    /usr/lib/x86_64-linux-gnu/libstdc++.so.6.0.17
7feb1f4d9000-7feb1f4ee000 rw-p 00000000 00:00 0 
7feb1f4ee000-7feb1fee9000 r-xp 00000000 08:06 3155965                    /usr/lib/jvm/java-7-openjdk-amd64/jre/lib/amd64/server/libjvm.so
7feb1fee9000-7feb200e8000 ---p 009fb000 08:06 3155965                    /usr/lib/jvm/java-7-openjdk-amd64/jre/lib/amd64/server/libjvm.so
7feb200e8000-7feb20167000 r--p 009fa000 08:06 3155965                    /usr/lib/jvm/java-7-openjdk-amd64/jre/lib/amd64/server/libjvm.so
7feb20167000-7feb2018a000 rw-p 00a79000 08:06 3155965                    /usr/lib/jvm/java-7-openjdk-amd64/jre/lib/amd64/server/libjvm.so
7feb2018a000-7feb201b5000 rw-p 00000000 00:00 0 
7feb201b5000-7feb201cb000 r-xp 00000000 08:06 5115513                    /lib/x86_64-linux-gnu/libz.so.1.2.7
7feb201cb000-7feb203ca000 ---p 00016000 08:06 5115513                    /lib/x86_64-linux-gnu/libz.so.1.2.7
7feb203ca000-7feb203cb000 r--p 00015000 08:06 5115513                    /lib/x86_64-linux-gnu/libz.so.1.2.7
7feb203cb000-7feb203cc000 rw-p 00016000 08:06 5115513                    /lib/x86_64-linux-gnu/libz.so.1.2.7
7feb203cc000-7feb203e4000 r-xp 00000000 08:06 5120282                    /lib/x86_64-linux-gnu/libpthread-2.15.so
7feb203e4000-7feb205e3000 ---p 00018000 08:06 5120282                    /lib/x86_64-linux-gnu/libpthread-2.15.so
7feb205e3000-7feb205e4000 r--p 00017000 08:06 5120282                    /lib/x86_64-linux-gnu/libpthread-2.15.so
7feb205e4000-7feb205e5000 rw-p 00018000 08:06 5120282                    /lib/x86_64-linux-gnu/libpthread-2.15.so
7feb205e5000-7feb205e9000 rw-p 00000000 00:00 0 
7feb205e9000-7feb205eb000 r-xp 00000000 08:06 5120297                    /lib/x86_64-linux-gnu/libdl-2.15.so
7feb205eb000-7feb207eb000 ---p 00002000 08:06 5120297                    /lib/x86_64-linux-gnu/libdl-2.15.so
7feb207eb000-7feb207ec000 r--p 00002000 08:06 5120297                    /lib/x86_64-linux-gnu/libdl-2.15.so
7feb207ec000-7feb207ed000 rw-p 00003000 08:06 5120297                    /lib/x86_64-linux-gnu/libdl-2.15.so
7feb207ed000-7feb209a2000 r-xp 00000000 08:06 5120299                    /lib/x86_64-linux-gnu/libc-2.15.so
7feb209a2000-7feb20ba1000 ---p 001b5000 08:06 5120299                    /lib/x86_64-linux-gnu/libc-2.15.so
7feb20ba1000-7feb20ba5000 r--p 001b4000 08:06 5120299                    /lib/x86_64-linux-gnu/libc-2.15.so
7feb20ba5000-7feb20ba7000 rw-p 001b8000 08:06 5120299                    /lib/x86_64-linux-gnu/libc-2.15.so
7feb20ba7000-7feb20bac000 rw-p 00000000 00:00 0 
7feb20bc1000-7feb20bc4000 rw-p 00000000 00:00 0 
7feb20bc4000-7feb20bc5000 r--s 00002000 08:06 3148175                    /usr/lib/jvm/java-7-openjdk-common/jre/lib/ext/dnsns.jar
7feb20bc5000-7feb20bc8000 r--s 0000f000 08:06 3148173                    /usr/lib/jvm/java-7-openjdk-common/jre/lib/ext/pulse-java.jar
7feb20bc8000-7feb20bcb000 r--s 0003c000 08:06 3148169                    /usr/lib/jvm/java-7-openjdk-common/jre/lib/ext/sunpkcs11.jar
7feb20bcb000-7feb20bcd000 r--s 00012000 08:06 3148177                    /usr/lib/jvm/java-7-openjdk-common/jre/lib/ext/zipfs.jar
7feb20bcd000-7feb20bd1000 r--s 00085000 08:06 3148170                    /usr/lib/jvm/java-7-openjdk-common/jre/lib/ext/localedata.jar
7feb20bd1000-7feb20bde000 r-xp 00000000 08:06 3153378                    /usr/lib/jvm/java-7-openjdk-amd64/jre/lib/amd64/jli/libjli.so
7feb20bde000-7feb20ddd000 ---p 0000d000 08:06 3153378                    /usr/lib/jvm/java-7-openjdk-amd64/jre/lib/amd64/jli/libjli.so
7feb20ddd000-7feb20dde000 r--p 0000c000 08:06 3153378                    /usr/lib/jvm/java-7-openjdk-amd64/jre/lib/amd64/jli/libjli.so
7feb20dde000-7feb20ddf000 rw-p 0000d000 08:06 3153378                    /usr/lib/jvm/java-7-openjdk-amd64/jre/lib/amd64/jli/libjli.so
7feb20ddf000-7feb20e01000 r-xp 00000000 08:06 5120287                    /lib/x86_64-linux-gnu/ld-2.15.so
7feb20e01000-7feb20e02000 rw-p 00000000 00:00 0 
7feb20e02000-7feb20e04000 r--s 00006000 08:06 3546872                    /usr/share/java/java-atk-wrapper.jar
7feb20e04000-7feb20e07000 r--s 00032000 08:06 3148171                    /usr/lib/jvm/java-7-openjdk-common/jre/lib/ext/sunjce_provider.jar
7feb20e07000-7feb20e39000 rw-p 00000000 00:00 0 
7feb20e39000-7feb20eef000 rw-p 00000000 00:00 0 
7feb20eef000-7feb20ef7000 rw-s 00000000 08:06 3016961                    /tmp/hsperfdata_david/2985
7feb20ef7000-7feb20ef8000 rw-p 00000000 00:00 0 
7feb20ef8000-7feb20ef9000 r--p 00000000 00:00 0 
7feb20ef9000-7feb20efc000 ---p 00000000 00:00 0 
7feb20efc000-7feb21001000 rw-p 00000000 00:00 0                          [stack:2990]
7feb21001000-7feb21002000 r--p 00022000 08:06 5120287                    /lib/x86_64-linux-gnu/ld-2.15.so
7feb21002000-7feb21004000 rw-p 00023000 08:06 5120287                    /lib/x86_64-linux-gnu/ld-2.15.so
7fff312df000-7fff31300000 rw-p 00000000 00:00 0                          [stack]
7fff313ff000-7fff31400000 r-xp 00000000 00:00 0                          [vdso]
ffffffffff600000-ffffffffff601000 r-xp 00000000 00:00 0                  [vsyscall]

VM Arguments:
jvm_args: -Djava.library.path=. -Dfile.encoding=UTF-8 
java_command: vr.RiftJNI
Launcher Type: SUN_STANDARD

Environment Variables:
PATH=/usr/lib/lightdm/lightdm:/usr/local/sbin:/usr/local/bin:/usr/sbin:/usr/bin:/sbin:/bin:/usr/games:/usr/local/games
SHELL=/bin/bash
DISPLAY=:0

Signal Handlers:
SIGSEGV: [libjvm.so+0x8574b0], sa_mask[0]=0x7ffbfeff, sa_flags=0x10000004
SIGBUS: [libjvm.so+0x8574b0], sa_mask[0]=0x7ffbfeff, sa_flags=0x10000004
SIGFPE: [libjvm.so+0x6f8200], sa_mask[0]=0x7ffbfeff, sa_flags=0x10000004
SIGPIPE: [libjvm.so+0x6f8200], sa_mask[0]=0x7ffbfeff, sa_flags=0x10000004
SIGXFSZ: [libjvm.so+0x6f8200], sa_mask[0]=0x7ffbfeff, sa_flags=0x10000004
SIGILL: [libjvm.so+0x6f8200], sa_mask[0]=0x7ffbfeff, sa_flags=0x10000004
SIGUSR1: SIG_DFL, sa_mask[0]=0x00000000, sa_flags=0x00000000
SIGUSR2: [libjvm.so+0x6f85d0], sa_mask[0]=0x00000004, sa_flags=0x10000004
SIGHUP: [libjvm.so+0x6f8710], sa_mask[0]=0x7ffbfeff, sa_flags=0x10000004
SIGINT: [libjvm.so+0x6f8710], sa_mask[0]=0x7ffbfeff, sa_flags=0x10000004
SIGTERM: [libjvm.so+0x6f8710], sa_mask[0]=0x7ffbfeff, sa_flags=0x10000004
SIGQUIT: [libjvm.so+0x6f8710], sa_mask[0]=0x7ffbfeff, sa_flags=0x10000004


---------------  S Y S T E M  ---------------

OS:Ubuntu 12.10 (quantal)
uname:Linux 3.5.0-28-generic #48-Ubuntu SMP Tue Apr 23 23:03:38 UTC 2013 x86_64
libc:glibc 2.15 NPTL 2.15 
rlimit: STACK 8192k, CORE 0k, NPROC 63158, NOFILE 4096, AS infinity
load average:1.83 1.81 1.90

/proc/meminfo:
MemTotal:        8175080 kB
MemFree:          202488 kB
Buffers:          620356 kB
Cached:          3039668 kB
SwapCached:         2544 kB
Active:          4474468 kB
Inactive:        2465192 kB
Active(anon):    2551024 kB
Inactive(anon):   762980 kB
Active(file):    1923444 kB
Inactive(file):  1702212 kB
Unevictable:       31392 kB
Mlocked:           31392 kB
SwapTotal:       8381436 kB
SwapFree:        8363224 kB
Dirty:              4488 kB
Writeback:             0 kB
AnonPages:       3309100 kB
Mapped:           472148 kB
Shmem:             28532 kB
Slab:             490912 kB
SReclaimable:     382220 kB
SUnreclaim:       108692 kB
KernelStack:        6024 kB
PageTables:        63652 kB
NFS_Unstable:          0 kB
Bounce:                0 kB
WritebackTmp:          0 kB
CommitLimit:    12468976 kB
Committed_AS:    8710900 kB
VmallocTotal:   34359738367 kB
VmallocUsed:      316540 kB
VmallocChunk:   34359415500 kB
HardwareCorrupted:     0 kB
AnonHugePages:         0 kB
HugePages_Total:       0
HugePages_Free:        0
HugePages_Rsvd:        0
HugePages_Surp:        0
Hugepagesize:       2048 kB
DirectMap4k:     1215424 kB
DirectMap2M:     7170048 kB
DirectMap1G:           0 kB


CPU:total 6 (6 cores per cpu, 1 threads per core) family 16 model 10 stepping 0, cmov, cx8, fxsr, mmx, sse, sse2, sse3, popcnt, mmxext, 3dnowpref, lzcnt, sse4a, tsc, tscinvbit, tscinv

/proc/cpuinfo:
processor	: 0
vendor_id	: AuthenticAMD
cpu family	: 16
model		: 10
model name	: AMD Phenom(tm) II X6 1090T Processor
stepping	: 0
microcode	: 0x10000dc
cpu MHz		: 3200.000
cache size	: 512 KB
physical id	: 0
siblings	: 6
core id		: 0
cpu cores	: 6
apicid		: 0
initial apicid	: 0
fpu		: yes
fpu_exception	: yes
cpuid level	: 6
wp		: yes
flags		: fpu vme de pse tsc msr pae mce cx8 apic sep mtrr pge mca cmov pat pse36 clflush mmx fxsr sse sse2 ht syscall nx mmxext fxsr_opt pdpe1gb rdtscp lm 3dnowext 3dnow constant_tsc rep_good nopl nonstop_tsc extd_apicid aperfmperf pni monitor cx16 popcnt lahf_lm cmp_legacy svm extapic cr8_legacy abm sse4a misalignsse 3dnowprefetch osvw ibs skinit wdt cpb hw_pstate npt lbrv svm_lock nrip_save pausefilter
bogomips	: 6427.94
TLB size	: 1024 4K pages
clflush size	: 64
cache_alignment	: 64
address sizes	: 48 bits physical, 48 bits virtual
power management: ts ttp tm stc 100mhzsteps hwpstate cpb

processor	: 1
vendor_id	: AuthenticAMD
cpu family	: 16
model		: 10
model name	: AMD Phenom(tm) II X6 1090T Processor
stepping	: 0
microcode	: 0x10000dc
cpu MHz		: 800.000
cache size	: 512 KB
physical id	: 0
siblings	: 6
core id		: 3
cpu cores	: 6
apicid		: 1
initial apicid	: 3
fpu		: yes
fpu_exception	: yes
cpuid level	: 6
wp		: yes
flags		: fpu vme de pse tsc msr pae mce cx8 apic sep mtrr pge mca cmov pat pse36 clflush mmx fxsr sse sse2 ht syscall nx mmxext fxsr_opt pdpe1gb rdtscp lm 3dnowext 3dnow constant_tsc rep_good nopl nonstop_tsc extd_apicid aperfmperf pni monitor cx16 popcnt lahf_lm cmp_legacy svm extapic cr8_legacy abm sse4a misalignsse 3dnowprefetch osvw ibs skinit wdt cpb hw_pstate npt lbrv svm_lock nrip_save pausefilter
bogomips	: 6427.94
TLB size	: 1024 4K pages
clflush size	: 64
cache_alignment	: 64
address sizes	: 48 bits physical, 48 bits virtual
power management: ts ttp tm stc 100mhzsteps hwpstate cpb

processor	: 2
vendor_id	: AuthenticAMD
cpu family	: 16
model		: 10
model name	: AMD Phenom(tm) II X6 1090T Processor
stepping	: 0
microcode	: 0x10000dc
cpu MHz		: 800.000
cache size	: 512 KB
physical id	: 0
siblings	: 6
core id		: 4
cpu cores	: 6
apicid		: 2
initial apicid	: 4
fpu		: yes
fpu_exception	: yes
cpuid level	: 6
wp		: yes
flags		: fpu vme de pse tsc msr pae mce cx8 apic sep mtrr pge mca cmov pat pse36 clflush mmx fxsr sse sse2 ht syscall nx mmxext fxsr_opt pdpe1gb rdtscp lm 3dnowext 3dnow constant_tsc rep_good nopl nonstop_tsc extd_apicid aperfmperf pni monitor cx16 popcnt lahf_lm cmp_legacy svm extapic cr8_legacy abm sse4a misalignsse 3dnowprefetch osvw ibs skinit wdt cpb hw_pstate npt lbrv svm_lock nrip_save pausefilter
bogomips	: 6427.94
TLB size	: 1024 4K pages
clflush size	: 64
cache_alignment	: 64
address sizes	: 48 bits physical, 48 bits virtual
power management: ts ttp tm stc 100mhzsteps hwpstate cpb

processor	: 3
vendor_id	: AuthenticAMD
cpu family	: 16
model		: 10
model name	: AMD Phenom(tm) II X6 1090T Processor
stepping	: 0
microcode	: 0x10000dc
cpu MHz		: 800.000
cache size	: 512 KB
physical id	: 0
siblings	: 6
core id		: 5
cpu cores	: 6
apicid		: 3
initial apicid	: 5
fpu		: yes
fpu_exception	: yes
cpuid level	: 6
wp		: yes
flags		: fpu vme de pse tsc msr pae mce cx8 apic sep mtrr pge mca cmov pat pse36 clflush mmx fxsr sse sse2 ht syscall nx mmxext fxsr_opt pdpe1gb rdtscp lm 3dnowext 3dnow constant_tsc rep_good nopl nonstop_tsc extd_apicid aperfmperf pni monitor cx16 popcnt lahf_lm cmp_legacy svm extapic cr8_legacy abm sse4a misalignsse 3dnowprefetch osvw ibs skinit wdt cpb hw_pstate npt lbrv svm_lock nrip_save pausefilter
bogomips	: 6427.94
TLB size	: 1024 4K pages
clflush size	: 64
cache_alignment	: 64
address sizes	: 48 bits physical, 48 bits virtual
power management: ts ttp tm stc 100mhzsteps hwpstate cpb

processor	: 4
vendor_id	: AuthenticAMD
cpu family	: 16
model		: 10
model name	: AMD Phenom(tm) II X6 1090T Processor
stepping	: 0
microcode	: 0x10000dc
cpu MHz		: 800.000
cache size	: 512 KB
physical id	: 0
siblings	: 6
core id		: 1
cpu cores	: 6
apicid		: 4
initial apicid	: 1
fpu		: yes
fpu_exception	: yes
cpuid level	: 6
wp		: yes
flags		: fpu vme de pse tsc msr pae mce cx8 apic sep mtrr pge mca cmov pat pse36 clflush mmx fxsr sse sse2 ht syscall nx mmxext fxsr_opt pdpe1gb rdtscp lm 3dnowext 3dnow constant_tsc rep_good nopl nonstop_tsc extd_apicid aperfmperf pni monitor cx16 popcnt lahf_lm cmp_legacy svm extapic cr8_legacy abm sse4a misalignsse 3dnowprefetch osvw ibs skinit wdt cpb hw_pstate npt lbrv svm_lock nrip_save pausefilter
bogomips	: 6427.94
TLB size	: 1024 4K pages
clflush size	: 64
cache_alignment	: 64
address sizes	: 48 bits physical, 48 bits virtual
power management: ts ttp tm stc 100mhzsteps hwpstate cpb

processor	: 5
vendor_id	: AuthenticAMD
cpu family	: 16
model		: 10
model name	: AMD Phenom(tm) II X6 1090T Processor
stepping	: 0
microcode	: 0x10000dc
cpu MHz		: 800.000
cache size	: 512 KB
physical id	: 0
siblings	: 6
core id		: 2
cpu cores	: 6
apicid		: 5
initial apicid	: 2
fpu		: yes
fpu_exception	: yes
cpuid level	: 6
wp		: yes
flags		: fpu vme de pse tsc msr pae mce cx8 apic sep mtrr pge mca cmov pat pse36 clflush mmx fxsr sse sse2 ht syscall nx mmxext fxsr_opt pdpe1gb rdtscp lm 3dnowext 3dnow constant_tsc rep_good nopl nonstop_tsc extd_apicid aperfmperf pni monitor cx16 popcnt lahf_lm cmp_legacy svm extapic cr8_legacy abm sse4a misalignsse 3dnowprefetch osvw ibs skinit wdt cpb hw_pstate npt lbrv svm_lock nrip_save pausefilter
bogomips	: 6427.94
TLB size	: 1024 4K pages
clflush size	: 64
cache_alignment	: 64
address sizes	: 48 bits physical, 48 bits virtual
power management: ts ttp tm stc 100mhzsteps hwpstate cpb



Memory: 4k page, physical 8175080k(202488k free), swap 8381436k(8363224k free)

vm_info: OpenJDK 64-Bit Server VM (23.7-b01) for linux-amd64 JRE (1.7.0_21-b02), built on Apr 22 2013 22:26:19 by "buildd" with gcc 4.7.2

time: Thu May 16 03:24:16 2013
elapsed time: 1 seconds

