#
# A fatal error has been detected by the Java Runtime Environment:
#
#  SIGSEGV (0xb) at pc=0x00007fdce63df89a, pid=11421, tid=140586427475712
#
# JRE version: 7.0_21-b02
# Java VM: OpenJDK 64-Bit Server VM (23.7-b01 mixed mode linux-amd64 compressed oops)
# Problematic frame:
# C  [libxcb.so.1+0xb89a]  xcb_wait_for_event+0x7fa
#
# Failed to write core dump. Core dumps have been disabled. To enable core dumping, try "ulimit -c unlimited" before starting Java again
#
# If you would like to submit a bug report, please include
# instructions on how to reproduce the bug and visit:
#   https://bugs.launchpad.net/ubuntu/+source/openjdk-7/
# The crash happened outside the Java Virtual Machine in native code.
# See problematic frame for where to report the bug.
#

---------------  T H R E A D  ---------------

Current thread (0x00007fdcfc666800):  JavaThread "main-Display-.x11_:0-1-EDT-1" daemon [_thread_in_native, id=11484, stack(0x00007fdcd401e000,0x00007fdcd411f000)]

siginfo:si_signo=SIGSEGV: si_errno=0, si_code=1 (SEGV_MAPERR), si_addr=0x0000000000000000

Registers:
RAX=0x0000000000000000, RBX=0x00007fdcfc64e4c0, RCX=0x000000000000024a, RDX=0x00007fdcfc64e4c0
RSP=0x00007fdcd411d450, RBP=0x0000000000000000, RSI=0x0000000000000000, RDI=0x0000000000000000
R8 =0x0000000000000000, R9 =0x0000000000000000, R10=0x00007fdcf839ff64, R11=0x00007fdd013f56e0
R12=0x0000000000000002, R13=0x00000000b6ad8c58, R14=0x00007fdcd411d910, R15=0x00007fdcfc666800
RIP=0x00007fdce63df89a, EFLAGS=0x0000000000010206, CSGSFS=0x0000000000000033, ERR=0x0000000000000004
  TRAPNO=0x000000000000000e

Top of Stack: (sp=0x00007fdcd411d450)
0x00007fdcd411d450:   0000000000000000 00007fdcfc64e4c0
0x00007fdcd411d460:   00007fdcfc64e630 0000000000000002
0x00007fdcd411d470:   00000000b6ad8c58 00007fdcec1ab9e8
0x00007fdcd411d480:   00007fdc4c7cfbc0 00007fdcfc64e630
0x00007fdcd411d490:   00007fdcfc64e630 00007fdcec1abab1
0x00007fdcd411d4a0:   0000000000000000 0000000000000002
0x00007fdcd411d4b0:   00000000b6ad8c58 00007fdcfc64e630
0x00007fdcd411d4c0:   0000000000000000 00007fdcec1ac01d
0x00007fdcd411d4d0:   00007fdcfc64e630 00007fdcec19d60b
0x00007fdcd411d4e0:   00000000b6ad8c58 00007fdcd411d830
0x00007fdcd411d4f0:   0000000000000000 00007fdc480aa0fe
0x00007fdcd411d500:   00007fdc0000028a 000007fd00000000
0x00007fdcd411d510:   00007fdc00000000 0000000031200cc0
0x00007fdcd411d520:   00007fdcd411d5b0 000000000000012d
0x00007fdcd411d530:   000000000000024a 00007fdcfc64e630
0x00007fdcd411d540:   00007fdcd411d910 00007fdcfc6669d8
0x00007fdcd411d550:   0000000000000000 0000000000000070
0x00007fdcd411d560:   0000000000000050 00007fdcfc64e630
0x00007fdcd411d570:   000000000000012d 0000000000000000
0x00007fdcd411d580:   0000000200000000 0000000000000001
0x00007fdcd411d590:   0000000000000064 00007fdc00000000
0x00007fdcd411d5a0:   00007fdcb4540070 000000000000012d
0x00007fdcd411d5b0:   0000000000000bad 0000000000000bad
0x00007fdcd411d5c0:   00007fdcfc666800 00007fdcfc5a9d00
0x00007fdcd411d5d0:   00007fdcb454d798 00000000f0fb8d88
0x00007fdcd411d5e0:   00007fdcb454d798 00007fdcfc666800
0x00007fdcd411d5f0:   00007fdcb454d798 00007fdcd411d640
0x00007fdcd411d600:   00007fdcfc666800 00007fdcb454d798
0x00007fdcd411d610:   00007fdcd411d6a0 00007fdcfc5aa128
0x00007fdcd411d620:   0000000000000000 00007fdd01b5d104
0x00007fdcd411d630:   00007fdcb454d798 00007fdd01921860
0x00007fdcd411d640:   00007fdc90001940 00007fdd01921860 

Instructions: (pc=0x00007fdce63df89a)
0x00007fdce63df87a:   ff ff 0f 1f 40 00 48 89 5c 24 e0 48 89 6c 