#
# A fatal error has been detected by the Java Runtime Environment:
#
#  SIGSEGV (0xb) at pc=0x00007f6be813e912, pid=3014, tid=140101439690496
#
# JRE version: 7.0_21-b02
# Java VM: OpenJDK 64-Bit Server VM (23.7-b01 mixed mode linux-amd64 compressed oops)
# Problematic frame:
# C  [libc.so.6+0x91912]  memccpy+0x162
#
# Failed to write core dump. Core dumps have been disabled. To enable core dumping, try "ulimit -c unlimited" before starting Java again
#
# If you would like to submit a bug report, please include
# instructions on how to reproduce the bug and visit:
#   https://bugs.launchpad.net/ubuntu/+source/openjdk-7/
#

---------------  T H R E A D  ---------------

Current thread (0x00007f6be0009800):  JavaThread "main" [_thread_in_vm, id=3020, stack(0x00007f6be87b9000,0x00007f6be88ba000)]

siginfo:si_signo=SIGSEGV: si_errno=0, si_code=1 (SEGV_MAPERR), si_addr=0x00000000000000e8

Registers:
RAX=0x00000007d67109b0, RBX=0x00007f6be0009800, RCX=0x0000000000000000, RDX=0x0000000000000020
RSP=0x00007f6be88b8888, RBP=0x00007f6be88b88f0, RSI=0x00000000000000e8, RDI=0x00000007d67109b0
R8 =0x00000000000000e8, R9 =0x00000000ffffffff, R10=0x00007f6bdd011f64, R11=0x00007f6be752f6e0
R12=0x0000000000000020, R13=0x0000000000000000, R14=0x00000000000000e8, R15=0x00007f6be00ad6b0
RIP=0x00007f6be813e912, EFLAGS=0x0000000000010246, CSGSFS=0x0000000000000033, ERR=0x0000000000000004
  TRAPNO=0x000000000000000e

Top of Stack: (sp=0x00007f6be88b8888)
0x00007f6be88b8888:   00007f6be72eb837 00007f6be0009800
0x00007f6be88b8898:   00007f6be0009800 00007f6be0009800
0x00007f6be88b88a8:   0000000000000000 00007f6be0006e50
0x00007f6be88b88b8:   00007f6be0009800 00007f6be88b8900
0x00007f6be88b88c8:   00000007790ad3b0 0000000000000000
0x00007f6be88b88d8:   00000007790ad3b0 00007f6be88b8978
0x00007f6be88b88e8:   00007f6be0009800 00007f6be88b8910
0x00007f6be88b88f8:   00007f6bc5e2696c 00007f6be88b8970
0x00007f6be88b8908:   00007f6be00099d8 00007f6be88b8960
0x00007f6be88b8918:   00007f6bdd011f90 00007f6be88b8920
0x00007f6be88b8928:   00000007790ad3b0 00007f6be88b8978
0x00007f6be88b8938:   00000007790ad8c0 0000000000000000
0x00007f6be88b8948:   00000007790ad3b0 0000000000000000
0x00007f6be88b8958:   00007f6be88b8980 00007f6be88b89e0
0x00007f6be88b8968:   00007f6bdd006333 00000007d670f090
0x00007f6be88b8978:   00007f6bdd00eddb 0000000000000000
0x00007f6be88b8988:   00000007d6710b90 00000007d6710b90
0x00007f6be88b8998:   00000007d670f090 00007f6be88b89a0
0x00007f6be88b89a8:   00000007790ad5a4 00007f6be88b89f8
0x00007f6be88b89b8:   00000007790ad8c0 0000000000000000
0x00007f6be88b89c8:   00000007790ad5f0 00007f6be88b8980
0x00007f6be88b89d8:   00007f6be88b89f8 00007f6be88b8a60
0x00007f6be88b89e8:   00007f6bdd0004f7 0000000000000001
0x00007f6be88b89f8:   00000007d6710938 00007f6b00001fa0
0x00007f6be88b8a08:   0000000000000000 00007f6be88b8cb0
0x00007f6be88b8a18:   00007f6be88b8bd0 00007f6be0009800
0x00007f6be88b8a28:   00007f6be000a400 00007f6be88b8ac0
0x00007f6be88b8a38:   00007f6be88b8cb8 00007f6b0000000a
0x00007f6be88b8a48:   00000007790ad5f0 00007f6bdd0103a0
0x00007f6be88b8a58:   00007f6be88b8bd8 00007f6be88b8b30
0x00007f6be88b8a68:   00007f6be72d7c7c 00007f6b00000001
0x00007f6be88b8a78:   00007f6be0009800 00007f6bdd0103a0 

Instructions: (pc=0x00007f6be813e912)
0x00007f6be813e8f2:   66 66 66 66 66 2e 0f 1f 84 00 00 00 00 00 48 81
0x00007f6be813e902:   fa 00 04 00 00 77 77 89 d1 c1 e9 05 74 60 ff c9
0x00007f6be813e912:   48 8b 06 4c 8b 46 08 4c 8b 4e 10 4c 8b 56 18 48
0x00007f6be813e922:   89 07 4c 89 47 08 4c 89 4f 10 4c 89 57 18 48 8d 

Register to memory mapping:

RAX=0x00000007d67109b0 is an unknown value
RBX=0x00007f6be0009800 is a thread
RCX=0x0000000000000000 is an unknown value
RDX=0x0000000000000020 is an unknown value
RSP=0x00007f6be88b8888 is pointing into the stack for thread: 0x00007f6be0009800
RBP=0x00007f6be88b88f0 is pointing into the stack for thread: 0x00007f6be0009800
RSI=0x00000000000000e8 is an unknown value
RDI=0x00000007d67109b0 is an unknown value
R8 =0x00000000000000e8 is an unknown value
R9 =0x00000000ffffffff is an unknown value
R10=0x00007f6bdd011f64 is an Interpreter codelet
method entry point (kind = native)  [0x00007f6bdd011d00, 0x00007f6bdd012540]  2112 bytes
R11=0x00007f6be752f6e0: <offset 0x7816e0> in /usr/lib/jvm/java-7-openjdk-amd64/jre/lib/amd64/server/libjvm.so at 0x00007f6be6dae000
R12=0x0000000000000020 is an unknown value
R13=0x0000000000000000 is an unknown value
R14=0x00000000000000e8 is an unknown value
R15=0x00007f6be00ad6b0 is an unknown value


Stack: [0x00007f6be87b9000,0x00007f6be88ba000],  sp=0x00007f6be88b8888,  free space=1022k
Native frames: (J=compiled Java code, j=interpreted, Vv=VM code, C=native code)
C  [libc.so.6+0x91912]  memccpy+0x162
C  [librift.so+0x296c]  Java_vr_RiftJNI_getData+0x4c
j  vr.RiftJNI.getData()[D+0
j  vr.RiftJNI.main([Ljava/lang/String;)V+28
v  ~StubRoutines::call_stub
V  [libjvm.so+0x529c7c]  JavaCalls::call_helper(JavaValue*, methodHandle*, JavaCallArguments*, Thread*)+0x32c
V  [libjvm.so+0x529725]  JavaCalls::call(JavaValue*, methodHandle, JavaCallArguments*, Thread*)+0x25
V  [libjvm.so+0x53f79a]  jni_invoke_static(JNIEnv_*, JavaValue*, _jobject*, JNICallType, _jmethodID*, JNI_ArgumentPusher*, Thread*) [clone .isra.122] [clone .constprop.145]+0xda
V  [libjvm.so+0x53fdfa]  jni_CallStaticVoidMethod+0x12a
C  [libjli.so+0x31e1]  __strcat_chk+0x31e1

Java frames: (J=compiled Java code, j=interpreted, Vv=VM code)
j  vr.RiftJNI.getData()[D+0
j  vr.RiftJNI.main([Ljava/lang/String;)V+28
v  ~StubRoutines::call_stub

---------------  P R O C E S S  ---------------

Java Threads: ( => current thread )
  0x00007f6be0114000 JavaThread "Service Thread" daemon [_thread_blocked, id=3033, stack(0x00007f6bc6134000,0x00007f6bc6235000)]
  0x00007f6be0112000 JavaThread "C2 CompilerThread1" daemon [_thread_blocked, id=3032, stack(0x00007f6bc6235000,0x00007f6bc6336000)]
  0x00007f6be010f000 JavaThread "C2 CompilerThread0" daemon [_thread_blocked, id=3031, stack(0x00007f6bc6336000,0x00007f6bc6437000)]
  0x00007f6be010c800 JavaThread "Signal Dispatcher" daemon [_thread_blocked, id=3030, stack(0x00007f6bc6437000,0x00007f6bc6538000)]
  0x00007f6be00b6800 JavaThread "Finalizer" daemon [_thread_blocked, id=3029, stack(0x00007f6bc6c19000,0x00007f6bc6d1a000)]
  0x00007f6be00b4000 JavaThread "Reference Handler" daemon [_thread_blocked, id=3028, stack(0x00007f6bbbb6f000,0x00007f6bbbc70000)]
=>0x00007f6be0009800 JavaThread "main" [_thread_in_vm, id=3020, stack(0x00007f6be87b9000,0x00007f6be88ba000)]

Other Threads:
  0x00007f6be00ac000 VMThread [stack: 0x00007f6bc6d1a000,0x00007f6bc6e1b000] [id=3027]
  0x00007f6be011f000 WatcherThread [stack: 0x00007f6bc6033000,0x00007f6bc6134000] [id=3034]

VM state:not at safepoint (normal execution)

VM Mutex/Monitor currently owned by a thread: None

Heap
 PSYoungGen      total 37248K, used 638K [0x00000007d66b0000, 0x00000007d9040000, 0x0000000800000000)
  eden space 31936K, 2% used [0x00000007d66b0000,0x00000007d674fb50,0x00000007d85e0000)
  from space 5312K, 0% used [0x00000007d8b10000,0x00000007d8b10000,0x00000007d9040000)
  to   space 5312K, 0% used [0x00000007d85e0000,0x00000007d85e0000,0x00000007d8b10000)
 ParOldGen       total 85184K, used 0K [0x0000000783400000, 0x0000000788730000, 0x00000007d66b0000)
  object space 85184K, 0% used [0x0000000783400000,0x0000000783400000,0x0000000788730000)
 PSPermGen       total 21248K, used 2747K [0x0000000778e00000, 0x000000077a2c0000, 0x0000000783400000)
  object space 21248K, 12% used [0x0000000778e00000,0x00000007790aee30,0x000000077a2c0000)

Card table byte_map: [0x00007f6be50d4000,0x00007f6be550e000] byte_map_base: 0x00007f6be150d000

Polling page: 0x00007f6be87b8000

Code Cache  [0x00007f6bdd000000, 0x00007f6bdd270000, 0x00007f6be0000000)
 total_blobs=162 nmethods=0 adapters=130 free_code_cache=48776Kb largest_free_block=49946880

Compilation events (0 events):
No events

GC Heap History (0 events):
No events

Deoptimization events (0 events):
No events

Internal exceptions (5 events):
Event: 0.034 Thread 0x00007f6be0009800 Threw 0x00000007d66b6140 at /build/buildd/openjdk-7-7u21-2.3.9/build/openjdk/hotspot/src/share/vm/prims/jni.cpp:3994
Event: 0.075 Thread 0x00007f6be0009800 Threw 0x00000007d6702f40 at /build/buildd/openjdk-7-7u21-2.3.9/build/openjdk/hotspot/src/share/vm/prims/jni.cpp:716
Event: 0.076 Thread 0x00007f6be0009800 Threw 0x00000007d67030d8 at /build/buildd/openjdk-7-7u21-2.3.9/build/openjdk/hotspot/src/share/vm/prims/jvm.cpp:1166
Event: 0.076 Thread 0x00007f6be0009800 Threw 0x00000007d6703200 at /build/buildd/openjdk-7-7u21-2.3.9/build/openjdk/hotspot/src/share/vm/prims/jvm.cpp:1166
Event: 0.077 Thread 0x00007f6be0009800 Threw 0x00000007d670aad8 at /build/buildd/openjdk-7-7u21-2.3.9/build/openjdk/hotspot/src/share/vm/prims/jvm.cpp:1166

Events (10 events):
Event: 0.080 loading class 0x00007f6be0179c90
Event: 0.080 loading class 0x00007f6be0179c90 done
Event: 0.080 loading class 0x00007f6be00ae4d0
Event: 0.081 loading class 0x00007f6be00ae4d0 done
Event: 0.081 loading class 0x00007f6be0030c40
Event: 0.081 loading class 0x00007f6be0030c40 done
Event: 0.081 loading class 0x00007f6be0062a70
Event: 0.081 loading class 0x00007f6be0062a70 done
Event: 0.081 loading class 0x00007f6be0063600
Event: 0.081 loading class 0x00007f6be0063600 done


Dynamic libraries:
00400000-00401000 r-xp 00000000 08:06 3155978                            /usr/lib/jvm/java-7-openjdk-amd64/jre/bin/java
00600000-00601000 r--p 00000000 08:06 3155978                            /usr/lib/jvm/java-7-openjdk-amd64/jre/bin/java
00601000-00602000 rw-p 00001000 08:06 3155978                            /usr/lib/jvm/java-7-openjdk-amd64/jre/bin/java
0170d000-0172e000 rw-p 00000000 00:00 0                                  [heap]
778e00000-77a2c0000 rw-p 00000000 00:00 0 
77a2c0000-783400000 rw-p 00000000 00:00 0 
783400000-788730000 rw-p 00000000 00:00 0 
788730000-7d66b0000 rw-p 00000000 00:00 0 
7d66b0000-7d9040000 rw-p 00000000 00:00 0 
7d9040000-800000000 rw-p 00000000 00:00 0 
7f6b94000000-7f6b94021000 rw-p 00000000 00:00 0 
7f6b94021000-7f6b98000000 ---p 00000000 00:00 0 
7f6b98000000-7f6b98021000 rw-p 00000000 00:00 0 
7f6b98021000-7f6b9c000000 ---p 00000000 00:00 0 
7f6b9c000000-7f6b9c021000 rw-p 00000000 00:00 0 
7f6b9c021000-7f6ba0000000 ---p 00000000 00:00 0 
7f6ba0000000-7f6ba0021000 rw-p 00000000 00:00 0 
7f6ba0021000-7f6ba4000000 ---p 00000000 00:00 0 
7f6ba4000000-7f6ba4021000 rw-p 00000000 00:00 0 
7f6ba4021000-7f6ba8000000 ---p 00000000 00:00 0 
7f6ba8000000-7f6ba8021000 rw-p 00000000 00:00 0 
7f6ba8021000-7f6bac000000 ---p 00000000 00:00 0 
7f6bac000000-7f6bac021000 rw-p 00000000 00:00 0 
7f6bac021000-7f6bb0000000 ---p 00000000 00:00 0 
7f6bb0000000-7f6bb0021000 rw-p 00000000 00:00 0 
7f6bb0021000-7f6bb4000000 ---p 00000000 00:00 0 
7f6bb4000000-7f6bb4021000 rw-p 00000000 00:00 0 
7f6bb4021000-7f6bb8000000 ---p 00000000 00:00 0 
7f6bbbb6f000-7f6bbbb72000 ---p 00000000 00:00 0 
7f6bbbb72000-7f6bc0000000 rw-p 00000000 00:00 0                          [stack:3028]
7f6bc0000000-7f6bc0021000 rw-p 00000000 00:00 0 
7f6bc0021000-7f6bc4000000 ---p 00000000 00:00 0 
7f6bc5418000-7f6bc5623000 rw-p 00000000 00:00 0 
7f6bc5623000-7f6bc5624000 ---p 00000000 00:00 0 
7f6bc5624000-7f6bc5e24000 rw-p 00000000 00:00 0                          [stack:3035]
7f6bc5e24000-7f6bc5e31000 r-xp 00000000 00:15 2888809                    /home/david/Documents/workspace/Fungine/librift.so
7f6bc5e31000-7f6bc6031000 ---p 0000d000 00:15 2888809                    /home/david/Documents/workspace/Fungine/librift.so
7f6bc6031000-7f6bc6032000 r--p 0000d000 00:15 2888809                    /home/david/Documents/workspace/Fungine/librift.so
7f6bc6032000-7f6bc6033000 rw-p 0000e000 00:15 2888809                    /home/david/Documents/workspace/Fungine/librift.so
7f6bc6033000-7f6bc6034000 ---p 00000000 00:00 0 
7f6bc6034000-7f6bc6134000 rw-p 00000000 00:00 0                          [stack:3034]
7f6bc6134000-7f6bc6137000 ---p 00000000 00:00 0 
7f6bc6137000-7f6bc6235000 rw-p 00000000 00:00 0                          [stack:3033]
7f6bc6235000-7f6bc6238000 ---p 00000000 00:00 0 
7f6bc6238000-7f6bc6336000 rw-p 00000000 00:00 0                          [stack:3032]
7f6bc6336000-7f6bc6339000 ---p 00000000 00:00 0 
7f6bc6339000-7f6bc6437000 rw-p 00000000 00:00 0                          [stack:3031]
7f6bc6437000-7f6bc643a000 ---p 00000000 00:00 0 
7f6bc643a000-7f6bc6538000 rw-p 00000000 00:00 0                          [stack:3030]
7f6bc6538000-7f6bc6c19000 r--p 00000000 08:06 3152289                    /usr/lib/locale/locale-archive
7f6bc6c19000-7f6bc6c1c000 ---p 00000000 00:00 0 
7f6bc6c1c000-7f6bc6d1a000 rw-p 00000000 00:00 0                          [stack:3029]
7f6bc6d1a000-7f6bc6d1b000 ---p 00000000 00:00 0 
7f6bc6d1b000-7f6bc8000000 rw-p 00000000 00:00 0                          [stack:3027]
7f6bc8000000-7f6bc8021000 rw-p 00000000 00:00 0 
7f6bc8021000-7f6bcc000000 ---p 00000000 00:00 0 
7f6bcc000000-7f6bcc021000 rw-p 00000000 00:00 0 
7f6bcc021000-7f6bd0000000 ---p 00000000 00:00 0 
7f6bd0000000-7f6bd0021000 rw-p 00000000 00:00 0 
7f6bd0021000-7f6bd4000000 ---p 00000000 00:00 0 
7f6bd4000000-7f6bd4021000 rw-p 00000000 00:00 0 
7f6bd4021000-7f6bd8000000 ---p 00000000 00:00 0 
7f6bd8000000-7f6bd8021000 rw-p 00000000 00:00 0 
7f6bd8021000-7f6bdc000000 ---p 00000000 00:00 0 
7f6bdc00a000-7f6bdd000000 rw-p 00000000 00:00 0 
7f6bdd000000-7f6bdd270000 rwxp 00000000 00:00 0 
7f6bdd270000-7f6be019b000 rw-p 00000000 00:00 0 
7f6be019b000-7f6be4000000 ---p 00000000 00:00 0 
7f6be40c3000-7f6be4634000 rw-p 00000000 00:00 0 
7f6be4634000-7f6be47e1000 r--s 01cde000 08:06 3153373                    /usr/lib/jvm/java-7-openjdk-amd64/jre/lib/rt.jar
7f6be47e1000-7f6be47e2000 ---p 00000000 00:00 0 
7f6be47e2000-7f6be48e2000 rw-p 00000000 00:00 0                          [stack:3026]
7f6be48e2000-7f6be48e3000 ---p 00000000 00:00 0 
7f6be48e3000-7f6be49e3000 rw-p 00000000 00:00 0                          [stack:3025]
7f6be49e3000-7f6be49e4000 ---p 00000000 00:00 0 
7f6be49e4000-7f6be4ae4000 rw-p 00000000 00:00 0                          [stack:3024]
7f6be4ae4000-7f6be4ae5000 ---p 00000000 00:00 0 
7f6be4ae5000-7f6be4be5000 rw-p 00000000 00:00 0                          [stack:3023]
7f6be4be5000-7f6be4be6000 ---p 00000000 00:00 0 
7f6be4be6000-7f6be4ce6000 rw-p 00000000 00:00 0                          [stack:3022]
7f6be4ce6000-7f6be4ce7000 ---p 00000000 00:00 0 
7f6be4ce7000-7f6be4df2000 rw-p 00000000 00:00 0                          [stack:3021]
7f6be4df2000-7f6be4e3a000 rw-p 00000000 00:00 0 
7f6be4e3a000-7f6be4e64000 rw-p 00000000 00:00 0 
7f6be4e64000-7f6be50d4000 rw-p 00000000 00:00 0 
7f6be50d4000-7f6be50df000 rw-p 00000000 00:00 0 
7f6be50df000-7f6be5127000 rw-p 00000000 00:00 0 
7f6be5127000-7f6be5151000 rw-p 00000000 00:00 0 
7f6be5151000-7f6be53c0000 rw-p 00000000 00:00 0 
7f6be53c0000-7f6be53d6000 rw-p 00000000 00:00 0 
7f6be53d6000-7f6be550d000 rw-p 00000000 00:00 0 
7f6be550d000-7f6be550e000 rw-p 00000000 00:00 0 
7f6be550e000-7f6be5516000 r-xp 00000000 08:06 3155977                    /usr/lib/jvm/java-7-openjdk-amd64/jre/lib/amd64/libzip.so
7f6be5516000-7f6be5715000 ---p 00008000 08:06 3155977                    /usr/lib/jvm/java-7-openjdk-amd64/jre/lib/amd64/libzip.so
7f6be5715000-7f6be5716000 r--p 00007000 08:06 3155977                    /usr/lib/jvm/java-7-openjdk-amd64/jre/lib/amd64/libzip.so
7f6be5716000-7f6be5717000 rw-p 00008000 08:06 3155977                    /usr/lib/jvm/java-7-openjdk-amd64/jre/lib/amd64/libzip.so
7f6be5717000-7f6be5723000 r-xp 00000000 08:06 5120284                    /lib/x86_64-linux-gnu/libnss_files-2.15.so
7f6be5723000-7f6be5922000 ---p 0000c000 08:06 5120284                    /lib/x86_64-linux-gnu/libnss_files-2.15.so
7f6be5922000-7f6be5923000 r--p 0000b000 08:06 5120284                    /lib/x86_64-linux-gnu/libnss_files-2.15.so
7f6be5923000-7f6be5924000 rw-p 0000c000 08:06 5120284                    /lib/x86_64-linux-gnu/libnss_files-2.15.so
7f6be5924000-7f6be592e000 r-xp 00000000 08:06 5120276                    /lib/x86_64-linux-gnu/libnss_nis-2.15.so
7f6be592e000-7f6be5b2e000 ---p 0000a000 08:06 5120276                    /lib/x86_64-linux-gnu/libnss_nis-2.15.so
7f6be5b2e000-7f6be5b2f000 r--p 0000a000 08:06 5120276                    /lib/x86_64-linux-gnu/libnss_nis-2.15.so
7f6be5b2f000-7f6be5b30000 rw-p 0000b000 08:06 5120276                    /lib/x86_64-linux-gnu/libnss_nis-2.15.so
7f6be5b30000-7f6be5b47000 r-xp 00000000 08:06 5120294                    /lib/x86_64-linux-gnu/libnsl-2.15.so
7f6be5b47000-7f6be5d46000 ---p 00017000 08:06 5120294                    /lib/x86_64-linux-gnu/libnsl-2.15.so
7f6be5d46000-7f6be5d47000 r--p 00016000 08:06 5120294                    /lib/x86_64-linux-gnu/libnsl-2.15.so
7f6be5d47000-7f6be5d48000 rw-p 00017000 08:06 5120294                    /lib/x86_64-linux-gnu/libnsl-2.15.so
7f6be5d48000-7f6be5d4a000 rw-p 00000000 00:00 0 
7f6be5d4a000-7f6be5d52000 r-xp 00000000 08:06 5120298                    /lib/x86_64-linux-gnu/libnss_compat-2.15.so
7f6be5d52000-7f6be5f51000 ---p 00008000 08:06 5120298                    /lib/x86_64-linux-gnu/libnss_compat-2.15.so
7f6be5f51000-7f6be5f52000 r--p 00007000 08:06 5120298                    /lib/x86_64-linux-gnu/libnss_compat-2.15.so
7f6be5f52000-7f6be5f53000 rw-p 00008000 08:06 5120298                    /lib/x86_64-linux-gnu/libnss_compat-2.15.so
7f6be5f53000-7f6be5f7e000 r-xp 00000000 08:06 3155961                    /usr/lib/jvm/java-7-openjdk-amd64/jre/lib/amd64/libjava.so
7f6be5f7e000-7f6be617d000 ---p 0002b000 08:06 3155961                    /usr/lib/jvm/java-7-openjdk-amd64/jre/lib/amd64/libjava.so
7f6be617d000-7f6be617e000 r--p 0002a000 08:06 3155961                    /usr/lib/jvm/java-7-openjdk-amd64/jre/lib/amd64/libjava.so
7f6be617e000-7f6be6180000 rw-p 0002b000 08:06 3155961                    /usr/lib/jvm/java-7-openjdk-amd64/jre/lib/amd64/libjava.so
7f6be6180000-7f6be618f000 r-xp 00000000 08:06 3155960                    /usr/lib/jvm/java-7-openjdk-amd64/jre/lib/amd64/libverify.so
7f6be618f000-7f6be638e000 ---p 0000f000 08:06 3155960                    /usr/lib/jvm/java-7-openjdk-amd64/jre/lib/amd64/libverify.so
7f6be638e000-7f6be6390000 r--p 0000e000 08:06 3155960                    /usr/lib/jvm/java-7-openjdk-amd64/jre/lib/amd64/libverify.so
7f6be6390000-7f6be6391000 rw-p 00010000 08:06 3155960                    /usr/lib/jvm/java-7-openjdk-amd64/jre/lib/amd64/libverify.so
7f6be6391000-7f6be6398000 r-xp 00000000 08:06 5120286                    /lib/x86_64-linux-gnu/librt-2.15.so
7f6be6398000-7f6be6597000 ---p 00007000 08:06 5120286                    /lib/x86_64-linux-gnu/librt-2.15.so
7f6be6597000-7f6be6598000 r--p 00006000 08:06 5120286                    /lib/x86_64-linux-gnu/librt-2.15.so
7f6be6598000-7f6be6599000 rw-p 00007000 08:06 5120286                    /lib/x86_64-linux-gnu/librt-2.15.so
7f6be6599000-7f6be65ae000 r-xp 00000000 08:06 5115404                    /lib/x86_64-linux-gnu/libgcc_s.so.1
7f6be65ae000-7f6be67ad000 ---p 00015000 08:06 5115404                    /lib/x86_64-linux-gnu/libgcc_s.so.1
7f6be67ad000-7f6be67ae000 r--p 00014000 08:06 5115404                    /lib/x86_64-linux-gnu/libgcc_s.so.1
7f6be67ae000-7f6be67af000 rw-p 00015000 08:06 5115404                    /lib/x86_64-linux-gnu/libgcc_s.so.1
7f6be67af000-7f6be68aa000 r-xp 00000000 08:06 5120295                    /lib/x86_64-linux-gnu/libm-2.15.so
7f6be68aa000-7f6be6aa9000 ---p 000fb000 08:06 5120295                    /lib/x86_64-linux-gnu/libm-2.15.so
7f6be6aa9000-7f6be6aaa000 r--p 000fa000 08:06 5120295                    /lib/x86_64-linux-gnu/libm-2.15.so
7f6be6aaa000-7f6be6aab000 rw-p 000fb000 08:06 5120295                    /lib/x86_64-linux-gnu/libm-2.15.so
7f6be6aab000-7f6be6b90000 r-xp 00000000 08:06 3153881                    /usr/lib/x86_64-linux-gnu/libstdc++.so.6.0.17
7f6be6b90000-7f6be6d8f000 ---p 000e5000 08:06 3153881                    /usr/lib/x86_64-linux-gnu/libstdc++.so.6.0.17
7f6be6d8f000-7f6be6d97000 r--p 000e4000 08:06 3153881                    /usr/lib/x86_64-linux-gnu/libstdc++.so.6.0.17
7f6be6d97000-7f6be6d99000 rw-p 000ec000 08:06 3153881                    /usr/lib/x86_64-linux-gnu/libstdc++.so.6.0.17
7f6be6d99000-7f6be6dae000 rw-p 00000000 00:00 0 
7f6be6dae000-7f6be77a9000 r-xp 00000000 08:06 3155965                    /usr/lib/jvm/java-7-openjdk-amd64/jre/lib/amd64/server/libjvm.so
7f6be77a9000-7f6be79a8000 ---p 009fb000 08:06 3155965                    /usr/lib/jvm/java-7-openjdk-amd64/jre/lib/amd64/server/libjvm.so
7f6be79a8000-7f6be7a27000 r--p 009fa000 08:06 3155965                    /usr/lib/jvm/java-7-openjdk-amd64/jre/lib/amd64/server/libjvm.so
7f6be7a27000-7f6be7a4a000 rw-p 00a79000 08:06 3155965                    /usr/lib/jvm/java-7-openjdk-amd64/jre/lib/amd64/server/libjvm.so
7f6be7a4a000-7f6be7a75000 rw-p 00000000 00:00 0 
7f6be7a75000-7f6be7a8b000 r-xp 00000000 08:06 5115513                    /lib/x86_64-linux-gnu/libz.so.1.2.7
7f6be7a8b000-7f6be7c8a000 ---p 00016000 08:06 5115513                    /lib/x86_64-linux-gnu/libz.so.1.2.7
7f6be7c8a000-7f6be7c8b000 r--p 00015000 08:06 5115513                    /lib/x86_64-linux-gnu/libz.so.1.2.7
7f6be7c8b000-7f6be7c8c000 rw-p 00016000 08:06 5115513                    /lib/x86_64-linux-gnu/libz.so.1.2.7
7f6be7c8c000-7f6be7ca4000 r-xp 00000000 08:06 5120282                    /lib/x86_64-linux-gnu/libpthread-2.15.so
7f6be7ca4000-7f6be7ea3000 ---p 00018000 08:06 5120282                    /lib/x86_64-linux-gnu/libpthread-2.15.so
7f6be7ea3000-7f6be7ea4000 r--p 00017000 08:06 5120282                    /lib/x86_64-linux-gnu/libpthread-2.15.so
7f6be7ea4000-7f6be7ea5000 rw-p 00018000 08:06 5120282                    /lib/x86_64-linux-gnu/libpthread-2.15.so
7f6be7ea5000-7f6be7ea9000 rw-p 00000000 00:00 0 
7f6be7ea9000-7f6be7eab000 r-xp 00000000 08:06 5120297                    /lib/x86_64-linux-gnu/libdl-2.15.so
7f6be7eab000-7f6be80ab000 ---p 00002000 08:06 5120297                    /lib/x86_64-linux-gnu/libdl-2.15.so
7f6be80ab000-7f6be80ac000 r--p 00002000 08:06 5120297                    /lib/x86_64-linux-gnu/libdl-2.15.so
7f6be80ac000-7f6be80ad000 rw-p 00003000 08:06 5120297                    /lib/x86_64-linux-gnu/libdl-2.15.so
7f6be80ad000-7f6be8262000 r-xp 00000000 08:06 5120299                    /lib/x86_64-linux-gnu/libc-2.15.so
7f6be8262000-7f6be8461000 ---p 001b5000 08:06 5120299                    /lib/x86_64-linux-gnu/libc-2.15.so
7f6be8461000-7f6be8465000 r--p 001b4000 08:06 5120299                    /lib/x86_64-linux-gnu/libc-2.15.so
7f6be8465000-7f6be8467000 rw-p 001b8000 08:06 5120299                    /lib/x86_64-linux-gnu/libc-2.15.so
7f6be8467000-7f6be846c000 rw-p 00000000 00:00 0 
7f6be8481000-7f6be8484000 rw-p 00000000 00:00 0 
7f6be8484000-7f6be8485000 r--s 00002000 08:06 3148175                    /usr/lib/jvm/java-7-openjdk-common/jre/lib/ext/dnsns.jar
7f6be8485000-7f6be8488000 r--s 0000f000 08:06 3148173                    /usr/lib/jvm/java-7-openjdk-common/jre/lib/ext/pulse-java.jar
7f6be8488000-7f6be848b000 r--s 0003c000 08:06 3148169                    /usr/lib/jvm/java-7-openjdk-common/jre/lib/ext/sunpkcs11.jar
7f6be848b000-7f6be848d000 r--s 00012000 08:06 3148177                    /usr/lib/jvm/java-7-openjdk-common/jre/lib/ext/zipfs.jar
7f6be848d000-7f6be8491000 r--s 00085000 08:06 3148170                    /usr/lib/jvm/java-7-openjdk-common/jre/lib/ext/localedata.jar
7f6be8491000-7f6be849e000 r-xp 00000000 08:06 3153378                    /usr/lib/jvm/java-7-openjdk-amd64/jre/lib/amd64/jli/libjli.so
7f6be849e000-7f6be869d000 ---p 0000d000 08:06 3153378                    /usr/lib/jvm/java-7-openjdk-amd64/jre/lib/amd64/jli/libjli.so
7f6be869d000-7f6be869e000 r--p 0000c000 08:06 3153378                    /usr/lib/jvm/java-7-openjdk-amd64/jre/lib/amd64/jli/libjli.so
7f6be869e000-7f6be869f000 rw-p 0000d000 08:06 3153378                    /usr/lib/jvm/java-7-openjdk-amd64/jre/lib/amd64/jli/libjli.so
7f6be869f000-7f6be86c1000 r-xp 00000000 08:06 5120287                    /lib/x86_64-linux-gnu/ld-2.15.so
7f6be86c1000-7f6be86c2000 rw-p 00000000 00:00 0 
7f6be86c2000-7f6be86c4000 r--s 00006000 08:06 3546872                    /usr/share/java/java-atk-wrapper.jar
7f6be86c4000-7f6be86c7000 r--s 00032000 08:06 3148171                    /usr/lib/jvm/java-7-openjdk-common/jre/lib/ext/sunjce_provider.jar
7f6be86c7000-7f6be86f9000 rw-p 00000000 00:00 0 
7f6be86f9000-7f6be87af000 rw-p 00000000 00:00 0 
7f6be87af000-7f6be87b7000 rw-s 00000000 08:06 3016963                    /tmp/hsperfdata_david/3014
7f6be87b7000-7f6be87b8000 rw-p 00000000 00:00 0 
7f6be87b8000-7f6be87b9000 r--p 00000000 00:00 0 
7f6be87b9000-7f6be87bc000 ---p 00000000 00:00 0 
7f6be87bc000-7f6be88c1000 rw-p 00000000 00:00 0                          [stack:3020]
7f6be88c1000-7f6be88c2000 r--p 00022000 08:06 5120287                    /lib/x86_64-linux-gnu/ld-2.15.so
7f6be88c2000-7f6be88c4000 rw-p 00023000 08:06 5120287                    /lib/x86_64-linux-gnu/ld-2.15.so
7fff84b16000-7fff84b37000 rw-p 00000000 00:00 0                          [stack]
7fff84bff000-7fff84c00000 r-xp 00000000 00:00 0                          [vdso]
ffffffffff600000-ffffffffff601000 r-xp 00000000 00:00 0                  [vsyscall]

VM Arguments:
jvm_args: -Djava.library.path=. -Dfile.encoding=UTF-8 
java_command: vr.RiftJNI
Launcher Type: SUN_STANDARD

Environment Variables:
PATH=/usr/lib/lightdm/lightdm:/usr/local/sbin:/usr/local/bin:/usr/sbin:/usr/bin:/sbin:/bin:/usr/games:/usr/local/games
SHELL=/bin/bash
DISPLAY=:0

Signal Handlers:
SIGSEGV: [libjvm.so+0x8574b0], sa_mask[0]=0x7ffbfeff, sa_flags=0x10000004
SIGBUS: [libjvm.so+0x8574b0], sa_mask[0]=0x7ffbfeff, sa_flags=0x10000004
SIGFPE: [libjvm.so+0x6f8200], sa_mask[0]=0x7ffbfeff, sa_flags=0x10000004
SIGPIPE: [libjvm.so+0x6f8200], sa_mask[0]=0x7ffbfeff, sa_flags=0x10000004
SIGXFSZ: [libjvm.so+0x6f8200], sa_mask[0]=0x7ffbfeff, sa_flags=0x10000004
SIGILL: [libjvm.so+0x6f8200], sa_mask[0]=0x7ffbfeff, sa_flags=0x10000004
SIGUSR1: SIG_DFL, sa_mask[0]=0x00000000, sa_flags=0x00000000
SIGUSR2: [libjvm.so+0x6f85d0], sa_mask[0]=0x00000004, sa_flags=0x10000004
SIGHUP: [libjvm.so+0x6f8710], sa_mask[0]=0x7ffbfeff, sa_flags=0x10000004
SIGINT: [libjvm.so+0x6f8710], sa_mask[0]=0x7ffbfeff, sa_flags=0x10000004
SIGTERM: [libjvm.so+0x6f8710], sa_mask[0]=0x7ffbfeff, sa_flags=0x10000004
SIGQUIT: [libjvm.so+0x6f8710], sa_mask[0]=0x7ffbfeff, sa_flags=0x10000004


---------------  S Y S T E M  ---------------

OS:Ubuntu 12.10 (quantal)
uname:Linux 3.5.0-28-generic #48-Ubuntu SMP Tue Apr 23 23:03:38 UTC 2013 x86_64
libc:glibc 2.15 NPTL 2.15 
rlimit: STACK 8192k, CORE 0k, NPROC 63158, NOFILE 4096, AS infinity
load average:2.08 1.87 1.91

/proc/meminfo:
MemTotal:        8175080 kB
MemFree:          200440 kB
Buffers:          620356 kB
Cached:          3042360 kB
SwapCached:         2544 kB
Active:          4475196 kB
Inactive:        2467512 kB
Active(anon):    2551408 kB
Inactive(anon):   762916 kB
Active(file):    1923788 kB
Inactive(file):  1704596 kB
Unevictable:       31392 kB
Mlocked:           31392 kB
SwapTotal:       8381436 kB
SwapFree:        8363224 kB
Dirty:              3924 kB
Writeback:             0 kB
AnonPages:       3309672 kB
Mapped:           472080 kB
Shmem:             28464 kB
Slab:             490720 kB
SReclaimable:     382060 kB
SUnreclaim:       108660 kB
KernelStack:        6032 kB
PageTables:        63660 kB
NFS_Unstable:          0 kB
Bounce:                0 kB
WritebackTmp:          0 kB
CommitLimit:    12468976 kB
Committed_AS:    8712320 kB
VmallocTotal:   34359738367 kB
VmallocUsed:      316540 kB
VmallocChunk:   34359415500 kB
HardwareCorrupted:     0 kB
AnonHugePages:         0 kB
HugePages_Total:       0
HugePages_Free:        0
HugePages_Rsvd:        0
HugePages_Surp:        0
Hugepagesize:       2048 kB
DirectMap4k:     1215424 kB
DirectMap2M:     7170048 kB
DirectMap1G:           0 kB


CPU:total 6 (6 cores per cpu, 1 threads per core) family 16 model 10 stepping 0, cmov, cx8, fxsr, mmx, sse, sse2, sse3, popcnt, mmxext, 3dnowpref, lzcnt, sse4a, tsc, tscinvbit, tscinv

/proc/cpuinfo:
processor	: 0
vendor_id	: AuthenticAMD
cpu family	: 16
model		: 10
model name	: AMD Phenom(tm) II X6 1090T Processor
stepping	: 0
microcode	: 0x10000dc
cpu MHz		: 800.000
cache size	: 512 KB
physical id	: 0
siblings	: 6
core id		: 0
cpu cores	: 6
apicid		: 0
initial apicid	: 0
fpu		: yes
fpu_exception	: yes
cpuid level	: 6
wp		: yes
flags		: fpu vme de pse tsc msr pae mce cx8 apic sep mtrr pge mca cmov pat pse36 clflush mmx fxsr sse sse2 ht syscall nx mmxext fxsr_opt pdpe1gb rdtscp lm 3dnowext 3dnow constant_tsc rep_good nopl nonstop_tsc extd_apicid aperfmperf pni monitor cx16 popcnt lahf_lm cmp_legacy svm extapic cr8_legacy abm sse4a misalignsse 3dnowprefetch osvw ibs skinit wdt cpb hw_pstate npt lbrv svm_lock nrip_save pausefilter
bogomips	: 6427.94
TLB size	: 1024 4K pages
clflush size	: 64
cache_alignment	: 64
address sizes	: 48 bits physical, 48 bits virtual
power management: ts ttp tm stc 100mhzsteps hwpstate cpb

processor	: 1
vendor_id	: AuthenticAMD
cpu family	: 16
model		: 10
model name	: AMD Phenom(tm) II X6 1090T Processor
stepping	: 0
microcode	: 0x10000dc
cpu MHz		: 800.000
cache size	: 512 KB
physical id	: 0
siblings	: 6
core id		: 3
cpu cores	: 6
apicid		: 1
initial apicid	: 3
fpu		: yes
fpu_exception	: yes
cpuid level	: 6
wp		: yes
flags		: fpu vme de pse tsc msr pae mce cx8 apic sep mtrr pge mca cmov pat pse36 clflush mmx fxsr sse sse2 ht syscall nx mmxext fxsr_opt pdpe1gb rdtscp lm 3dnowext 3dnow constant_tsc rep_good nopl nonstop_tsc extd_apicid aperfmperf pni monitor cx16 popcnt lahf_lm cmp_legacy svm extapic cr8_legacy abm sse4a misalignsse 3dnowprefetch osvw ibs skinit wdt cpb hw_pstate npt lbrv svm_lock nrip_save pausefilter
bogomips	: 6427.94
TLB size	: 1024 4K pages
clflush size	: 64
cache_alignment	: 64
address sizes	: 48 bits physical, 48 bits virtual
power management: ts ttp tm stc 100mhzsteps hwpstate cpb

processor	: 2
vendor_id	: AuthenticAMD
cpu family	: 16
model		: 10
model name	: AMD Phenom(tm) II X6 1090T Processor
stepping	: 0
microcode	: 0x10000dc
cpu MHz		: 800.000
cache size	: 512 KB
physical id	: 0
siblings	: 6
core id		: 4
cpu cores	: 6
apicid		: 2
initial apicid	: 4
fpu		: yes
fpu_exception	: yes
cpuid level	: 6
wp		: yes
flags		: fpu vme de pse tsc msr pae mce cx8 apic sep mtrr pge mca cmov pat pse36 clflush mmx fxsr sse sse2 ht syscall nx mmxext fxsr_opt pdpe1gb rdtscp lm 3dnowext 3dnow constant_tsc rep_good nopl nonstop_tsc extd_apicid aperfmperf pni monitor cx16 popcnt lahf_lm cmp_legacy svm extapic cr8_legacy abm sse4a misalignsse 3dnowprefetch osvw ibs skinit wdt cpb hw_pstate npt lbrv svm_lock nrip_save pausefilter
bogomips	: 6427.94
TLB size	: 1024 4K pages
clflush size	: 64
cache_alignment	: 64
address sizes	: 48 bits physical, 48 bits virtual
power management: ts ttp tm stc 100mhzsteps hwpstate cpb

processor	: 3
vendor_id	: AuthenticAMD
cpu family	: 16
model		: 10
model name	: AMD Phenom(tm) II X6 1090T Processor
stepping	: 0
microcode	: 0x10000dc
cpu MHz		: 800.000
cache size	: 512 KB
physical id	: 0
siblings	: 6
core id		: 5
cpu cores	: 6
apicid		: 3
initial apicid	: 5
fpu		: yes
fpu_exception	: yes
cpuid level	: 6
wp		: yes
flags		: fpu vme de pse tsc msr pae mce cx8 apic sep mtrr pge mca cmov pat pse36 clflush mmx fxsr sse sse2 ht syscall nx mmxext fxsr_opt pdpe1gb rdtscp lm 3dnowext 3dnow constant_tsc rep_good nopl nonstop_tsc extd_apicid aperfmperf pni monitor cx16 popcnt lahf_lm cmp_legacy svm extapic cr8_legacy abm sse4a misalignsse 3dnowprefetch osvw ibs skinit wdt cpb hw_pstate npt lbrv svm_lock nrip_save pausefilter
bogomips	: 6427.94
TLB size	: 1024 4K pages
clflush size	: 64
cache_alignment	: 64
address sizes	: 48 bits physical, 48 bits virtual
power management: ts ttp tm stc 100mhzsteps hwpstate cpb

processor	: 4
vendor_id	: AuthenticAMD
cpu family	: 16
model		: 10
model name	: AMD Phenom(tm) II X6 1090T Processor
stepping	: 0
microcode	: 0x10000dc
cpu MHz		: 800.000
cache size	: 512 KB
physical id	: 0
siblings	: 6
core id		: 1
cpu cores	: 6
apicid		: 4
initial apicid	: 1
fpu		: yes
fpu_exception	: yes
cpuid level	: 6
wp		: yes
flags		: fpu vme de pse tsc msr pae mce cx8 apic sep mtrr pge mca cmov pat pse36 clflush mmx fxsr sse sse2 ht syscall nx mmxext fxsr_opt pdpe1gb rdtscp lm 3dnowext 3dnow constant_tsc rep_good nopl nonstop_tsc extd_apicid aperfmperf pni monitor cx16 popcnt lahf_lm cmp_legacy svm extapic cr8_legacy abm sse4a misalignsse 3dnowprefetch osvw ibs skinit wdt cpb hw_pstate npt lbrv svm_lock nrip_save pausefilter
bogomips	: 6427.94
TLB size	: 1024 4K pages
clflush size	: 64
cache_alignment	: 64
address sizes	: 48 bits physical, 48 bits virtual
power management: ts ttp tm stc 100mhzsteps hwpstate cpb

processor	: 5
vendor_id	: AuthenticAMD
cpu family	: 16
model		: 10
model name	: AMD Phenom(tm) II X6 1090T Processor
stepping	: 0
microcode	: 0x10000dc
cpu MHz		: 3200.000
cache size	: 512 KB
physical id	: 0
siblings	: 6
core id		: 2
cpu cores	: 6
apicid		: 5
initial apicid	: 2
fpu		: yes
fpu_exception	: yes
cpuid level	: 6
wp		: yes
flags		: fpu vme de pse tsc msr pae mce cx8 apic sep mtrr pge mca cmov pat pse36 clflush mmx fxsr sse sse2 ht syscall nx mmxext fxsr_opt pdpe1gb rdtscp lm 3dnowext 3dnow constant_tsc rep_good nopl nonstop_tsc extd_apicid aperfmperf pni monitor cx16 popcnt lahf_lm cmp_legacy svm extapic cr8_legacy abm sse4a misalignsse 3dnowprefetch osvw ibs skinit wdt cpb hw_pstate npt lbrv svm_lock nrip_save pausefilter
bogomips	: 6427.94
TLB size	: 1024 4K pages
clflush size	: 64
cache_alignment	: 64
address sizes	: 48 bits physical, 48 bits virtual
power management: ts ttp tm stc 100mhzsteps hwpstate cpb



Memory: 4k page, physical 8175080k(200192k free), swap 8381436k(8363224k free)

vm_info: OpenJDK 64-Bit Server VM (23.7-b01) for linux-amd64 JRE (1.7.0_21-b02), built on Apr 22 2013 22:26:19 by "buildd" with gcc 4.7.2

time: Thu May 16 03:24:25 2013
elapsed time: 2 seconds

