#
# A fatal error has been detected by the Java Runtime Environment:
#
#  SIGSEGV (0xb) at pc=0x00007ffdec50f904, pid=3355, tid=140728814688000
#
# JRE version: 7.0_21-b02
# Java VM: OpenJDK 64-Bit Server VM (23.7-b01 mixed mode linux-amd64 compressed oops)
# Problematic frame:
# C  [librift.so+0x2904]  Java_vr_RiftJNI_getData+0x3a
#
# Failed to write core dump. Core dumps have been disabled. To enable core dumping, try "ulimit -c unlimited" before starting Java again
#
# If you would like to submit a bug report, please include
# instructions on how to reproduce the bug and visit:
#   https://bugs.launchpad.net/ubuntu/+source/openjdk-7/
# The crash happened outside the Java Virtual Machine in native code.
# See problematic frame for where to report the bug.
#

---------------  T H R E A D  ---------------

Current thread (0x00007ffdf4009800):  JavaThread "main" [_thread_in_native, id=3361, stack(0x00007ffdfaf25000,0x00007ffdfb026000)]

siginfo:si_signo=SIGSEGV: si_errno=0, si_code=1 (SEGV_MAPERR), si_addr=0x00000000000000e8

Registers:
RAX=0x0000000000000000, RBX=0x00000007790ad3a8, RCX=0x0000000000000001, RDX=0x00007ffdfa1c1e60
RSP=0x00007ffdfb0248d0, RBP=0x00007ffdfb024910, RSI=0x0000000000000007, RDI=0x00007ffdf4009800
R8 =0xffffffffffffffff, R9 =0x00000000ffffffff, R10=0x00007ffdf0bfbf64, R11=0x00007ffdf9c9b6e0
R12=0x0000000000000000, R13=0x00000007790ad3a8, R14=0x00007ffdfb024978, R15=0x00007ffdf4009800
RIP=0x00007ffdec50f904, EFLAGS=0x0000000000010246, CSGSFS=0x0000000000000033, ERR=0x0000000000000004
  TRAPNO=0x000000000000000e

Top of Stack: (sp=0x00007ffdfb0248d0)
0x00007ffdfb0248d0:   00007ffdfb024970 00007ffdf40099d8
0x00007ffdfb0248e0:   00000007790ad3a8 00007ffdf40ad6b0
0x00007ffdfb0248f0:   00000007790ad3a8 00007ffdfb024978
0x00007ffdfb024900:   00007ffdfb024960 00007ffdf0bfbe29
0x00007ffdfb024910:   00007ffdfb024960 00007ffdf0bfbf90
0x00007ffdfb024920:   00007ffdfb024920 00000007790ad3a8
0x00007ffdfb024930:   00007ffdfb024978 00000007790ad8b0
0x00007ffdfb024940:   0000000000000000 00000007790ad3a8
0x00007ffdfb024950:   0000000000000000 00007ffdfb024980
0x00007ffdfb024960:   00007ffdfb0249e0 00007ffdf0bf0333
0x00007ffdfb024970:   00000007d670f088 00007ffdf0bf8ddb
0x00007ffdfb024980:   0000000000000000 00000007d6710b58
0x00007ffdfb024990:   00000007d6710b58 00000007d670f088
0x00007ffdfb0249a0:   00007ffdfb0249a0 00000007790ad596
0x00007ffdfb0249b0:   00007ffdfb0249f8 00000007790ad8b0
0x00007ffdfb0249c0:   0000000000000000 00000007790ad5e0
0x00007ffdfb0249d0:   00007ffdfb024980 00007ffdfb0249f8
0x00007ffdfb0249e0:   00007ffdfb024a60 00007ffdf0bea4f7
0x00007ffdfb0249f0:   0000000000000001 00000007d6710930
0x00007ffdfb024a00:   00007ffd00001fa0 0000000000000000
0x00007ffdfb024a10:   00007ffdfb024cb0 00007ffdfb024bd0
0x00007ffdfb024a20:   00007ffdf4009800 00007ffdf400a400
0x00007ffdfb024a30:   00007ffdfb024ac0 00007ffdfb024cb8
0x00007ffdfb024a40:   00007ffd0000000a 00000007790ad5e0
0x00007ffdfb024a50:   00007ffdf0bfa3a0 00007ffdfb024bd8
0x00007ffdfb024a60:   00007ffdfb024b30 00007ffdf9a43c7c
0x00007ffdfb024a70:   00007ffd00000001 00007ffdf4009800
0x00007ffdfb024a80:   00007ffdf0bfa3a0 00007ffd0000000a
0x00007ffdfb024a90:   00007ffdf4009800 00007ffdf4006e50
0x00007ffdfb024aa0:   00007ffdf400a3f0 00007ffdf400a408
0x00007ffdfb024ab0:   00007ffdf400a7d8 00007ffdf4006e80
0x00007ffdfb024ac0:   00007ffdf4009800 00007ffdf400aed0 

Instructions: (pc=0x00007ffdec50f904)
0x00007ffdec50f8e4:   b0 05 00 00 48 8b 55 c8 be 04 00 00 00 48 89 d7
0x00007ffdec50f8f4:   ff d0 48 89 45 d8 48 8b 05 d7 b6 20 00 48 8b 00
0x00007ffdec50f904:   48 8b 80 e8 00 00 00 48 89 45 e0 48 8b 05 c2 b6
0x00007ffdec50f914:   20 00 48 8b 00 48 8b 80 f0 00 00 00 48 89 45 e8 

Register to memory mapping:

RAX=0x0000000000000000 is an unknown value
RBX=0x00000007790ad3a8 is an oop
{method} 
 - klass: {other class}
RCX=0x0000000000000001 is an unknown value
RDX=0x00007ffdfa1c1e60: <offset 0xca7e60> in /usr/lib/jvm/java-7-openjdk-amd64/jre/lib/amd64/server/libjvm.so at 0x00007ffdf951a000
RSP=0x00007ffdfb0248d0 is pointing into the stack for thread: 0x00007ffdf4009800
RBP=0x00007ffdfb024910 is pointing into the stack for thread: 0x00007ffdf4009800
RSI=0x0000000000000007 is an unknown value
RDI=0x00007ffdf4009800 is a thread
R8 =0xffffffffffffffff is an unknown value
R9 =0x00000000ffffffff is an unknown value
R10=0x00007ffdf0bfbf64 is an Interpreter codelet
method entry point (kind = native)  [0x00007ffdf0bfbd00, 0x00007ffdf0bfc540]  2112 bytes
R11=0x00007ffdf9c9b6e0: <offset 0x7816e0> in /usr/lib/jvm/java-7-openjdk-amd64/jre/lib/amd64/server/libjvm.so at 0x00007ffdf951a000
R12=0x0000000000000000 is an unknown value
R13=0x00000007790ad3a8 is an oop
{method} 
 - klass: {other class}
R14=0x00007ffdfb024978 is pointing into the stack for thread: 0x00007ffdf4009800
R15=0x00007ffdf4009800 is a thread


Stack: [0x00007ffdfaf25000,0x00007ffdfb026000],  sp=0x00007ffdfb0248d0,  free space=1022k
Native frames: (J=compiled Java code, j=interpreted, Vv=VM code, C=native code)
C  [librift.so+0x2904]  Java_vr_RiftJNI_getData+0x3a
j  vr.RiftJNI.getData()[D+0
j  vr.RiftJNI.main([Ljava/lang/String;)V+22
v  ~StubRoutines::call_stub
V  [libjvm.so+0x529c7c]  JavaCalls::call_helper(JavaValue*, methodHandle*, JavaCallArguments*, Thread*)+0x32c
V  [libjvm.so+0x529725]  JavaCalls::call(JavaValue*, methodHandle, JavaCallArguments*, Thread*)+0x25
V  [libjvm.so+0x53f79a]  jni_invoke_static(JNIEnv_*, JavaValue*, _jobject*, JNICallType, _jmethodID*, JNI_ArgumentPusher*, Thread*) [clone .isra.122] [clone .constprop.145]+0xda
V  [libjvm.so+0x53fdfa]  jni_CallStaticVoidMethod+0x12a
C  [libjli.so+0x31e1]  __strcat_chk+0x31e1

Java frames: (J=compiled Java code, j=interpreted, Vv=VM code)
j  vr.RiftJNI.getData()[D+0
j  vr.RiftJNI.main([Ljava/lang/String;)V+22
v  ~StubRoutines::call_stub

---------------  P R O C E S S  ---------------

Java Threads: ( => current thread )
  0x00007ffdf4114000 JavaThread "Service Thread" daemon [_thread_blocked, id=3377, stack(0x00007ffdec82f000,0x00007ffdec930000)]
  0x00007ffdf4112000 JavaThread "C2 CompilerThread1" daemon [_thread_blocked, id=3376, stack(0x00007ffdec930000,0x00007ffdeca31000)]
  0x00007ffdf410f000 JavaThread "C2 CompilerThread0" daemon [_thread_blocked, id=3375, stack(0x00007ffdeca31000,0x00007ffdecb32000)]
  0x00007ffdf410c800 JavaThread "Signal Dispatcher" daemon [_thread_blocked, id=3374, stack(0x00007ffdecb32000,0x00007ffdecc33000)]
  0x00007ffdf40b6800 JavaThread "Finalizer" daemon [_thread_blocked, id=3373, stack(0x00007ffded314000,0x00007ffded415000)]
  0x00007ffdf40b4000 JavaThread "Reference Handler" daemon [_thread_blocked, id=3372, stack(0x00007ffded415000,0x00007ffded516000)]
=>0x00007ffdf4009800 JavaThread "main" [_thread_in_native, id=3361, stack(0x00007ffdfaf25000,0x00007ffdfb026000)]

Other Threads:
  0x00007ffdf40ac000 VMThread [stack: 0x00007ffded516000,0x00007ffded617000] [id=3371]
  0x00007ffdf411e800 WatcherThread [stack: 0x00007ffdec72e000,0x00007ffdec82f000] [id=3378]

VM state:not at safepoint (normal execution)

VM Mutex/Monitor currently owned by a thread: None

Heap
 PSYoungGen      total 37248K, used 638K [0x00000007d66b0000, 0x00000007d9040000, 0x0000000800000000)
  eden space 31936K, 2% used [0x00000007d66b0000,0x00000007d674fb50,0x00000007d85e0000)
  from space 5312K, 0% used [0x00000007d8b10000,0x00000007d8b10000,0x00000007d9040000)
  to   space 5312K, 0% used [0x00000007d85e0000,0x00000007d85e0000,0x00000007d8b10000)
 ParOldGen       total 85184K, used 0K [0x0000000783400000, 0x0000000788730000, 0x00000007d66b0000)
  object space 85184K, 0% used [0x0000000783400000,0x0000000783400000,0x0000000788730000)
 PSPermGen       total 21248K, used 2747K [0x0000000778e00000, 0x000000077a2c0000, 0x0000000783400000)
  object space 21248K, 12% used [0x0000000778e00000,0x00000007790aee20,0x000000077a2c0000)

Card table byte_map: [0x00007ffdf07b0000,0x00007ffdf0bea000] byte_map_base: 0x00007ffdecbe9000

Polling page: 0x00007ffdfaf24000

Code Cache  [0x00007ffdf0bea000, 0x00007ffdf0e5a000, 0x00007ffdf3bea000)
 total_blobs=162 nmethods=0 adapters=130 free_code_cache=48776Kb largest_free_block=49946880

Compilation events (0 events):
No events

GC Heap History (0 events):
No events

Deoptimization events (0 events):
No events

Internal exceptions (5 events):
Event: 0.038 Thread 0x00007ffdf4009800 Threw 0x00000007d66b6140 at /build/buildd/openjdk-7-7u21-2.3.9/build/openjdk/hotspot/src/share/vm/prims/jni.cpp:3994
Event: 0.081 Thread 0x00007ffdf4009800 Threw 0x00000007d6702f40 at /build/buildd/openjdk-7-7u21-2.3.9/build/openjdk/hotspot/src/share/vm/prims/jni.cpp:716
Event: 0.081 Thread 0x00007ffdf4009800 Threw 0x00000007d67030d8 at /build/buildd/openjdk-7-7u21-2.3.9/build/openjdk/hotspot/src/share/vm/prims/jvm.cpp:1166
Event: 0.081 Thread 0x00007ffdf4009800 Threw 0x00000007d6703200 at /build/buildd/openjdk-7-7u21-2.3.9/build/openjdk/hotspot/src/share/vm/prims/jvm.cpp:1166
Event: 0.083 Thread 0x00007ffdf4009800 Threw 0x00000007d670aad8 at /build/buildd/openjdk-7-7u21-2.3.9/build/openjdk/hotspot/src/share/vm/prims/jvm.cpp:1166

Events (10 events):
Event: 0.087 loading class 0x00007ffdf41798a0
Event: 0.087 loading class 0x00007ffdf41798a0 done
Event: 0.087 loading class 0x00007ffdf40ae4d0
Event: 0.087 loading class 0x00007ffdf40ae4d0 done
Event: 0.087 loading class 0x00007ffdf4030c40
Event: 0.087 loading class 0x00007ffdf4030c40 done
Event: 0.087 loading class 0x00007ffdf4062a70
Event: 0.088 loading class 0x00007ffdf4062a70 done
Event: 0.088 loading class 0x00007ffdf4063600
Event: 0.088 loading class 0x00007ffdf4063600 done


Dynamic libraries:
00400000-00401000 r-xp 00000000 08:06 3155978                            /usr/lib/jvm/java-7-openjdk-amd64/jre/bin/java
00600000-00601000 r--p 00000000 08:06 3155978                            /usr/lib/jvm/java-7-openjdk-amd64/jre/bin/java
00601000-00602000 rw-p 00001000 08:06 3155978                            /usr/lib/jvm/java-7-openjdk-amd64/jre/bin/java
01317000-01338000 rw-p 00000000 00:00 0                                  [heap]
778e00000-77a2c0000 rw-p 00000000 00:00 0 
77a2c0000-783400000 rw-p 00000000 00:00 0 
783400000-788730000 rw-p 00000000 00:00 0 
788730000-7d66b0000 rw-p 00000000 00:00 0 
7d66b0000-7d9040000 rw-p 00000000 00:00 0 
7d9040000-800000000 rw-p 00000000 00:00 0 
7ffd94000000-7ffd94021000 rw-p 00000000 00:00 0 
7ffd94021000-7ffd98000000 ---p 00000000 00:00 0 
7ffd9c000000-7ffd9c021000 rw-p 00000000 00:00 0 
7ffd9c021000-7ffda0000000 ---p 00000000 00:00 0 
7ffda0000000-7ffda0021000 rw-p 00000000 00:00 0 
7ffda0021000-7ffda4000000 ---p 00000000 00:00 0 
7ffda4000000-7ffda4021000 rw-p 00000000 00:00 0 
7ffda4021000-7ffda8000000 ---p 00000000 00:00 0 
7ffda8000000-7ffda8021000 rw-p 00000000 00:00 0 
7ffda8021000-7ffdac000000 ---p 00000000 00:00 0 
7ffdac000000-7ffdac021000 rw-p 00000000 00:00 0 
7ffdac021000-7ffdb0000000 ---p 00000000 00:00 0 
7ffdb0000000-7ffdb0021000 rw-p 00000000 00:00 0 
7ffdb0021000-7ffdb4000000 ---p 00000000 00:00 0 
7ffdb4000000-7ffdb4021000 rw-p 00000000 00:00 0 
7ffdb4021000-7ffdb8000000 ---p 00000000 00:00 0 
7ffdbbc70000-7ffdc0000000 rw-p 00000000 00:00 0 
7ffdc0000000-7ffdc0021000 rw-p 00000000 00:00 0 
7ffdc0021000-7ffdc4000000 ---p 00000000 00:00 0 
7ffdc4000000-7ffdc4021000 rw-p 00000000 00:00 0 
7ffdc4021000-7ffdc8000000 ---p 00000000 00:00 0 
7ffdc8000000-7ffdc8021000 rw-p 00000000 00:00 0 
7ffdc8021000-7ffdcc000000 ---p 00000000 00:00 0 
7ffdd0000000-7ffdd0021000 rw-p 00000000 00:00 0 
7ffdd0021000-7ffdd4000000 ---p 00000000 00:00 0 
7ffdd8000000-7ffdd8021000 rw-p 00000000 00:00 0 
7ffdd8021000-7ffddc000000 ---p 00000000 00:00 0 
7ffde0000000-7ffde0021000 rw-p 00000000 00:00 0 
7ffde0021000-7ffde4000000 ---p 00000000 00:00 0 
7ffde77ff000-7ffde7800000 ---p 00000000 00:00 0 
7ffde7800000-7ffde8000000 rw-p 00000000 00:00 0                          [stack:3379]
7ffde8000000-7ffde8021000 rw-p 00000000 00:00 0 
7ffde8021000-7ffdec000000 ---p 00000000 00:00 0 
7ffdec301000-7ffdec50d000 rw-p 00000000 00:00 0 
7ffdec50d000-7ffdec51a000 r-xp 00000000 00:15 2888815                    /home/david/Documents/workspace/Fungine/librift.so
7ffdec51a000-7ffdec71a000 ---p 0000d000 00:15 2888815                    /home/david/Documents/workspace/Fungine/librift.so
7ffdec71a000-7ffdec71b000 r--p 0000d000 00:15 2888815                    /home/david/Documents/workspace/Fungine/librift.so
7ffdec71b000-7ffdec71c000 rw-p 0000e000 00:15 2888815                    /home/david/Documents/workspace/Fungine/librift.so
7ffdec71c000-7ffdec71d000 r--s 00002000 08:06 3148175                    /usr/lib/jvm/java-7-openjdk-common/jre/lib/ext/dnsns.jar
7ffdec71d000-7ffdec720000 r--s 0000f000 08:06 3148173                    /usr/lib/jvm/java-7-openjdk-common/jre/lib/ext/pulse-java.jar
7ffdec720000-7ffdec723000 r--s 0003c000 08:06 3148169                    /usr/lib/jvm/java-7-openjdk-common/jre/lib/ext/sunpkcs11.jar
7ffdec723000-7ffdec725000 r--s 00012000 08:06 3148177                    /usr/lib/jvm/java-7-openjdk-common/jre/lib/ext/zipfs.jar
7ffdec725000-7ffdec729000 r--s 00085000 08:06 3148170                    /usr/lib/jvm/java-7-openjdk-common/jre/lib/ext/localedata.jar
7ffdec729000-7ffdec72b000 r--s 00006000 08:06 3546872                    /usr/share/java/java-atk-wrapper.jar
7ffdec72b000-7ffdec72e000 r--s 00032000 08:06 3148171                    /usr/lib/jvm/java-7-openjdk-common/jre/lib/ext/sunjce_provider.jar
7ffdec72e000-7ffdec72f000 ---p 00000000 00:00 0 
7ffdec72f000-7ffdec82f000 rw-p 00000000 00:00 0                          [stack:3378]
7ffdec82f000-7ffdec832000 ---p 00000000 00:00 0 
7ffdec832000-7ffdec930000 rw-p 00000000 00:00 0                          [stack:3377]
7ffdec930000-7ffdec933000 ---p 00000000 00:00 0 
7ffdec933000-7ffdeca31000 rw-p 00000000 00:00 0                          [stack:3376]
7ffdeca31000-7ffdeca34000 ---p 00000000 00:00 0 
7ffdeca34000-7ffdecb32000 rw-p 00000000 00:00 0                          [stack:3375]
7ffdecb32000-7ffdecb35000 ---p 00000000 00:00 0 
7ffdecb35000-7ffdecc33000 rw-p 00000000 00:00 0                          [stack:3374]
7ffdecc33000-7ffded314000 r--p 00000000 08:06 3152289                    /usr/lib/locale/locale-archive
7ffded314000-7ffded317000 ---p 00000000 00:00 0 
7ffded317000-7ffded415000 rw-p 00000000 00:00 0                          [stack:3373]
7ffded415000-7ffded418000 ---p 00000000 00:00 0 
7ffded418000-7ffded516000 rw-p 00000000 00:00 0                          [stack:3372]
7ffded516000-7ffded517000 ---p 00000000 00:00 0 
7ffded517000-7ffdeec7f000 rw-p 00000000 00:00 0                          [stack:3371]
7ffdeec7f000-7ffdeee2c000 r--s 01cde000 08:06 3153373                    /usr/lib/jvm/java-7-openjdk-amd64/jre/lib/rt.jar
7ffdeee2c000-7ffdeff10000 rw-p 00000000 00:00 0 
7ffdeff10000-7ffdeff11000 ---p 00000000 00:00 0 
7ffdeff11000-7ffdf0011000 rw-p 00000000 00:00 0                          [stack:3370]
7ffdf0011000-7ffdf0012000 ---p 00000000 00:00 0 
7ffdf0012000-7ffdf0112000 rw-p 00000000 00:00 0                          [stack:3369]
7ffdf0112000-7ffdf0113000 ---p 00000000 00:00 0 
7ffdf0113000-7ffdf0213000 rw-p 00000000 00:00 0                          [stack:3368]
7ffdf0213000-7ffdf0214000 ---p 00000000 00:00 0 
7ffdf0214000-7ffdf0314000 rw-p 00000000 00:00 0                          [stack:3367]
7ffdf0314000-7ffdf0315000 ---p 00000000 00:00 0 
7ffdf0315000-7ffdf0415000 rw-p 00000000 00:00 0                          [stack:3366]
7ffdf0415000-7ffdf0416000 ---p 00000000 00:00 0 
7ffdf0416000-7ffdf0540000 rw-p 00000000 00:00 0                          [stack:3365]
7ffdf0540000-7ffdf07b0000 rw-p 00000000 00:00 0 
7ffdf07b0000-7ffdf07bb000 rw-p 00000000 00:00 0 
7ffdf07bb000-7ffdf0803000 rw-p 00000000 00:00 0 
7ffdf0803000-7ffdf082d000 rw-p 00000000 00:00 0 
7ffdf082d000-7ffdf0a9c000 rw-p 00000000 00:00 0 
7ffdf0a9c000-7ffdf0ab2000 rw-p 00000000 00:00 0 
7ffdf0ab2000-7ffdf0be9000 rw-p 00000000 00:00 0 
7ffdf0be9000-7ffdf0bea000 rw-p 00000000 00:00 0 
7ffdf0bea000-7ffdf0e5a000 rwxp 00000000 00:00 0 
7ffdf0e5a000-7ffdf3bea000 rw-p 00000000 00:00 0 
7ffdf3bea000-7ffdf3bf2000 r-xp 00000000 08:06 3155977                    /usr/lib/jvm/java-7-openjdk-amd64/jre/lib/amd64/libzip.so
7ffdf3bf2000-7ffdf3df1000 ---p 00008000 08:06 3155977                    /usr/lib/jvm/java-7-openjdk-amd64/jre/lib/amd64/libzip.so
7ffdf3df1000-7ffdf3df2000 r--p 00007000 08:06 3155977                    /usr/lib/jvm/java-7-openjdk-amd64/jre/lib/amd64/libzip.so
7ffdf3df2000-7ffdf3df3000 rw-p 00008000 08:06 3155977                    /usr/lib/jvm/java-7-openjdk-amd64/jre/lib/amd64/libzip.so
7ffdf3df3000-7ffdf3dff000 r-xp 00000000 08:06 5120284                    /lib/x86_64-linux-gnu/libnss_files-2.15.so
7ffdf3dff000-7ffdf3ffe000 ---p 0000c000 08:06 5120284                    /lib/x86_64-linux-gnu/libnss_files-2.15.so
7ffdf3ffe000-7ffdf3fff000 r--p 0000b000 08:06 5120284                    /lib/x86_64-linux-gnu/libnss_files-2.15.so
7ffdf3fff000-7ffdf4000000 rw-p 0000c000 08:06 5120284                    /lib/x86_64-linux-gnu/libnss_files-2.15.so
7ffdf4000000-7ffdf4192000 rw-p 00000000 00:00 0 
7ffdf4192000-7ffdf8000000 ---p 00000000 00:00 0 
7ffdf803d000-7ffdf8048000 rw-p 00000000 00:00 0 
7ffdf8048000-7ffdf8090000 rw-p 00000000 00:00 0 
7ffdf8090000-7ffdf809a000 r-xp 00000000 08:06 5120276                    /lib/x86_64-linux-gnu/libnss_nis-2.15.so
7ffdf809a000-7ffdf829a000 ---p 0000a000 08:06 5120276                    /lib/x86_64-linux-gnu/libnss_nis-2.15.so
7ffdf829a000-7ffdf829b000 r--p 0000a000 08:06 5120276                    /lib/x86_64-linux-gnu/libnss_nis-2.15.so
7ffdf829b000-7ffdf829c000 rw-p 0000b000 08:06 5120276                    /lib/x86_64-linux-gnu/libnss_nis-2.15.so
7ffdf829c000-7ffdf82b3000 r-xp 00000000 08:06 5120294                    /lib/x86_64-linux-gnu/libnsl-2.15.so
7ffdf82b3000-7ffdf84b2000 ---p 00017000 08:06 5120294                    /lib/x86_64-linux-gnu/libnsl-2.15.so
7ffdf84b2000-7ffdf84b3000 r--p 00016000 08:06 5120294                    /lib/x86_64-linux-gnu/libnsl-2.15.so
7ffdf84b3000-7ffdf84b4000 rw-p 00017000 08:06 5120294                    /lib/x86_64-linux-gnu/libnsl-2.15.so
7ffdf84b4000-7ffdf84b6000 rw-p 00000000 00:00 0 
7ffdf84b6000-7ffdf84be000 r-xp 00000000 08:06 5120298                    /lib/x86_64-linux-gnu/libnss_compat-2.15.so
7ffdf84be000-7ffdf86bd000 ---p 00008000 08:06 5120298                    /lib/x86_64-linux-gnu/libnss_compat-2.15.so
7ffdf86bd000-7ffdf86be000 r--p 00007000 08:06 5120298                    /lib/x86_64-linux-gnu/libnss_compat-2.15.so
7ffdf86be000-7ffdf86bf000 rw-p 00008000 08:06 5120298                    /lib/x86_64-linux-gnu/libnss_compat-2.15.so
7ffdf86bf000-7ffdf86ea000 r-xp 00000000 08:06 3155961                    /usr/lib/jvm/java-7-openjdk-amd64/jre/lib/amd64/libjava.so
7ffdf86ea000-7ffdf88e9000 ---p 0002b000 08:06 3155961                    /usr/lib/jvm/java-7-openjdk-amd64/jre/lib/amd64/libjava.so
7ffdf88e9000-7ffdf88ea000 r--p 0002a000 08:06 3155961                    /usr/lib/jvm/java-7-openjdk-amd64/jre/lib/amd64/libjava.so
7ffdf88ea000-7ffdf88ec000 rw-p 0002b000 08:06 3155961                    /usr/lib/jvm/java-7-openjdk-amd64/jre/lib/amd64/libjava.so
7ffdf88ec000-7ffdf88fb000 r-xp 00000000 08:06 3155960                    /usr/lib/jvm/java-7-openjdk-amd64/jre/lib/amd64/libverify.so
7ffdf88fb000-7ffdf8afa000 ---p 0000f000 08:06 3155960                    /usr/lib/jvm/java-7-openjdk-amd64/jre/lib/amd64/libverify.so
7ffdf8afa000-7ffdf8afc000 r--p 0000e000 08:06 3155960                    /usr/lib/jvm/java-7-openjdk-amd64/jre/lib/amd64/libverify.so
7ffdf8afc000-7ffdf8afd000 rw-p 00010000 08:06 3155960                    /usr/lib/jvm/java-7-openjdk-amd64/jre/lib/amd64/libverify.so
7ffdf8afd000-7ffdf8b04000 r-xp 00000000 08:06 5120286                    /lib/x86_64-linux-gnu/librt-2.15.so
7ffdf8b04000-7ffdf8d03000 ---p 00007000 08:06 5120286                    /lib/x86_64-linux-gnu/librt-2.15.so
7ffdf8d03000-7ffdf8d04000 r--p 00006000 08:06 5120286                    /lib/x86_64-linux-gnu/librt-2.15.so
7ffdf8d04000-7ffdf8d05000 rw-p 00007000 08:06 5120286                    /lib/x86_64-linux-gnu/librt-2.15.so
7ffdf8d05000-7ffdf8d1a000 r-xp 00000000 08:06 5115404                    /lib/x86_64-linux-gnu/libgcc_s.so.1
7ffdf8d1a000-7ffdf8f19000 ---p 00015000 08:06 5115404                    /lib/x86_64-linux-gnu/libgcc_s.so.1
7ffdf8f19000-7ffdf8f1a000 r--p 00014000 08:06 5115404                    /lib/x86_64-linux-gnu/libgcc_s.so.1
7ffdf8f1a000-7ffdf8f1b000 rw-p 00015000 08:06 5115404                    /lib/x86_64-linux-gnu/libgcc_s.so.1
7ffdf8f1b000-7ffdf9016000 r-xp 00000000 08:06 5120295                    /lib/x86_64-linux-gnu/libm-2.15.so
7ffdf9016000-7ffdf9215000 ---p 000fb000 08:06 5120295                    /lib/x86_64-linux-gnu/libm-2.15.so
7ffdf9215000-7ffdf9216000 r--p 000fa000 08:06 5120295                    /lib/x86_64-linux-gnu/libm-2.15.so
7ffdf9216000-7ffdf9217000 rw-p 000fb000 08:06 5120295                    /lib/x86_64-linux-gnu/libm-2.15.so
7ffdf9217000-7ffdf92fc000 r-xp 00000000 08:06 3153881                    /usr/lib/x86_64-linux-gnu/libstdc++.so.6.0.17
7ffdf92fc000-7ffdf94fb000 ---p 000e5000 08:06 3153881                    /usr/lib/x86_64-linux-gnu/libstdc++.so.6.0.17
7ffdf94fb000-7ffdf9503000 r--p 000e4000 08:06 3153881                    /usr/lib/x86_64-linux-gnu/libstdc++.so.6.0.17
7ffdf9503000-7ffdf9505000 rw-p 000ec000 08:06 3153881                    /usr/lib/x86_64-linux-gnu/libstdc++.so.6.0.17
7ffdf9505000-7ffdf951a000 rw-p 00000000 00:00 0 
7ffdf951a000-7ffdf9f15000 r-xp 00000000 08:06 3155965                    /usr/lib/jvm/java-7-openjdk-amd64/jre/lib/amd64/server/libjvm.so
7ffdf9f15000-7ffdfa114000 ---p 009fb000 08:06 3155965                    /usr/lib/jvm/java-7-openjdk-amd64/jre/lib/amd64/server/libjvm.so
7ffdfa114000-7ffdfa193000 r--p 009fa000 08:06 3155965                    /usr/lib/jvm/java-7-openjdk-amd64/jre/lib/amd64/server/libjvm.so
7ffdfa193000-7ffdfa1b6000 rw-p 00a79000 08:06 3155965                    /usr/lib/jvm/java-7-openjdk-amd64/jre/lib/amd64/server/libjvm.so
7ffdfa1b6000-7ffdfa1e1000 rw-p 00000000 00:00 0 
7ffdfa1e1000-7ffdfa1f7000 r-xp 00000000 08:06 5115513                    /lib/x86_64-linux-gnu/libz.so.1.2.7
7ffdfa1f7000-7ffdfa3f6000 ---p 00016000 08:06 5115513                    /lib/x86_64-linux-gnu/libz.so.1.2.7
7ffdfa3f6000-7ffdfa3f7000 r--p 00015000 08:06 5115513                    /lib/x86_64-linux-gnu/libz.so.1.2.7
7ffdfa3f7000-7ffdfa3f8000 rw-p 00016000 08:06 5115513                    /lib/x86_64-linux-gnu/libz.so.1.2.7
7ffdfa3f8000-7ffdfa410000 r-xp 00000000 08:06 5120282                    /lib/x86_64-linux-gnu/libpthread-2.15.so
7ffdfa410000-7ffdfa60f000 ---p 00018000 08:06 5120282                    /lib/x86_64-linux-gnu/libpthread-2.15.so
7ffdfa60f000-7ffdfa610000 r--p 00017000 08:06 5120282                    /lib/x86_64-linux-gnu/libpthread-2.15.so
7ffdfa610000-7ffdfa611000 rw-p 00018000 08:06 5120282                    /lib/x86_64-linux-gnu/libpthread-2.15.so
7ffdfa611000-7ffdfa615000 rw-p 00000000 00:00 0 
7ffdfa615000-7ffdfa617000 r-xp 00000000 08:06 5120297                    /lib/x86_64-linux-gnu/libdl-2.15.so
7ffdfa617000-7ffdfa817000 ---p 00002000 08:06 5120297                    /lib/x86_64-linux-gnu/libdl-2.15.so
7ffdfa817000-7ffdfa818000 r--p 00002000 08:06 5120297                    /lib/x86_64-linux-gnu/libdl-2.15.so
7ffdfa818000-7ffdfa819000 rw-p 00003000 08:06 5120297                    /lib/x86_64-linux-gnu/libdl-2.15.so
7ffdfa819000-7ffdfa9ce000 r-xp 00000000 08:06 5120299                    /lib/x86_64-linux-gnu/libc-2.15.so
7ffdfa9ce000-7ffdfabcd000 ---p 001b5000 08:06 5120299                    /lib/x86_64-linux-gnu/libc-2.15.so
7ffdfabcd000-7ffdfabd1000 r--p 001b4000 08:06 5120299                    /lib/x86_64-linux-gnu/libc-2.15.so
7ffdfabd1000-7ffdfabd3000 rw-p 001b8000 08:06 5120299                    /lib/x86_64-linux-gnu/libc-2.15.so
7ffdfabd3000-7ffdfabd8000 rw-p 00000000 00:00 0 
7ffdfabfd000-7ffdfac0a000 r-xp 00000000 08:06 3153378                    /usr/lib/jvm/java-7-openjdk-amd64/jre/lib/amd64/jli/libjli.so
7ffdfac0a000-7ffdfae09000 ---p 0000d000 08:06 3153378                    /usr/lib/jvm/java-7-openjdk-amd64/jre/lib/amd64/jli/libjli.so
7ffdfae09000-7ffdfae0a000 r--p 0000c000 08:06 3153378                    /usr/lib/jvm/java-7-openjdk-amd64/jre/lib/amd64/jli/libjli.so
7ffdfae0a000-7ffdfae0b000 rw-p 0000d000 08:06 3153378                    /usr/lib/jvm/java-7-openjdk-amd64/jre/lib/amd64/jli/libjli.so
7ffdfae0b000-7ffdfae2d000 r-xp 00000000 08:06 5120287                    /lib/x86_64-linux-gnu/ld-2.15.so
7ffdfae31000-7ffdfae65000 rw-p 00000000 00:00 0 
7ffdfae65000-7ffdfaf1b000 rw-p 00000000 00:00 0 
7ffdfaf1b000-7ffdfaf23000 rw-s 00000000 08:06 3016963                    /tmp/hsperfdata_david/3355
7ffdfaf23000-7ffdfaf24000 rw-p 00000000 00:00 0 
7ffdfaf24000-7ffdfaf25000 r--p 00000000 00:00 0 
7ffdfaf25000-7ffdfaf28000 ---p 00000000 00:00 0 
7ffdfaf28000-7ffdfb02d000 rw-p 00000000 00:00 0                          [stack:3361]
7ffdfb02d000-7ffdfb02e000 r--p 00022000 08:06 5120287                    /lib/x86_64-linux-gnu/ld-2.15.so
7ffdfb02e000-7ffdfb030000 rw-p 00023000 08:06 5120287                    /lib/x86_64-linux-gnu/ld-2.15.so
7fff55c2d000-7fff55c4e000 rw-p 00000000 00:00 0                          [stack]
7fff55ce7000-7fff55ce8000 r-xp 00000000 00:00 0                          [vdso]
ffffffffff600000-ffffffffff601000 r-xp 00000000 00:00 0                  [vsyscall]

VM Arguments:
jvm_args: -Djava.library.path=. -Dfile.encoding=UTF-8 
java_command: vr.RiftJNI
Launcher Type: SUN_STANDARD

Environment Variables:
PATH=/usr/lib/lightdm/lightdm:/usr/local/sbin:/usr/local/bin:/usr/sbin:/usr/bin:/sbin:/bin:/usr/games:/usr/local/games
SHELL=/bin/bash
DISPLAY=:0

Signal Handlers:
SIGSEGV: [libjvm.so+0x8574b0], sa_mask[0]=0x7ffbfeff, sa_flags=0x10000004
SIGBUS: [libjvm.so+0x8574b0], sa_mask[0]=0x7ffbfeff, sa_flags=0x10000004
SIGFPE: [libjvm.so+0x6f8200], sa_mask[0]=0x7ffbfeff, sa_flags=0x10000004
SIGPIPE: [libjvm.so+0x6f8200], sa_mask[0]=0x7ffbfeff, sa_flags=0x10000004
SIGXFSZ: [libjvm.so+0x6f8200], sa_mask[0]=0x7ffbfeff, sa_flags=0x10000004
SIGILL: [libjvm.so+0x6f8200], sa_mask[0]=0x7ffbfeff, sa_flags=0x10000004
SIGUSR1: SIG_DFL, sa_mask[0]=0x00000000, sa_flags=0x00000000
SIGUSR2: [libjvm.so+0x6f85d0], sa_mask[0]=0x00000004, sa_flags=0x10000004
SIGHUP: [libjvm.so+0x6f8710], sa_mask[0]=0x7ffbfeff, sa_flags=0x10000004
SIGINT: [libjvm.so+0x6f8710], sa_mask[0]=0x7ffbfeff, sa_flags=0x10000004
SIGTERM: [libjvm.so+0x6f8710], sa_mask[0]=0x7ffbfeff, sa_flags=0x10000004
SIGQUIT: [libjvm.so+0x6f8710], sa_mask[0]=0x7ffbfeff, sa_flags=0x10000004


---------------  S Y S T E M  ---------------

OS:Ubuntu 12.10 (quantal)
uname:Linux 3.5.0-28-generic #48-Ubuntu SMP Tue Apr 23 23:03:38 UTC 2013 x86_64
libc:glibc 2.15 NPTL 2.15 
rlimit: STACK 8192k, CORE 0k, NPROC 63158, NOFILE 4096, AS infinity
load average:2.93 2.42 2.16

/proc/meminfo:
MemTotal:        8175080 kB
MemFree:          240512 kB
Buffers:          611944 kB
Cached:          2924128 kB
SwapCached:         2572 kB
Active:          4407840 kB
Inactive:        2500704 kB
Active(anon):    2584812 kB
Inactive(anon):   821948 kB
Active(file):    1823028 kB
Inactive(file):  1678756 kB
Unevictable:       31392 kB
Mlocked:           31392 kB
SwapTotal:       8381436 kB
SwapFree:        8362328 kB
Dirty:              5448 kB
Writeback:             0 kB
AnonPages:       3401856 kB
Mapped:           467312 kB
Shmem:             28456 kB
Slab:             483720 kB
SReclaimable:     374816 kB
SUnreclaim:       108904 kB
KernelStack:        6072 kB
PageTables:        64668 kB
NFS_Unstable:          0 kB
Bounce:                0 kB
WritebackTmp:          0 kB
CommitLimit:    12468976 kB
Committed_AS:    8847884 kB
VmallocTotal:   34359738367 kB
VmallocUsed:      316540 kB
VmallocChunk:   34359415500 kB
HardwareCorrupted:     0 kB
AnonHugePages:         0 kB
HugePages_Total:       0
HugePages_Free:        0
HugePages_Rsvd:        0
HugePages_Surp:        0
Hugepagesize:       2048 kB
DirectMap4k:     1215424 kB
DirectMap2M:     7170048 kB
DirectMap1G:           0 kB


CPU:total 6 (6 cores per cpu, 1 threads per core) family 16 model 10 stepping 0, cmov, cx8, fxsr, mmx, sse, sse2, sse3, popcnt, mmxext, 3dnowpref, lzcnt, sse4a, tsc, tscinvbit, tscinv

/proc/cpuinfo:
processor	: 0
vendor_id	: AuthenticAMD
cpu family	: 16
model		: 10
model name	: AMD Phenom(tm) II X6 1090T Processor
stepping	: 0
microcode	: 0x10000dc
cpu MHz		: 3200.000
cache size	: 512 KB
physical id	: 0
siblings	: 6
core id		: 0
cpu cores	: 6
apicid		: 0
initial apicid	: 0
fpu		: yes
fpu_exception	: yes
cpuid level	: 6
wp		: yes
flags		: fpu vme de pse tsc msr pae mce cx8 apic sep mtrr pge mca cmov pat pse36 clflush mmx fxsr sse sse2 ht syscall nx mmxext fxsr_opt pdpe1gb rdtscp lm 3dnowext 3dnow constant_tsc rep_good nopl nonstop_tsc extd_apicid aperfmperf pni monitor cx16 popcnt lahf_lm cmp_legacy svm extapic cr8_legacy abm sse4a misalignsse 3dnowprefetch osvw ibs skinit wdt cpb hw_pstate npt lbrv svm_lock nrip_save pausefilter
bogomips	: 6427.94
TLB size	: 1024 4K pages
clflush size	: 64
cache_alignment	: 64
address sizes	: 48 bits physical, 48 bits virtual
power management: ts ttp tm stc 100mhzsteps hwpstate cpb

processor	: 1
vendor_id	: AuthenticAMD
cpu family	: 16
model		: 10
model name	: AMD Phenom(tm) II X6 1090T Processor
stepping	: 0
microcode	: 0x10000dc
cpu MHz		: 800.000
cache size	: 512 KB
physical id	: 0
siblings	: 6
core id		: 3
cpu cores	: 6
apicid		: 1
initial apicid	: 3
fpu		: yes
fpu_exception	: yes
cpuid level	: 6
wp		: yes
flags		: fpu vme de pse tsc msr pae mce cx8 apic sep mtrr pge mca cmov pat pse36 clflush mmx fxsr sse sse2 ht syscall nx mmxext fxsr_opt pdpe1gb rdtscp lm 3dnowext 3dnow constant_tsc rep_good nopl nonstop_tsc extd_apicid aperfmperf pni monitor cx16 popcnt lahf_lm cmp_legacy svm extapic cr8_legacy abm sse4a misalignsse 3dnowprefetch osvw ibs skinit wdt cpb hw_pstate npt lbrv svm_lock nrip_save pausefilter
bogomips	: 6427.94
TLB size	: 1024 4K pages
clflush size	: 64
cache_alignment	: 64
address sizes	: 48 bits physical, 48 bits virtual
power management: ts ttp tm stc 100mhzsteps hwpstate cpb

processor	: 2
vendor_id	: AuthenticAMD
cpu family	: 16
model		: 10
model name	: AMD Phenom(tm) II X6 1090T Processor
stepping	: 0
microcode	: 0x10000dc
cpu MHz		: 800.000
cache size	: 512 KB
physical id	: 0
siblings	: 6
core id		: 4
cpu cores	: 6
apicid		: 2
initial apicid	: 4
fpu		: yes
fpu_exception	: yes
cpuid level	: 6
wp		: yes
flags		: fpu vme de pse tsc msr pae mce cx8 apic sep mtrr pge mca cmov pat pse36 clflush mmx fxsr sse sse2 ht syscall nx mmxext fxsr_opt pdpe1gb rdtscp lm 3dnowext 3dnow constant_tsc rep_good nopl nonstop_tsc extd_apicid aperfmperf pni monitor cx16 popcnt lahf_lm cmp_legacy svm extapic cr8_legacy abm sse4a misalignsse 3dnowprefetch osvw ibs skinit wdt cpb hw_pstate npt lbrv svm_lock nrip_save pausefilter
bogomips	: 6427.94
TLB size	: 1024 4K pages
clflush size	: 64
cache_alignment	: 64
address sizes	: 48 bits physical, 48 bits virtual
power management: ts ttp tm stc 100mhzsteps hwpstate cpb

processor	: 3
vendor_id	: AuthenticAMD
cpu family	: 16
model		: 10
model name	: AMD Phenom(tm) II X6 1090T Processor
stepping	: 0
microcode	: 0x10000dc
cpu MHz		: 800.000
cache size	: 512 KB
physical id	: 0
siblings	: 6
core id		: 5
cpu cores	: 6
apicid		: 3
initial apicid	: 5
fpu		: yes
fpu_exception	: yes
cpuid level	: 6
wp		: yes
flags		: fpu vme de pse tsc msr pae mce cx8 apic sep mtrr pge mca cmov pat pse36 clflush mmx fxsr sse sse2 ht syscall nx mmxext fxsr_opt pdpe1gb rdtscp lm 3dnowext 3dnow constant_tsc rep_good nopl nonstop_tsc extd_apicid aperfmperf pni monitor cx16 popcnt lahf_lm cmp_legacy svm extapic cr8_legacy abm sse4a misalignsse 3dnowprefetch osvw ibs skinit wdt cpb hw_pstate npt lbrv svm_lock nrip_save pausefilter
bogomips	: 6427.94
TLB size	: 1024 4K pages
clflush size	: 64
cache_alignment	: 64
address sizes	: 48 bits physical, 48 bits virtual
power management: ts ttp tm stc 100mhzsteps hwpstate cpb

processor	: 4
vendor_id	: AuthenticAMD
cpu family	: 16
model		: 10
model name	: AMD Phenom(tm) II X6 1090T Processor
stepping	: 0
microcode	: 0x10000dc
cpu MHz		: 800.000
cache size	: 512 KB
physical id	: 0
siblings	: 6
core id		: 1
cpu cores	: 6
apicid		: 4
initial apicid	: 1
fpu		: yes
fpu_exception	: yes
cpuid level	: 6
wp		: yes
flags		: fpu vme de pse tsc msr pae mce cx8 apic sep mtrr pge mca cmov pat pse36 clflush mmx fxsr sse sse2 ht syscall nx mmxext fxsr_opt pdpe1gb rdtscp lm 3dnowext 3dnow constant_tsc rep_good nopl nonstop_tsc extd_apicid aperfmperf pni monitor cx16 popcnt lahf_lm cmp_legacy svm extapic cr8_legacy abm sse4a misalignsse 3dnowprefetch osvw ibs skinit wdt cpb hw_pstate npt lbrv svm_lock nrip_save pausefilter
bogomips	: 6427.94
TLB size	: 1024 4K pages
clflush size	: 64
cache_alignment	: 64
address sizes	: 48 bits physical, 48 bits virtual
power management: ts ttp tm stc 100mhzsteps hwpstate cpb

processor	: 5
vendor_id	: AuthenticAMD
cpu family	: 16
model		: 10
model name	: AMD Phenom(tm) II X6 1090T Processor
stepping	: 0
microcode	: 0x10000dc
cpu MHz		: 800.000
cache size	: 512 KB
physical id	: 0
siblings	: 6
core id		: 2
cpu cores	: 6
apicid		: 5
initial apicid	: 2
fpu		: yes
fpu_exception	: yes
cpuid level	: 6
wp		: yes
flags		: fpu vme de pse tsc msr pae mce cx8 apic sep mtrr pge mca cmov pat pse36 clflush mmx fxsr sse sse2 ht syscall nx mmxext fxsr_opt pdpe1gb rdtscp lm 3dnowext 3dnow constant_tsc rep_good nopl nonstop_tsc extd_apicid aperfmperf pni monitor cx16 popcnt lahf_lm cmp_legacy svm extapic cr8_legacy abm sse4a misalignsse 3dnowprefetch osvw ibs skinit wdt cpb hw_pstate npt lbrv svm_lock nrip_save pausefilter
bogomips	: 6427.94
TLB size	: 1024 4K pages
clflush size	: 64
cache_alignment	: 64
address sizes	: 48 bits physical, 48 bits virtual
power management: ts ttp tm stc 100mhzsteps hwpstate cpb



Memory: 4k page, physical 8175080k(240512k free), swap 8381436k(8362328k free)

vm_info: OpenJDK 64-Bit Server VM (23.7-b01) for linux-amd64 JRE (1.7.0_21-b02), built on Apr 22 2013 22:26:19 by "buildd" with gcc 4.7.2

time: Thu May 16 03:39:36 2013
elapsed time: 1 seconds

