#
# A fatal error has been detected by the Java Runtime Environment:
#
#  SIGSEGV (0xb) at pc=0x00007f38e93f2783, pid=2148, tid=139882430990080
#
# JRE version: 7.0_21-b02
# Java VM: OpenJDK 64-Bit Server VM (23.7-b01 mixed mode linux-amd64 compressed oops)
# Problematic frame:
# V  [libjvm.so+0x53d783]  jni_SetDoubleArrayRegion+0x83
#
# Failed to write core dump. Core dumps have been disabled. To enable core dumping, try "ulimit -c unlimited" before starting Java again
#
# If you would like to submit a bug report, please include
# instructions on how to reproduce the bug and visit:
#   https://bugs.launchpad.net/ubuntu/+source/openjdk-7/
#

---------------  T H R E A D  ---------------

Current thread (0x00007f38e4009800):  JavaThread "main" [_thread_in_vm, id=2153, stack(0x00007f38ea8c0000,0x00007f38ea9c1000)]

siginfo:si_signo=SIGSEGV: si_errno=0, si_code=1 (SEGV_MAPERR), si_addr=0x0000000000000000

Registers:
RAX=0x0000000000000000, RBX=0x00007f38e4009800, RCX=0x0000000000000004, RDX=0x0000000000000004
RSP=0x00007f38ea9bf890, RBP=0x00007f38ea9bf8f0, RSI=0x0000000000000006, RDI=0x00007f38e4009800
R8 =0x00000000000000e8, R9 =0x00000000ffffffff, R10=0x00007f38e05ccf64, R11=0x00007f38e96366e0
R12=0x0000000000000004, R13=0x0000000000000000, R14=0x00000000000000e8, R15=0x0000000000000000
RIP=0x00007f38e93f2783, EFLAGS=0x0000000000010246, CSGSFS=0x0000000000000033, ERR=0x0000000000000004
  TRAPNO=0x000000000000000e

Top of Stack: (sp=0x00007f38ea9bf890)
0x00007f38ea9bf890:   00007f38e4009800 00007f38e4009800
0x00007f38ea9bf8a0:   00007f38e4009800 0000000000000000
0x00007f38ea9bf8b0:   00007f38e4006e50 00007f38e4009800
0x00007f38ea9bf8c0:   00007f38ea9bf900 00000007790ad338
0x00007f38ea9bf8d0:   0000000000000000 00000007790ad338
0x00007f38ea9bf8e0:   00007f38ea9bf978 00007f38e4009800
0x00007f38ea9bf8f0:   00007f38ea9bf910 00007f38d7dfebdc
0x00007f38ea9bf900:   00007f38ea9bf970 00007f38e40099d8
0x00007f38ea9bf910:   00007f38ea9bf960 00007f38e05ccf90
0x00007f38ea9bf920:   00007f38ea9bf920 00000007790ad338
0x00007f38ea9bf930:   00007f38ea9bf978 00000007790ad830
0x00007f38ea9bf940:   0000000000000000 00000007790ad338
0x00007f38ea9bf950:   0000000000000000 00007f38ea9bf980
0x00007f38ea9bf960:   00007f38ea9bf9e0 00007f38e05c1333
0x00007f38ea9bf970:   00000007d670eff8 00007f38e05c9ddb
0x00007f38ea9bf980:   0000000000000000 00000007d6710560
0x00007f38ea9bf990:   00000007d6710560 00000007d670eff8
0x00007f38ea9bf9a0:   00007f38ea9bf9a0 00000007790ad51d
0x00007f38ea9bf9b0:   00007f38ea9bf9f8 00000007790ad830
0x00007f38ea9bf9c0:   0000000000000000 00000007790ad560
0x00007f38ea9bf9d0:   00007f38ea9bf980 00007f38ea9bf9f8
0x00007f38ea9bf9e0:   00007f38ea9bfa60 00007f38e05bb4f7
0x00007f38ea9bf9f0:   0000000000000001 00000007d6710550
0x00007f38ea9bfa00:   00007f3800001fa0 0000000000000000
0x00007f38ea9bfa10:   00007f38ea9bfcb0 00007f38ea9bfbd0
0x00007f38ea9bfa20:   00007f38e4009800 00007f38e400a400
0x00007f38ea9bfa30:   00007f38ea9bfac0 00007f38ea9bfcb8
0x00007f38ea9bfa40:   00007f380000000a 00000007790ad560
0x00007f38ea9bfa50:   00007f38e05cb3a0 00007f38ea9bfbd8
0x00007f38ea9bfa60:   00007f38ea9bfb30 00007f38e93dec7c
0x00007f38ea9bfa70:   00007f3800000001 00007f38e4009800
0x00007f38ea9bfa80:   00007f38e05cb3a0 00007f380000000a 

Instructions: (pc=0x00007f38e93f2783)
0x00007f38e93f2763:   00 48 83 7b 08 00 48 89 5d b0 48 c7 45 b8 00 00
0x00007f38e93f2773:   00 00 74 09 48 8d 7d b0 e8 40 81 20 00 44 89 e2
0x00007f38e93f2783:   49 8b 07 c1 ea 1f 84 d2 75 0a 44 89 ea c1 ea 1f
0x00007f38e93f2793:   84 d2 74 59 48 8b 05 02 7f 73 00 48 8d 35 7b dd 

Register to memory mapping:

RAX=0x0000000000000000 is an unknown value
RBX=0x00007f38e4009800 is a thread
RCX=0x0000000000000004 is an unknown value
RDX=0x0000000000000004 is an unknown value
RSP=0x00007f38ea9bf890 is pointing into the stack for thread: 0x00007f38e4009800
RBP=0x00007f38ea9bf8f0 is pointing into the stack for thread: 0x00007f38e4009800
RSI=0x0000000000000006 is an unknown value
RDI=0x00007f38e4009800 is a thread
R8 =0x00000000000000e8 is an unknown value
R9 =0x00000000ffffffff is an unknown value
R10=0x00007f38e05ccf64 is an Interpreter codelet
method entry point (kind = native)  [0x00007f38e05ccd00, 0x00007f38e05cd540]  2112 bytes
R11=0x00007f38e96366e0: <offset 0x7816e0> in /usr/lib/jvm/java-7-openjdk-amd64/jre/lib/amd64/server/libjvm.so at 0x00007f38e8eb5000
R12=0x0000000000000004 is an unknown value
R13=0x0000000000000000 is an unknown value
R14=0x00000000000000e8 is an unknown value
R15=0x0000000000000000 is an unknown value


Stack: [0x00007f38ea8c0000,0x00007f38ea9c1000],  sp=0x00007f38ea9bf890,  free space=1022k
Native frames: (J=compiled Java code, j=interpreted, Vv=VM code, C=native code)
V  [libjvm.so+0x53d783]  jni_SetDoubleArrayRegion+0x83
C  [librift.so+0xbdc]  Java_vr_RiftJNI_getData+0x4c
j  vr.RiftJNI.getData()[D+0
j  vr.RiftJNI.main([Ljava/lang/String;)V+13
v  ~StubRoutines::call_stub
V  [libjvm.so+0x529c7c]  JavaCalls::call_helper(JavaValue*, methodHandle*, JavaCallArguments*, Thread*)+0x32c
V  [libjvm.so+0x529725]  JavaCalls::call(JavaValue*, methodHandle, JavaCallArguments*, Thread*)+0x25
V  [libjvm.so+0x53f79a]  jni_invoke_static(JNIEnv_*, JavaValue*, _jobject*, JNICallType, _jmethodID*, JNI_ArgumentPusher*, Thread*) [clone .isra.122] [clone .constprop.145]+0xda
V  [libjvm.so+0x53fdfa]  jni_CallStaticVoidMethod+0x12a
C  [libjli.so+0x31e1]  __strcat_chk+0x31e1

Java frames: (J=compiled Java code, j=interpreted, Vv=VM code)
j  vr.RiftJNI.getData()[D+0
j  vr.RiftJNI.main([Ljava/lang/String;)V+13
v  ~StubRoutines::call_stub

---------------  P R O C E S S  ---------------

Java Threads: ( => current thread )
  0x00007f38e4114000 JavaThread "Service Thread" daemon [_thread_blocked, id=2167, stack(0x00007f38dc200000,0x00007f38dc301000)]
  0x00007f38e4112000 JavaThread "C2 CompilerThread1" daemon [_thread_blocked, id=2166, stack(0x00007f38dc301000,0x00007f38dc402000)]
  0x00007f38e410f000 JavaThread "C2 CompilerThread0" daemon [_thread_blocked, id=2165, stack(0x00007f38dc402000,0x00007f38dc503000)]
  0x00007f38e410c800 JavaThread "Signal Dispatcher" daemon [_thread_blocked, id=2164, stack(0x00007f38dc503000,0x00007f38dc604000)]
  0x00007f38e40b6800 JavaThread "Finalizer" daemon [_thread_blocked, id=2163, stack(0x00007f38dcce5000,0x00007f38dcde6000)]
  0x00007f38e40b4000 JavaThread "Reference Handler" daemon [_thread_blocked, id=2162, stack(0x00007f38dcde6000,0x00007f38dcee7000)]
=>0x00007f38e4009800 JavaThread "main" [_thread_in_vm, id=2153, stack(0x00007f38ea8c0000,0x00007f38ea9c1000)]

Other Threads:
  0x00007f38e40ac000 VMThread [stack: 0x00007f38dcee7000,0x00007f38dcfe8000] [id=2161]
  0x00007f38e4127000 WatcherThread [stack: 0x00007f38dc0ff000,0x00007f38dc200000] [id=2168]

VM state:not at safepoint (normal execution)

VM Mutex/Monitor currently owned by a thread: None

Heap
 PSYoungGen      total 37248K, used 638K [0x00000007d66b0000, 0x00000007d9040000, 0x0000000800000000)
  eden space 31936K, 2% used [0x00000007d66b0000,0x00000007d674fb50,0x00000007d85e0000)
  from space 5312K, 0% used [0x00000007d8b10000,0x00000007d8b10000,0x00000007d9040000)
  to   space 5312K, 0% used [0x00000007d85e0000,0x00000007d85e0000,0x00000007d8b10000)
 ParOldGen       total 85184K, used 0K [0x0000000783400000, 0x0000000788730000, 0x00000007d66b0000)
  object space 85184K, 0% used [0x0000000783400000,0x0000000783400000,0x0000000788730000)
 PSPermGen       total 21248K, used 2745K [0x0000000778e00000, 0x000000077a2c0000, 0x0000000783400000)
  object space 21248K, 12% used [0x0000000778e00000,0x00000007790ae728,0x000000077a2c0000)

Card table byte_map: [0x00007f38e0181000,0x00007f38e05bb000] byte_map_base: 0x00007f38dc5ba000

Polling page: 0x00007f38ea8bf000

Code Cache  [0x00007f38e05bb000, 0x00007f38e082b000, 0x00007f38e35bb000)
 total_blobs=162 nmethods=0 adapters=130 free_code_cache=48776Kb largest_free_block=49946880

Compilation events (0 events):
No events

GC Heap History (0 events):
No events

Deoptimization events (0 events):
No events

Internal exceptions (5 events):
Event: 0.040 Thread 0x00007f38e4009800 Threw 0x00000007d66b6140 at /build/buildd/openjdk-7-7u21-2.3.9/build/openjdk/hotspot/src/share/vm/prims/jni.cpp:3994
Event: 0.082 Thread 0x00007f38e4009800 Threw 0x00000007d6702f40 at /build/buildd/openjdk-7-7u21-2.3.9/build/openjdk/hotspot/src/share/vm/prims/jni.cpp:716
Event: 0.083 Thread 0x00007f38e4009800 Threw 0x00000007d67030d8 at /build/buildd/openjdk-7-7u21-2.3.9/build/openjdk/hotspot/src/share/vm/prims/jvm.cpp:1166
Event: 0.083 Thread 0x00007f38e4009800 Threw 0x00000007d6703200 at /build/buildd/openjdk-7-7u21-2.3.9/build/openjdk/hotspot/src/share/vm/prims/jvm.cpp:1166
Event: 0.084 Thread 0x00007f38e4009800 Threw 0x00000007d670aad8 at /build/buildd/openjdk-7-7u21-2.3.9/build/openjdk/hotspot/src/share/vm/prims/jvm.cpp:1166

Events (10 events):
Event: 0.088 loading class 0x00007f38e4181860
Event: 0.088 loading class 0x00007f38e4181860 done
Event: 0.088 loading class 0x00007f38e4181890
Event: 0.088 loading class 0x00007f38e4181890 done
Event: 0.088 loading class 0x00007f38e40ae4d0
Event: 0.088 loading class 0x00007f38e40ae4d0 done
Event: 0.089 loading class 0x00007f38e4062a70
Event: 0.089 loading class 0x00007f38e4062a70 done
Event: 0.089 loading class 0x00007f38e4063600
Event: 0.089 loading class 0x00007f38e4063600 done


Dynamic libraries:
00400000-00401000 r-xp 00000000 08:06 3155978                            /usr/lib/jvm/java-7-openjdk-amd64/jre/bin/java
00600000-00601000 r--p 00000000 08:06 3155978                            /usr/lib/jvm/java-7-openjdk-amd64/jre/bin/java
00601000-00602000 rw-p 00001000 08:06 3155978                            /usr/lib/jvm/java-7-openjdk-amd64/jre/bin/java
019ec000-01a0d000 rw-p 00000000 00:00 0                                  [heap]
778e00000-77a2c0000 rw-p 00000000 00:00 0 
77a2c0000-783400000 rw-p 00000000 00:00 0 
783400000-788730000 rw-p 00000000 00:00 0 
788730000-7d66b0000 rw-p 00000000 00:00 0 
7d66b0000-7d9040000 rw-p 00000000 00:00 0 
7d9040000-800000000 rw-p 00000000 00:00 0 
7f3884000000-7f3884021000 rw-p 00000000 00:00 0 
7f3884021000-7f3888000000 ---p 00000000 00:00 0 
7f388c000000-7f388c021000 rw-p 00000000 00:00 0 
7f388c021000-7f3890000000 ---p 00000000 00:00 0 
7f3890000000-7f3890021000 rw-p 00000000 00:00 0 
7f3890021000-7f3894000000 ---p 00000000 00:00 0 
7f3894000000-7f3894021000 rw-p 00000000 00:00 0 
7f3894021000-7f3898000000 ---p 00000000 00:00 0 
7f3898000000-7f3898021000 rw-p 00000000 00:00 0 
7f3898021000-7f389c000000 ---p 00000000 00:00 0 
7f389c000000-7f389c021000 rw-p 00000000 00:00 0 
7f389c021000-7f38a0000000 ---p 00000000 00:00 0 
7f38a0000000-7f38a0021000 rw-p 00000000 00:00 0 
7f38a0021000-7f38a4000000 ---p 00000000 00:00 0 
7f38a4000000-7f38a4021000 rw-p 00000000 00:00 0 
7f38a4021000-7f38a8000000 ---p 00000000 00:00 0 
7f38abc70000-7f38b0000000 rw-p 00000000 00:00 0 
7f38b0000000-7f38b0021000 rw-p 00000000 00:00 0 
7f38b0021000-7f38b4000000 ---p 00000000 00:00 0 
7f38b8000000-7f38b8021000 rw-p 00000000 00:00 0 
7f38b8021000-7f38bc000000 ---p 00000000 00:00 0 
7f38c0000000-7f38c0021000 rw-p 00000000 00:00 0 
7f38c0021000-7f38c4000000 ---p 00000000 00:00 0 
7f38c8000000-7f38c8021000 rw-p 00000000 00:00 0 
7f38c8021000-7f38cc000000 ---p 00000000 00:00 0 
7f38d0000000-7f38d0021000 rw-p 00000000 00:00 0 
7f38d0021000-7f38d4000000 ---p 00000000 00:00 0 
7f38d7cbb000-7f38d7dfe000 rw-p 00000000 00:00 0 
7f38d7dfe000-7f38d7dff000 r-xp 00000000 00:15 2888806                    /home/david/Documents/workspace/Fungine/librift.so
7f38d7dff000-7f38d7ffe000 ---p 00001000 00:15 2888806                    /home/david/Documents/workspace/Fungine/librift.so
7f38d7ffe000-7f38d7fff000 r--p 00000000 00:15 2888806                    /home/david/Documents/workspace/Fungine/librift.so
7f38d7fff000-7f38d8000000 rw-p 00001000 00:15 2888806                    /home/david/Documents/workspace/Fungine/librift.so
7f38d8000000-7f38d8021000 rw-p 00000000 00:00 0 
7f38d8021000-7f38dc000000 ---p 00000000 00:00 0 
7f38dc037000-7f38dc0ff000 rw-p 00000000 00:00 0 
7f38dc0ff000-7f38dc100000 ---p 00000000 00:00 0 
7f38dc100000-7f38dc200000 rw-p 00000000 00:00 0                          [stack:2168]
7f38dc200000-7f38dc203000 ---p 00000000 00:00 0 
7f38dc203000-7f38dc301000 rw-p 00000000 00:00 0                          [stack:2167]
7f38dc301000-7f38dc304000 ---p 00000000 00:00 0 
7f38dc304000-7f38dc402000 rw-p 00000000 00:00 0                          [stack:2166]
7f38dc402000-7f38dc405000 ---p 00000000 00:00 0 
7f38dc405000-7f38dc503000 rw-p 00000000 00:00 0                          [stack:2165]
7f38dc503000-7f38dc506000 ---p 00000000 00:00 0 
7f38dc506000-7f38dc604000 rw-p 00000000 00:00 0                          [stack:2164]
7f38dc604000-7f38dcce5000 r--p 00000000 08:06 3152289                    /usr/lib/locale/locale-archive
7f38dcce5000-7f38dcce8000 ---p 00000000 00:00 0 
7f38dcce8000-7f38dcde6000 rw-p 00000000 00:00 0                          [stack:2163]
7f38dcde6000-7f38dcde9000 ---p 00000000 00:00 0 
7f38dcde9000-7f38dcee7000 rw-p 00000000 00:00 0                          [stack:2162]
7f38dcee7000-7f38dcee8000 ---p 00000000 00:00 0 
7f38dcee8000-7f38de650000 rw-p 00000000 00:00 0                          [stack:2161]
7f38de650000-7f38de7fd000 r--s 01cde000 08:06 3153373                    /usr/lib/jvm/java-7-openjdk-amd64/jre/lib/rt.jar
7f38de7fd000-7f38df8e1000 rw-p 00000000 00:00 0 
7f38df8e1000-7f38df8e2000 ---p 00000000 00:00 0 
7f38df8e2000-7f38df9e2000 rw-p 00000000 00:00 0                          [stack:2160]
7f38df9e2000-7f38df9e3000 ---p 00000000 00:00 0 
7f38df9e3000-7f38dfae3000 rw-p 00000000 00:00 0                          [stack:2159]
7f38dfae3000-7f38dfae4000 ---p 00000000 00:00 0 
7f38dfae4000-7f38dfbe4000 rw-p 00000000 00:00 0                          [stack:2158]
7f38dfbe4000-7f38dfbe5000 ---p 00000000 00:00 0 
7f38dfbe5000-7f38dfce5000 rw-p 00000000 00:00 0                          [stack:2157]
7f38dfce5000-7f38dfce6000 ---p 00000000 00:00 0 
7f38dfce6000-7f38dfde6000 rw-p 00000000 00:00 0                          [stack:2156]
7f38dfde6000-7f38dfde7000 ---p 00000000 00:00 0 
7f38dfde7000-7f38dff11000 rw-p 00000000 00:00 0                          [stack:2155]
7f38dff11000-7f38e0181000 rw-p 00000000 00:00 0 
7f38e0181000-7f38e018c000 rw-p 00000000 00:00 0 
7f38e018c000-7f38e01d4000 rw-p 00000000 00:00 0 
7f38e01d4000-7f38e01fe000 rw-p 00000000 00:00 0 
7f38e01fe000-7f38e046d000 rw-p 00000000 00:00 0 
7f38e046d000-7f38e0483000 rw-p 00000000 00:00 0 
7f38e0483000-7f38e05ba000 rw-p 00000000 00:00 0 
7f38e05ba000-7f38e05bb000 rw-p 00000000 00:00 0 
7f38e05bb000-7f38e082b000 rwxp 00000000 00:00 0 
7f38e082b000-7f38e35bb000 rw-p 00000000 00:00 0 
7f38e35bb000-7f38e35c3000 r-xp 00000000 08:06 3155977                    /usr/lib/jvm/java-7-openjdk-amd64/jre/lib/amd64/libzip.so
7f38e35c3000-7f38e37c2000 ---p 00008000 08:06 3155977                    /usr/lib/jvm/java-7-openjdk-amd64/jre/lib/amd64/libzip.so
7f38e37c2000-7f38e37c3000 r--p 00007000 08:06 3155977                    /usr/lib/jvm/java-7-openjdk-amd64/jre/lib/amd64/libzip.so
7f38e37c3000-7f38e37c4000 rw-p 00008000 08:06 3155977                    /usr/lib/jvm/java-7-openjdk-amd64/jre/lib/amd64/libzip.so
7f38e37c4000-7f38e37d0000 r-xp 00000000 08:06 5120284                    /lib/x86_64-linux-gnu/libnss_files-2.15.so
7f38e37d0000-7f38e39cf000 ---p 0000c000 08:06 5120284                    /lib/x86_64-linux-gnu/libnss_files-2.15.so
7f38e39cf000-7f38e39d0000 r--p 0000b000 08:06 5120284                    /lib/x86_64-linux-gnu/libnss_files-2.15.so
7f38e39d0000-7f38e39d1000 rw-p 0000c000 08:06 5120284                    /lib/x86_64-linux-gnu/libnss_files-2.15.so
7f38e39d1000-7f38e39db000 r-xp 00000000 08:06 5120276                    /lib/x86_64-linux-gnu/libnss_nis-2.15.so
7f38e39db000-7f38e3bdb000 ---p 0000a000 08:06 5120276                    /lib/x86_64-linux-gnu/libnss_nis-2.15.so
7f38e3bdb000-7f38e3bdc000 r--p 0000a000 08:06 5120276                    /lib/x86_64-linux-gnu/libnss_nis-2.15.so
7f38e3bdc000-7f38e3bdd000 rw-p 0000b000 08:06 5120276                    /lib/x86_64-linux-gnu/libnss_nis-2.15.so
7f38e3bdd000-7f38e3bf4000 r-xp 00000000 08:06 5120294                    /lib/x86_64-linux-gnu/libnsl-2.15.so
7f38e3bf4000-7f38e3df3000 ---p 00017000 08:06 5120294                    /lib/x86_64-linux-gnu/libnsl-2.15.so
7f38e3df3000-7f38e3df4000 r--p 00016000 08:06 5120294                    /lib/x86_64-linux-gnu/libnsl-2.15.so
7f38e3df4000-7f38e3df5000 rw-p 00017000 08:06 5120294                    /lib/x86_64-linux-gnu/libnsl-2.15.so
7f38e3df5000-7f38e3df7000 rw-p 00000000 00:00 0 
7f38e3df7000-7f38e3dff000 r-xp 00000000 08:06 5120298                    /lib/x86_64-linux-gnu/libnss_compat-2.15.so
7f38e3dff000-7f38e3ffe000 ---p 00008000 08:06 5120298                    /lib/x86_64-linux-gnu/libnss_compat-2.15.so
7f38e3ffe000-7f38e3fff000 r--p 00007000 08:06 5120298                    /lib/x86_64-linux-gnu/libnss_compat-2.15.so
7f38e3fff000-7f38e4000000 rw-p 00008000 08:06 5120298                    /lib/x86_64-linux-gnu/libnss_compat-2.15.so
7f38e4000000-7f38e4192000 rw-p 00000000 00:00 0 
7f38e4192000-7f38e8000000 ---p 00000000 00:00 0 
7f38e8007000-7f38e8012000 rw-p 00000000 00:00 0 
7f38e8012000-7f38e805a000 rw-p 00000000 00:00 0 
7f38e805a000-7f38e8085000 r-xp 00000000 08:06 3155961                    /usr/lib/jvm/java-7-openjdk-amd64/jre/lib/amd64/libjava.so
7f38e8085000-7f38e8284000 ---p 0002b000 08:06 3155961                    /usr/lib/jvm/java-7-openjdk-amd64/jre/lib/amd64/libjava.so
7f38e8284000-7f38e8285000 r--p 0002a000 08:06 3155961                    /usr/lib/jvm/java-7-openjdk-amd64/jre/lib/amd64/libjava.so
7f38e8285000-7f38e8287000 rw-p 0002b000 08:06 3155961                    /usr/lib/jvm/java-7-openjdk-amd64/jre/lib/amd64/libjava.so
7f38e8287000-7f38e8296000 r-xp 00000000 08:06 3155960                    /usr/lib/jvm/java-7-openjdk-amd64/jre/lib/amd64/libverify.so
7f38e8296000-7f38e8495000 ---p 0000f000 08:06 3155960                    /usr/lib/jvm/java-7-openjdk-amd64/jre/lib/amd64/libverify.so
7f38e8495000-7f38e8497000 r--p 0000e000 08:06 3155960                    /usr/lib/jvm/java-7-openjdk-amd64/jre/lib/amd64/libverify.so
7f38e8497000-7f38e8498000 rw-p 00010000 08:06 3155960                    /usr/lib/jvm/java-7-openjdk-amd64/jre/lib/amd64/libverify.so
7f38e8498000-7f38e849f000 r-xp 00000000 08:06 5120286                    /lib/x86_64-linux-gnu/librt-2.15.so
7f38e849f000-7f38e869e000 ---p 00007000 08:06 5120286                    /lib/x86_64-linux-gnu/librt-2.15.so
7f38e869e000-7f38e869f000 r--p 00006000 08:06 5120286                    /lib/x86_64-linux-gnu/librt-2.15.so
7f38e869f000-7f38e86a0000 rw-p 00007000 08:06 5120286                    /lib/x86_64-linux-gnu/librt-2.15.so
7f38e86a0000-7f38e86b5000 r-xp 00000000 08:06 5115404                    /lib/x86_64-linux-gnu/libgcc_s.so.1
7f38e86b5000-7f38e88b4000 ---p 00015000 08:06 5115404                    /lib/x86_64-linux-gnu/libgcc_s.so.1
7f38e88b4000-7f38e88b5000 r--p 00014000 08:06 5115404                    /lib/x86_64-linux-gnu/libgcc_s.so.1
7f38e88b5000-7f38e88b6000 rw-p 00015000 08:06 5115404                    /lib/x86_64-linux-gnu/libgcc_s.so.1
7f38e88b6000-7f38e89b1000 r-xp 00000000 08:06 5120295                    /lib/x86_64-linux-gnu/libm-2.15.so
7f38e89b1000-7f38e8bb0000 ---p 000fb000 08:06 5120295                    /lib/x86_64-linux-gnu/libm-2.15.so
7f38e8bb0000-7f38e8bb1000 r--p 000fa000 08:06 5120295                    /lib/x86_64-linux-gnu/libm-2.15.so
7f38e8bb1000-7f38e8bb2000 rw-p 000fb000 08:06 5120295                    /lib/x86_64-linux-gnu/libm-2.15.so
7f38e8bb2000-7f38e8c97000 r-xp 00000000 08:06 3153881                    /usr/lib/x86_64-linux-gnu/libstdc++.so.6.0.17
7f38e8c97000-7f38e8e96000 ---p 000e5000 08:06 3153881                    /usr/lib/x86_64-linux-gnu/libstdc++.so.6.0.17
7f38e8e96000-7f38e8e9e000 r--p 000e4000 08:06 3153881                    /usr/lib/x86_64-linux-gnu/libstdc++.so.6.0.17
7f38e8e9e000-7f38e8ea0000 rw-p 000ec000 08:06 3153881                    /usr/lib/x86_64-linux-gnu/libstdc++.so.6.0.17
7f38e8ea0000-7f38e8eb5000 rw-p 00000000 00:00 0 
7f38e8eb5000-7f38e98b0000 r-xp 00000000 08:06 3155965                    /usr/lib/jvm/java-7-openjdk-amd64/jre/lib/amd64/server/libjvm.so
7f38e98b0000-7f38e9aaf000 ---p 009fb000 08:06 3155965                    /usr/lib/jvm/java-7-openjdk-amd64/jre/lib/amd64/server/libjvm.so
7f38e9aaf000-7f38e9b2e000 r--p 009fa000 08:06 3155965                    /usr/lib/jvm/java-7-openjdk-amd64/jre/lib/amd64/server/libjvm.so
7f38e9b2e000-7f38e9b51000 rw-p 00a79000 08:06 3155965                    /usr/lib/jvm/java-7-openjdk-amd64/jre/lib/amd64/server/libjvm.so
7f38e9b51000-7f38e9b7c000 rw-p 00000000 00:00 0 
7f38e9b7c000-7f38e9b92000 r-xp 00000000 08:06 5115513                    /lib/x86_64-linux-gnu/libz.so.1.2.7
7f38e9b92000-7f38e9d91000 ---p 00016000 08:06 5115513                    /lib/x86_64-linux-gnu/libz.so.1.2.7
7f38e9d91000-7f38e9d92000 r--p 00015000 08:06 5115513                    /lib/x86_64-linux-gnu/libz.so.1.2.7
7f38e9d92000-7f38e9d93000 rw-p 00016000 08:06 5115513                    /lib/x86_64-linux-gnu/libz.so.1.2.7
7f38e9d93000-7f38e9dab000 r-xp 00000000 08:06 5120282                    /lib/x86_64-linux-gnu/libpthread-2.15.so
7f38e9dab000-7f38e9faa000 ---p 00018000 08:06 5120282                    /lib/x86_64-linux-gnu/libpthread-2.15.so
7f38e9faa000-7f38e9fab000 r--p 00017000 08:06 5120282                    /lib/x86_64-linux-gnu/libpthread-2.15.so
7f38e9fab000-7f38e9fac000 rw-p 00018000 08:06 5120282                    /lib/x86_64-linux-gnu/libpthread-2.15.so
7f38e9fac000-7f38e9fb0000 rw-p 00000000 00:00 0 
7f38e9fb0000-7f38e9fb2000 r-xp 00000000 08:06 5120297                    /lib/x86_64-linux-gnu/libdl-2.15.so
7f38e9fb2000-7f38ea1b2000 ---p 00002000 08:06 5120297                    /lib/x86_64-linux-gnu/libdl-2.15.so
7f38ea1b2000-7f38ea1b3000 r--p 00002000 08:06 5120297                    /lib/x86_64-linux-gnu/libdl-2.15.so
7f38ea1b3000-7f38ea1b4000 rw-p 00003000 08:06 5120297                    /lib/x86_64-linux-gnu/libdl-2.15.so
7f38ea1b4000-7f38ea369000 r-xp 00000000 08:06 5120299                    /lib/x86_64-linux-gnu/libc-2.15.so
7f38ea369000-7f38ea568000 ---p 001b5000 08:06 5120299                    /lib/x86_64-linux-gnu/libc-2.15.so
7f38ea568000-7f38ea56c000 r--p 001b4000 08:06 5120299                    /lib/x86_64-linux-gnu/libc-2.15.so
7f38ea56c000-7f38ea56e000 rw-p 001b8000 08:06 5120299                    /lib/x86_64-linux-gnu/libc-2.15.so
7f38ea56e000-7f38ea573000 rw-p 00000000 00:00 0 
7f38ea58a000-7f38ea58b000 rw-p 00000000 00:00 0 
7f38ea58b000-7f38ea58c000 r--s 00002000 08:06 3148175                    /usr/lib/jvm/java-7-openjdk-common/jre/lib/ext/dnsns.jar
7f38ea58c000-7f38ea58f000 r--s 0000f000 08:06 3148173                    /usr/lib/jvm/java-7-openjdk-common/jre/lib/ext/pulse-java.jar
7f38ea58f000-7f38ea592000 r--s 0003c000 08:06 3148169                    /usr/lib/jvm/java-7-openjdk-common/jre/lib/ext/sunpkcs11.jar
7f38ea592000-7f38ea594000 r--s 00012000 08:06 3148177                    /usr/lib/jvm/java-7-openjdk-common/jre/lib/ext/zipfs.jar
7f38ea594000-7f38ea598000 r--s 00085000 08:06 3148170                    /usr/lib/jvm/java-7-openjdk-common/jre/lib/ext/localedata.jar
7f38ea598000-7f38ea5a5000 r-xp 00000000 08:06 3153378                    /usr/lib/jvm/java-7-openjdk-amd64/jre/lib/amd64/jli/libjli.so
7f38ea5a5000-7f38ea7a4000 ---p 0000d000 08:06 3153378                    /usr/lib/jvm/java-7-openjdk-amd64/jre/lib/amd64/jli/libjli.so
7f38ea7a4000-7f38ea7a5000 r--p 0000c000 08:06 3153378                    /usr/lib/jvm/java-7-openjdk-amd64/jre/lib/amd64/jli/libjli.so
7f38ea7a5000-7f38ea7a6000 rw-p 0000d000 08:06 3153378                    /usr/lib/jvm/java-7-openjdk-amd64/jre/lib/amd64/jli/libjli.so
7f38ea7a6000-7f38ea7c8000 r-xp 00000000 08:06 5120287                    /lib/x86_64-linux-gnu/ld-2.15.so
7f38ea7c8000-7f38ea7c9000 rw-p 00000000 00:00 0 
7f38ea7c9000-7f38ea7cb000 r--s 00006000 08:06 3546872                    /usr/share/java/java-atk-wrapper.jar
7f38ea7cb000-7f38ea7ce000 r--s 00032000 08:06 3148171                    /usr/lib/jvm/java-7-openjdk-common/jre/lib/ext/sunjce_provider.jar
7f38ea7ce000-7f38ea800000 rw-p 00000000 00:00 0 
7f38ea800000-7f38ea8b6000 rw-p 00000000 00:00 0 
7f38ea8b6000-7f38ea8be000 rw-s 00000000 08:06 3016954                    /tmp/hsperfdata_david/2148
7f38ea8be000-7f38ea8bf000 rw-p 00000000 00:00 0 
7f38ea8bf000-7f38ea8c0000 r--p 00000000 00:00 0 
7f38ea8c0000-7f38ea8c3000 ---p 00000000 00:00 0 
7f38ea8c3000-7f38ea9c8000 rw-p 00000000 00:00 0                          [stack:2153]
7f38ea9c8000-7f38ea9c9000 r--p 00022000 08:06 5120287                    /lib/x86_64-linux-gnu/ld-2.15.so
7f38ea9c9000-7f38ea9cb000 rw-p 00023000 08:06 5120287                    /lib/x86_64-linux-gnu/ld-2.15.so
7fff40036000-7fff40057000 rw-p 00000000 00:00 0                          [stack]
7fff40161000-7fff40162000 r-xp 00000000 00:00 0                          [vdso]
ffffffffff600000-ffffffffff601000 r-xp 00000000 00:00 0                  [vsyscall]

VM Arguments:
jvm_args: -Djava.library.path=. -Dfile.encoding=UTF-8 
java_command: vr.RiftJNI
Launcher Type: SUN_STANDARD

Environment Variables:
PATH=/usr/lib/lightdm/lightdm:/usr/local/sbin:/usr/local/bin:/usr/sbin:/usr/bin:/sbin:/bin:/usr/games:/usr/local/games
SHELL=/bin/bash
DISPLAY=:0

Signal Handlers:
SIGSEGV: [libjvm.so+0x8574b0], sa_mask[0]=0x7ffbfeff, sa_flags=0x10000004
SIGBUS: [libjvm.so+0x8574b0], sa_mask[0]=0x7ffbfeff, sa_flags=0x10000004
SIGFPE: [libjvm.so+0x6f8200], sa_mask[0]=0x7ffbfeff, sa_flags=0x10000004
SIGPIPE: [libjvm.so+0x6f8200], sa_mask[0]=0x7ffbfeff, sa_flags=0x10000004
SIGXFSZ: [libjvm.so+0x6f8200], sa_mask[0]=0x7ffbfeff, sa_flags=0x10000004
SIGILL: [libjvm.so+0x6f8200], sa_mask[0]=0x7ffbfeff, sa_flags=0x10000004
SIGUSR1: SIG_DFL, sa_mask[0]=0x00000000, sa_flags=0x00000000
SIGUSR2: [libjvm.so+0x6f85d0], sa_mask[0]=0x00000004, sa_flags=0x10000004
SIGHUP: [libjvm.so+0x6f8710], sa_mask[0]=0x7ffbfeff, sa_flags=0x10000004
SIGINT: [libjvm.so+0x6f8710], sa_mask[0]=0x7ffbfeff, sa_flags=0x10000004
SIGTERM: [libjvm.so+0x6f8710], sa_mask[0]=0x7ffbfeff, sa_flags=0x10000004
SIGQUIT: [libjvm.so+0x6f8710], sa_mask[0]=0x7ffbfeff, sa_flags=0x10000004


---------------  S Y S T E M  ---------------

OS:Ubuntu 12.10 (quantal)
uname:Linux 3.5.0-28-generic #48-Ubuntu SMP Tue Apr 23 23:03:38 UTC 2013 x86_64
libc:glibc 2.15 NPTL 2.15 
rlimit: STACK 8192k, CORE 0k, NPROC 63158, NOFILE 4096, AS infinity
load average:2.10 1.97 2.05

/proc/meminfo:
MemTotal:        8175080 kB
MemFree:          366948 kB
Buffers:          627036 kB
Cached:          3074028 kB
SwapCached:         2656 kB
Active:          4443760 kB
Inactive:        2327704 kB
Active(anon):    2426972 kB
Inactive(anon):   677700 kB
Active(file):    2016788 kB
Inactive(file):  1650004 kB
Unevictable:       31392 kB
Mlocked:           31392 kB
SwapTotal:       8381436 kB
SwapFree:        8364848 kB
Dirty:              2892 kB
Writeback:             0 kB
AnonPages:       3099924 kB
Mapped:           494692 kB
Shmem:             28444 kB
Slab:             498876 kB
SReclaimable:     390464 kB
SUnreclaim:       108412 kB
KernelStack:        5800 kB
PageTables:        60616 kB
NFS_Unstable:          0 kB
Bounce:                0 kB
WritebackTmp:          0 kB
CommitLimit:    12468976 kB
Committed_AS:    8298708 kB
VmallocTotal:   34359738367 kB
VmallocUsed:      316020 kB
VmallocChunk:   34359416020 kB
HardwareCorrupted:     0 kB
AnonHugePages:         0 kB
HugePages_Total:       0
HugePages_Free:        0
HugePages_Rsvd:        0
HugePages_Surp:        0
Hugepagesize:       2048 kB
DirectMap4k:     1215424 kB
DirectMap2M:     7170048 kB
DirectMap1G:           0 kB


CPU:total 6 (6 cores per cpu, 1 threads per core) family 16 model 10 stepping 0, cmov, cx8, fxsr, mmx, sse, sse2, sse3, popcnt, mmxext, 3dnowpref, lzcnt, sse4a, tsc, tscinvbit, tscinv

/proc/cpuinfo:
processor	: 0
vendor_id	: AuthenticAMD
cpu family	: 16
model		: 10
model name	: AMD Phenom(tm) II X6 1090T Processor
stepping	: 0
microcode	: 0x10000dc
cpu MHz		: 3200.000
cache size	: 512 KB
physical id	: 0
siblings	: 6
core id		: 0
cpu cores	: 6
apicid		: 0
initial apicid	: 0
fpu		: yes
fpu_exception	: yes
cpuid level	: 6
wp		: yes
flags		: fpu vme de pse tsc msr pae mce cx8 apic sep mtrr pge mca cmov pat pse36 clflush mmx fxsr sse sse2 ht syscall nx mmxext fxsr_opt pdpe1gb rdtscp lm 3dnowext 3dnow constant_tsc rep_good nopl nonstop_tsc extd_apicid aperfmperf pni monitor cx16 popcnt lahf_lm cmp_legacy svm extapic cr8_legacy abm sse4a misalignsse 3dnowprefetch osvw ibs skinit wdt cpb hw_pstate npt lbrv svm_lock nrip_save pausefilter
bogomips	: 6427.94
TLB size	: 1024 4K pages
clflush size	: 64
cache_alignment	: 64
address sizes	: 48 bits physical, 48 bits virtual
power management: ts ttp tm stc 100mhzsteps hwpstate cpb

processor	: 1
vendor_id	: AuthenticAMD
cpu family	: 16
model		: 10
model name	: AMD Phenom(tm) II X6 1090T Processor
stepping	: 0
microcode	: 0x10000dc
cpu MHz		: 800.000
cache size	: 512 KB
physical id	: 0
siblings	: 6
core id		: 3
cpu cores	: 6
apicid		: 1
initial apicid	: 3
fpu		: yes
fpu_exception	: yes
cpuid level	: 6
wp		: yes
flags		: fpu vme de pse tsc msr pae mce cx8 apic sep mtrr pge mca cmov pat pse36 clflush mmx fxsr sse sse2 ht syscall nx mmxext fxsr_opt pdpe1gb rdtscp lm 3dnowext 3dnow constant_tsc rep_good nopl nonstop_tsc extd_apicid aperfmperf pni monitor cx16 popcnt lahf_lm cmp_legacy svm extapic cr8_legacy abm sse4a misalignsse 3dnowprefetch osvw ibs skinit wdt cpb hw_pstate npt lbrv svm_lock nrip_save pausefilter
bogomips	: 6427.94
TLB size	: 1024 4K pages
clflush size	: 64
cache_alignment	: 64
address sizes	: 48 bits physical, 48 bits virtual
power management: ts ttp tm stc 100mhzsteps hwpstate cpb

processor	: 2
vendor_id	: AuthenticAMD
cpu family	: 16
model		: 10
model name	: AMD Phenom(tm) II X6 1090T Processor
stepping	: 0
microcode	: 0x10000dc
cpu MHz		: 1600.000
cache size	: 512 KB
physical id	: 0
siblings	: 6
core id		: 4
cpu cores	: 6
apicid		: 2
initial apicid	: 4
fpu		: yes
fpu_exception	: yes
cpuid level	: 6
wp		: yes
flags		: fpu vme de pse tsc msr pae mce cx8 apic sep mtrr pge mca cmov pat pse36 clflush mmx fxsr sse sse2 ht syscall nx mmxext fxsr_opt pdpe1gb rdtscp lm 3dnowext 3dnow constant_tsc rep_good nopl nonstop_tsc extd_apicid aperfmperf pni monitor cx16 popcnt lahf_lm cmp_legacy svm extapic cr8_legacy abm sse4a misalignsse 3dnowprefetch osvw ibs skinit wdt cpb hw_pstate npt lbrv svm_lock nrip_save pausefilter
bogomips	: 6427.94
TLB size	: 1024 4K pages
clflush size	: 64
cache_alignment	: 64
address sizes	: 48 bits physical, 48 bits virtual
power management: ts ttp tm stc 100mhzsteps hwpstate cpb

processor	: 3
vendor_id	: AuthenticAMD
cpu family	: 16
model		: 10
model name	: AMD Phenom(tm) II X6 1090T Processor
stepping	: 0
microcode	: 0x10000dc
cpu MHz		: 800.000
cache size	: 512 KB
physical id	: 0
siblings	: 6
core id		: 5
cpu cores	: 6
apicid		: 3
initial apicid	: 5
fpu		: yes
fpu_exception	: yes
cpuid level	: 6
wp		: yes
flags		: fpu vme de pse tsc msr pae mce cx8 apic sep mtrr pge mca cmov pat pse36 clflush mmx fxsr sse sse2 ht syscall nx mmxext fxsr_opt pdpe1gb rdtscp lm 3dnowext 3dnow constant_tsc rep_good nopl nonstop_tsc extd_apicid aperfmperf pni monitor cx16 popcnt lahf_lm cmp_legacy svm extapic cr8_legacy abm sse4a misalignsse 3dnowprefetch osvw ibs skinit wdt cpb hw_pstate npt lbrv svm_lock nrip_save pausefilter
bogomips	: 6427.94
TLB size	: 1024 4K pages
clflush size	: 64
cache_alignment	: 64
address sizes	: 48 bits physical, 48 bits virtual
power management: ts ttp tm stc 100mhzsteps hwpstate cpb

processor	: 4
vendor_id	: AuthenticAMD
cpu family	: 16
model		: 10
model name	: AMD Phenom(tm) II X6 1090T Processor
stepping	: 0
microcode	: 0x10000dc
cpu MHz		: 800.000
cache size	: 512 KB
physical id	: 0
siblings	: 6
core id		: 1
cpu cores	: 6
apicid		: 4
initial apicid	: 1
fpu		: yes
fpu_exception	: yes
cpuid level	: 6
wp		: yes
flags		: fpu vme de pse tsc msr pae mce cx8 apic sep mtrr pge mca cmov pat pse36 clflush mmx fxsr sse sse2 ht syscall nx mmxext fxsr_opt pdpe1gb rdtscp lm 3dnowext 3dnow constant_tsc rep_good nopl nonstop_tsc extd_apicid aperfmperf pni monitor cx16 popcnt lahf_lm cmp_legacy svm extapic cr8_legacy abm sse4a misalignsse 3dnowprefetch osvw ibs skinit wdt cpb hw_pstate npt lbrv svm_lock nrip_save pausefilter
bogomips	: 6427.94
TLB size	: 1024 4K pages
clflush size	: 64
cache_alignment	: 64
address sizes	: 48 bits physical, 48 bits virtual
power management: ts ttp tm stc 100mhzsteps hwpstate cpb

processor	: 5
vendor_id	: AuthenticAMD
cpu family	: 16
model		: 10
model name	: AMD Phenom(tm) II X6 1090T Processor
stepping	: 0
microcode	: 0x10000dc
cpu MHz		: 800.000
cache size	: 512 KB
physical id	: 0
siblings	: 6
core id		: 2
cpu cores	: 6
apicid		: 5
initial apicid	: 2
fpu		: yes
fpu_exception	: yes
cpuid level	: 6
wp		: yes
flags		: fpu vme de pse tsc msr pae mce cx8 apic sep mtrr pge mca cmov pat pse36 clflush mmx fxsr sse sse2 ht syscall nx mmxext fxsr_opt pdpe1gb rdtscp lm 3dnowext 3dnow constant_tsc rep_good nopl nonstop_tsc extd_apicid aperfmperf pni monitor cx16 popcnt lahf_lm cmp_legacy svm extapic cr8_legacy abm sse4a misalignsse 3dnowprefetch osvw ibs skinit wdt cpb hw_pstate npt lbrv svm_lock nrip_save pausefilter
bogomips	: 6427.94
TLB size	: 1024 4K pages
clflush size	: 64
cache_alignment	: 64
address sizes	: 48 bits physical, 48 bits virtual
power management: ts ttp tm stc 100mhzsteps hwpstate cpb



Memory: 4k page, physical 8175080k(366948k free), swap 8381436k(8364848k free)

vm_info: OpenJDK 64-Bit Server VM (23.7-b01) for linux-amd64 JRE (1.7.0_21-b02), built on Apr 22 2013 22:26:19 by "buildd" with gcc 4.7.2

time: Thu May 16 02:51:16 2013
elapsed time: 0 seconds

