#
# A fatal error has been detected by the Java Runtime Environment:
#
#  SIGSEGV (0xb) at pc=0x00007eff6ca2c912, pid=2924, tid=139635512211200
#
# JRE version: 7.0_21-b02
# Java VM: OpenJDK 64-Bit Server VM (23.7-b01 mixed mode linux-amd64 compressed oops)
# Problematic frame:
# C  [libc.so.6+0x91912]  memccpy+0x162
#
# Failed to write core dump. Core dumps have been disabled. To enable core dumping, try "ulimit -c unlimited" before starting Java again
#
# If you would like to submit a bug report, please include
# instructions on how to reproduce the bug and visit:
#   https://bugs.launchpad.net/ubuntu/+source/openjdk-7/
#

---------------  T H R E A D  ---------------

Current thread (0x00007eff64009800):  JavaThread "main" [_thread_in_vm, id=2929, stack(0x00007eff6d0a7000,0x00007eff6d1a8000)]

siginfo:si_signo=SIGSEGV: si_errno=0, si_code=1 (SEGV_MAPERR), si_addr=0x00000000000000e8

Registers:
RAX=0x00000007d67105d8, RBX=0x00007eff64009800, RCX=0x0000000000000000, RDX=0x0000000000000020
RSP=0x00007eff6d1a6888, RBP=0x00007eff6d1a68f0, RSI=0x00000000000000e8, RDI=0x00000007d67105d8
R8 =0x00000000000000e8, R9 =0x00000000ffffffff, R10=0x00007eff61011f64, R11=0x00007eff6be1d6e0
R12=0x0000000000000020, R13=0x0000000000000000, R14=0x00000000000000e8, R15=0x00007eff640ad6b0
RIP=0x00007eff6ca2c912, EFLAGS=0x0000000000010246, CSGSFS=0x0000000000000033, ERR=0x0000000000000004
  TRAPNO=0x000000000000000e

Top of Stack: (sp=0x00007eff6d1a6888)
0x00007eff6d1a6888:   00007eff6bbd9837 00007eff64009800
0x00007eff6d1a6898:   00007eff64009800 00007eff64009800
0x00007eff6d1a68a8:   0000000000000000 00007eff64006e50
0x00007eff6d1a68b8:   00007eff64009800 00007eff6d1a6900
0x00007eff6d1a68c8:   00000007790ad348 0000000000000000
0x00007eff6d1a68d8:   00000007790ad348 00007eff6d1a6978
0x00007eff6d1a68e8:   00007eff64009800 00007eff6d1a6910
0x00007eff6d1a68f8:   00007eff5a52d96c 00007eff6d1a6970
0x00007eff6d1a6908:   00007eff640099d8 00007eff6d1a6960
0x00007eff6d1a6918:   00007eff61011f90 00007eff6d1a6920
0x00007eff6d1a6928:   00000007790ad348 00007eff6d1a6978
0x00007eff6d1a6938:   00000007790ad840 0000000000000000
0x00007eff6d1a6948:   00000007790ad348 0000000000000000
0x00007eff6d1a6958:   00007eff6d1a6980 00007eff6d1a69e0
0x00007eff6d1a6968:   00007eff61006333 00000007d670f008
0x00007eff6d1a6978:   00007eff6100eddb 0000000000000000
0x00007eff6d1a6988:   00000007d67105f8 00000007d67105f8
0x00007eff6d1a6998:   00000007d670f008 00007eff6d1a69a0
0x00007eff6d1a69a8:   00000007790ad530 00007eff6d1a69f8
0x00007eff6d1a69b8:   00000007790ad840 0000000000000000
0x00007eff6d1a69c8:   00000007790ad570 00007eff6d1a6980
0x00007eff6d1a69d8:   00007eff6d1a69f8 00007eff6d1a6a60
0x00007eff6d1a69e8:   00007eff610004f7 0000000000000001
0x00007eff6d1a69f8:   00000007d6710560 00007eff00001fa0
0x00007eff6d1a6a08:   0000000000000000 00007eff6d1a6cb0
0x00007eff6d1a6a18:   00007eff6d1a6bd0 00007eff64009800
0x00007eff6d1a6a28:   00007eff6400a400 00007eff6d1a6ac0
0x00007eff6d1a6a38:   00007eff6d1a6cb8 00007eff0000000a
0x00007eff6d1a6a48:   00000007790ad570 00007eff610103a0
0x00007eff6d1a6a58:   00007eff6d1a6bd8 00007eff6d1a6b30
0x00007eff6d1a6a68:   00007eff6bbc5c7c 00007eff00000001
0x00007eff6d1a6a78:   00007eff64009800 00007eff610103a0 

Instructions: (pc=0x00007eff6ca2c912)
0x00007eff6ca2c8f2:   66 66 66 66 66 2e 0f 1f 84 00 00 00 00 00 48 81
0x00007eff6ca2c902:   fa 00 04 00 00 77 77 89 d1 c1 e9 05 74 60 ff c9
0x00007eff6ca2c912:   48 8b 06 4c 8b 46 08 4c 8b 4e 10 4c 8b 56 18 48
0x00007eff6ca2c922:   89 07 4c 89 47 08 4c 89 4f 10 4c 89 57 18 48 8d 

Register to memory mapping:

RAX=0x00000007d67105d8 is an unknown value
RBX=0x00007eff64009800 is a thread
RCX=0x0000000000000000 is an unknown value
RDX=0x0000000000000020 is an unknown value
RSP=0x00007eff6d1a6888 is pointing into the stack for thread: 0x00007eff64009800
RBP=0x00007eff6d1a68f0 is pointing into the stack for thread: 0x00007eff64009800
RSI=0x00000000000000e8 is an unknown value
RDI=0x00000007d67105d8 is an unknown value
R8 =0x00000000000000e8 is an unknown value
R9 =0x00000000ffffffff is an unknown value
R10=0x00007eff61011f64 is an Interpreter codelet
method entry point (kind = native)  [0x00007eff61011d00, 0x00007eff61012540]  2112 bytes
R11=0x00007eff6be1d6e0: <offset 0x7816e0> in /usr/lib/jvm/java-7-openjdk-amd64/jre/lib/amd64/server/libjvm.so at 0x00007eff6b69c000
R12=0x0000000000000020 is an unknown value
R13=0x0000000000000000 is an unknown value
R14=0x00000000000000e8 is an unknown value
R15=0x00007eff640ad6b0 is an unknown value


Stack: [0x00007eff6d0a7000,0x00007eff6d1a8000],  sp=0x00007eff6d1a6888,  free space=1022k
Native frames: (J=compiled Java code, j=interpreted, Vv=VM code, C=native code)
C  [libc.so.6+0x91912]  memccpy+0x162
C  [librift.so+0x296c]  Java_vr_RiftJNI_getData+0x4c
j  vr.RiftJNI.getData()[D+0
j  vr.RiftJNI.main([Ljava/lang/String;)V+16
v  ~StubRoutines::call_stub
V  [libjvm.so+0x529c7c]  JavaCalls::call_helper(JavaValue*, methodHandle*, JavaCallArguments*, Thread*)+0x32c
V  [libjvm.so+0x529725]  JavaCalls::call(JavaValue*, methodHandle, JavaCallArguments*, Thread*)+0x25
V  [libjvm.so+0x53f79a]  jni_invoke_static(JNIEnv_*, JavaValue*, _jobject*, JNICallType, _jmethodID*, JNI_ArgumentPusher*, Thread*) [clone .isra.122] [clone .constprop.145]+0xda
V  [libjvm.so+0x53fdfa]  jni_CallStaticVoidMethod+0x12a
C  [libjli.so+0x31e1]  __strcat_chk+0x31e1

Java frames: (J=compiled Java code, j=interpreted, Vv=VM code)
j  vr.RiftJNI.getData()[D+0
j  vr.RiftJNI.main([Ljava/lang/String;)V+16
v  ~StubRoutines::call_stub

---------------  P R O C E S S  ---------------

Java Threads: ( => current thread )
  0x00007eff64114000 JavaThread "Service Thread" daemon [_thread_blocked, id=2948, stack(0x00007eff601d1000,0x00007eff602d2000)]
  0x00007eff64112000 JavaThread "C2 CompilerThread1" daemon [_thread_blocked, id=2946, stack(0x00007eff602d2000,0x00007eff603d3000)]
  0x00007eff6410f000 JavaThread "C2 CompilerThread0" daemon [_thread_blocked, id=2945, stack(0x00007eff603d3000,0x00007eff604d4000)]
  0x00007eff6410c800 JavaThread "Signal Dispatcher" daemon [_thread_blocked, id=2944, stack(0x00007eff5a73a000,0x00007eff5a83b000)]
  0x00007eff640b6800 JavaThread "Finalizer" daemon [_thread_blocked, id=2943, stack(0x00007eff604d4000,0x00007eff605d5000)]
  0x00007eff640b4000 JavaThread "Reference Handler" daemon [_thread_blocked, id=2942, stack(0x00007eff605d5000,0x00007eff606d6000)]
=>0x00007eff64009800 JavaThread "main" [_thread_in_vm, id=2929, stack(0x00007eff6d0a7000,0x00007eff6d1a8000)]

Other Threads:
  0x00007eff640ac000 VMThread [stack: 0x00007eff606d6000,0x00007eff607d7000] [id=2940]
  0x00007eff6411f000 WatcherThread [stack: 0x00007eff600d0000,0x00007eff601d1000] [id=2950]

VM state:not at safepoint (normal execution)

VM Mutex/Monitor currently owned by a thread: None

Heap
 PSYoungGen      total 37248K, used 638K [0x00000007d66b0000, 0x00000007d9040000, 0x0000000800000000)
  eden space 31936K, 2% used [0x00000007d66b0000,0x00000007d674fb50,0x00000007d85e0000)
  from space 5312K, 0% used [0x00000007d8b10000,0x00000007d8b10000,0x00000007d9040000)
  to   space 5312K, 0% used [0x00000007d85e0000,0x00000007d85e0000,0x00000007d8b10000)
 ParOldGen       total 85184K, used 0K [0x0000000783400000, 0x0000000788730000, 0x00000007d66b0000)
  object space 85184K, 0% used [0x0000000783400000,0x0000000783400000,0x0000000788730000)
 PSPermGen       total 21248K, used 2745K [0x0000000778e00000, 0x000000077a2c0000, 0x0000000783400000)
  object space 21248K, 12% used [0x0000000778e00000,0x00000007790ae758,0x000000077a2c0000)

Card table byte_map: [0x00007eff699c2000,0x00007eff69dfc000] byte_map_base: 0x00007eff65dfb000

Polling page: 0x00007eff6d0a6000

Code Cache  [0x00007eff61000000, 0x00007eff61270000, 0x00007eff64000000)
 total_blobs=162 nmethods=0 adapters=130 free_code_cache=48776Kb largest_free_block=49946880

Compilation events (0 events):
No events

GC Heap History (0 events):
No events

Deoptimization events (0 events):
No events

Internal exceptions (5 events):
Event: 0.028 Thread 0x00007eff64009800 Threw 0x00000007d66b6140 at /build/buildd/openjdk-7-7u21-2.3.9/build/openjdk/hotspot/src/share/vm/prims/jni.cpp:3994
Event: 0.079 Thread 0x00007eff64009800 Threw 0x00000007d6702f40 at /build/buildd/openjdk-7-7u21-2.3.9/build/openjdk/hotspot/src/share/vm/prims/jni.cpp:716
Event: 0.079 Thread 0x00007eff64009800 Threw 0x00000007d67030d8 at /build/buildd/openjdk-7-7u21-2.3.9/build/openjdk/hotspot/src/share/vm/prims/jvm.cpp:1166
Event: 0.079 Thread 0x00007eff64009800 Threw 0x00000007d6703200 at /build/buildd/openjdk-7-7u21-2.3.9/build/openjdk/hotspot/src/share/vm/prims/jvm.cpp:1166
Event: 0.081 Thread 0x00007eff64009800 Threw 0x00000007d670aad8 at /build/buildd/openjdk-7-7u21-2.3.9/build/openjdk/hotspot/src/share/vm/prims/jvm.cpp:1166

Events (10 events):
Event: 0.084 loading class 0x00007eff64179870
Event: 0.084 loading class 0x00007eff64179870 done
Event: 0.084 loading class 0x00007eff641798a0
Event: 0.084 loading class 0x00007eff641798a0 done
Event: 0.084 loading class 0x00007eff640ae4d0
Event: 0.085 loading class 0x00007eff640ae4d0 done
Event: 0.085 loading class 0x00007eff64062a70
Event: 0.085 loading class 0x00007eff64062a70 done
Event: 0.085 loading class 0x00007eff64063600
Event: 0.085 loading class 0x00007eff64063600 done


Dynamic libraries:
00400000-00401000 r-xp 00000000 08:06 3155978                            /usr/lib/jvm/java-7-openjdk-amd64/jre/bin/java
00600000-00601000 r--p 00000000 08:06 3155978                            /usr/lib/jvm/java-7-openjdk-amd64/jre/bin/java
00601000-00602000 rw-p 00001000 08:06 3155978                            /usr/lib/jvm/java-7-openjdk-amd64/jre/bin/java
01233000-01254000 rw-p 00000000 00:00 0                                  [heap]
778e00000-77a2c0000 rw-p 00000000 00:00 0 
77a2c0000-783400000 rw-p 00000000 00:00 0 
783400000-788730000 rw-p 00000000 00:00 0 
788730000-7d66b0000 rw-p 00000000 00:00 0 
7d66b0000-7d9040000 rw-p 00000000 00:00 0 
7d9040000-800000000 rw-p 00000000 00:00 0 
7eff08000000-7eff08021000 rw-p 00000000 00:00 0 
7eff08021000-7eff0c000000 ---p 00000000 00:00 0 
7eff0c000000-7eff0c021000 rw-p 00000000 00:00 0 
7eff0c021000-7eff10000000 ---p 00000000 00:00 0 
7eff10000000-7eff10021000 rw-p 00000000 00:00 0 
7eff10021000-7eff14000000 ---p 00000000 00:00 0 
7eff14000000-7eff14021000 rw-p 00000000 00:00 0 
7eff14021000-7eff18000000 ---p 00000000 00:00 0 
7eff18000000-7eff18021000 rw-p 00000000 00:00 0 
7eff18021000-7eff1c000000 ---p 00000000 00:00 0 
7eff1c000000-7eff1c021000 rw-p 00000000 00:00 0 
7eff1c021000-7eff20000000 ---p 00000000 00:00 0 
7eff20000000-7eff20021000 rw-p 00000000 00:00 0 
7eff20021000-7eff24000000 ---p 00000000 00:00 0 
7eff24000000-7eff24021000 rw-p 00000000 00:00 0 
7eff24021000-7eff28000000 ---p 00000000 00:00 0 
7eff28000000-7eff28021000 rw-p 00000000 00:00 0 
7eff28021000-7eff2c000000 ---p 00000000 00:00 0 
7eff2fc70000-7eff34000000 rw-p 00000000 00:00 0 
7eff34000000-7eff34021000 rw-p 00000000 00:00 0 
7eff34021000-7eff38000000 ---p 00000000 00:00 0 
7eff3c000000-7eff3c021000 rw-p 00000000 00:00 0 
7eff3c021000-7eff40000000 ---p 00000000 00:00 0 
7eff44000000-7eff44021000 rw-p 00000000 00:00 0 
7eff44021000-7eff48000000 ---p 00000000 00:00 0 
7eff4c000000-7eff4c021000 rw-p 00000000 00:00 0 
7eff4c021000-7eff50000000 ---p 00000000 00:00 0 
7eff54000000-7eff54021000 rw-p 00000000 00:00 0 
7eff54021000-7eff58000000 ---p 00000000 00:00 0 
7eff59be7000-7eff59d2a000 rw-p 00000000 00:00 0 
7eff59d2a000-7eff59d2b000 ---p 00000000 00:00 0 
7eff59d2b000-7eff5a52b000 rw-p 00000000 00:00 0                          [stack:2954]
7eff5a52b000-7eff5a538000 r-xp 00000000 00:15 2888809                    /home/david/Documents/workspace/Fungine/librift.so
7eff5a538000-7eff5a738000 ---p 0000d000 00:15 2888809                    /home/david/Documents/workspace/Fungine/librift.so
7eff5a738000-7eff5a739000 r--p 0000d000 00:15 2888809                    /home/david/Documents/workspace/Fungine/librift.so
7eff5a739000-7eff5a73a000 rw-p 0000e000 00:15 2888809                    /home/david/Documents/workspace/Fungine/librift.so
7eff5a73a000-7eff5a73d000 ---p 00000000 00:00 0 
7eff5a73d000-7eff5a83b000 rw-p 00000000 00:00 0                          [stack:2944]
7eff5a83b000-7eff5af1c000 r--p 00000000 08:06 3152289                    /usr/lib/locale/locale-archive
7eff5af1c000-7eff5c000000 rw-p 00000000 00:00 0 
7eff5c000000-7eff5c021000 rw-p 00000000 00:00 0 
7eff5c021000-7eff60000000 ---p 00000000 00:00 0 
7eff600d0000-7eff600d1000 ---p 00000000 00:00 0 
7eff600d1000-7eff601d1000 rw-p 00000000 00:00 0                          [stack:2950]
7eff601d1000-7eff601d4000 ---p 00000000 00:00 0 
7eff601d4000-7eff602d2000 rw-p 00000000 00:00 0                          [stack:2948]
7eff602d2000-7eff602d5000 ---p 00000000 00:00 0 
7eff602d5000-7eff603d3000 rw-p 00000000 00:00 0                          [stack:2946]
7eff603d3000-7eff603d6000 ---p 00000000 00:00 0 
7eff603d6000-7eff604d4000 rw-p 00000000 00:00 0                          [stack:2945]
7eff604d4000-7eff604d7000 ---p 00000000 00:00 0 
7eff604d7000-7eff605d5000 rw-p 00000000 00:00 0                          [stack:2943]
7eff605d5000-7eff605d8000 ---p 00000000 00:00 0 
7eff605d8000-7eff606d6000 rw-p 00000000 00:00 0                          [stack:2942]
7eff606d6000-7eff606d7000 ---p 00000000 00:00 0 
7eff606d7000-7eff61000000 rw-p 00000000 00:00 0                          [stack:2940]
7eff61000000-7eff61270000 rwxp 00000000 00:00 0 
7eff61270000-7eff641a2000 rw-p 00000000 00:00 0 
7eff641a2000-7eff68000000 ---p 00000000 00:00 0 
7eff6801b000-7eff68f22000 rw-p 00000000 00:00 0 
7eff68f22000-7eff690cf000 r--s 01cde000 08:06 3153373                    /usr/lib/jvm/java-7-openjdk-amd64/jre/lib/rt.jar
7eff690cf000-7eff690d0000 ---p 00000000 00:00 0 
7eff690d0000-7eff691d0000 rw-p 00000000 00:00 0                          [stack:2939]
7eff691d0000-7eff691d1000 ---p 00000000 00:00 0 
7eff691d1000-7eff692d1000 rw-p 00000000 00:00 0                          [stack:2937]
7eff692d1000-7eff692d2000 ---p 00000000 00:00 0 
7eff692d2000-7eff693d2000 rw-p 00000000 00:00 0                          [stack:2935]
7eff693d2000-7eff693d3000 ---p 00000000 00:00 0 
7eff693d3000-7eff694d3000 rw-p 00000000 00:00 0                          [stack:2933]
7eff694d3000-7eff694d4000 ---p 00000000 00:00 0 
7eff694d4000-7eff695d4000 rw-p 00000000 00:00 0                          [stack:2932]
7eff695d4000-7eff695d5000 ---p 00000000 00:00 0 
7eff695d5000-7eff696e0000 rw-p 00000000 00:00 0                          [stack:2930]
7eff696e0000-7eff69728000 rw-p 00000000 00:00 0 
7eff69728000-7eff69752000 rw-p 00000000 00:00 0 
7eff69752000-7eff699c2000 rw-p 00000000 00:00 0 
7eff699c2000-7eff699cd000 rw-p 00000000 00:00 0 
7eff699cd000-7eff69a15000 rw-p 00000000 00:00 0 
7eff69a15000-7eff69a3f000 rw-p 00000000 00:00 0 
7eff69a3f000-7eff69cae000 rw-p 00000000 00:00 0 
7eff69cae000-7eff69cc4000 rw-p 00000000 00:00 0 
7eff69cc4000-7eff69dfb000 rw-p 00000000 00:00 0 
7eff69dfb000-7eff69dfc000 rw-p 00000000 00:00 0 
7eff69dfc000-7eff69e04000 r-xp 00000000 08:06 3155977                    /usr/lib/jvm/java-7-openjdk-amd64/jre/lib/amd64/libzip.so
7eff69e04000-7eff6a003000 ---p 00008000 08:06 3155977                    /usr/lib/jvm/java-7-openjdk-amd64/jre/lib/amd64/libzip.so
7eff6a003000-7eff6a004000 r--p 00007000 08:06 3155977                    /usr/lib/jvm/java-7-openjdk-amd64/jre/lib/amd64/libzip.so
7eff6a004000-7eff6a005000 rw-p 00008000 08:06 3155977                    /usr/lib/jvm/java-7-openjdk-amd64/jre/lib/amd64/libzip.so
7eff6a005000-7eff6a011000 r-xp 00000000 08:06 5120284                    /lib/x86_64-linux-gnu/libnss_files-2.15.so
7eff6a011000-7eff6a210000 ---p 0000c000 08:06 5120284                    /lib/x86_64-linux-gnu/libnss_files-2.15.so
7eff6a210000-7eff6a211000 r--p 0000b000 08:06 5120284                    /lib/x86_64-linux-gnu/libnss_files-2.15.so
7eff6a211000-7eff6a212000 rw-p 0000c000 08:06 5120284                    /lib/x86_64-linux-gnu/libnss_files-2.15.so
7eff6a212000-7eff6a21c000 r-xp 00000000 08:06 5120276                    /lib/x86_64-linux-gnu/libnss_nis-2.15.so
7eff6a21c000-7eff6a41c000 ---p 0000a000 08:06 5120276                    /lib/x86_64-linux-gnu/libnss_nis-2.15.so
7eff6a41c000-7eff6a41d000 r--p 0000a000 08:06 5120276                    /lib/x86_64-linux-gnu/libnss_nis-2.15.so
7eff6a41d000-7eff6a41e000 rw-p 0000b000 08:06 5120276                    /lib/x86_64-linux-gnu/libnss_nis-2.15.so
7eff6a41e000-7eff6a435000 r-xp 00000000 08:06 5120294                    /lib/x86_64-linux-gnu/libnsl-2.15.so
7eff6a435000-7eff6a634000 ---p 00017000 08:06 5120294                    /lib/x86_64-linux-gnu/libnsl-2.15.so
7eff6a634000-7eff6a635000 r--p 00016000 08:06 5120294                    /lib/x86_64-linux-gnu/libnsl-2.15.so
7eff6a635000-7eff6a636000 rw-p 00017000 08:06 5120294                    /lib/x86_64-linux-gnu/libnsl-2.15.so
7eff6a636000-7eff6a638000 rw-p 00000000 00:00 0 
7eff6a638000-7eff6a640000 r-xp 00000000 08:06 5120298                    /lib/x86_64-linux-gnu/libnss_compat-2.15.so
7eff6a640000-7eff6a83f000 ---p 00008000 08:06 5120298                    /lib/x86_64-linux-gnu/libnss_compat-2.15.so
7eff6a83f000-7eff6a840000 r--p 00007000 08:06 5120298                    /lib/x86_64-linux-gnu/libnss_compat-2.15.so
7eff6a840000-7eff6a841000 rw-p 00008000 08:06 5120298                    /lib/x86_64-linux-gnu/libnss_compat-2.15.so
7eff6a841000-7eff6a86c000 r-xp 00000000 08:06 3155961                    /usr/lib/jvm/java-7-openjdk-amd64/jre/lib/amd64/libjava.so
7eff6a86c000-7eff6aa6b000 ---p 0002b000 08:06 3155961                    /usr/lib/jvm/java-7-openjdk-amd64/jre/lib/amd64/libjava.so
7eff6aa6b000-7eff6aa6c000 r--p 0002a000 08:06 3155961                    /usr/lib/jvm/java-7-openjdk-amd64/jre/lib/amd64/libjava.so
7eff6aa6c000-7eff6aa6e000 rw-p 0002b000 08:06 3155961                    /usr/lib/jvm/java-7-openjdk-amd64/jre/lib/amd64/libjava.so
7eff6aa6e000-7eff6aa7d000 r-xp 00000000 08:06 3155960                    /usr/lib/jvm/java-7-openjdk-amd64/jre/lib/amd64/libverify.so
7eff6aa7d000-7eff6ac7c000 ---p 0000f000 08:06 3155960                    /usr/lib/jvm/java-7-openjdk-amd64/jre/lib/amd64/libverify.so
7eff6ac7c000-7eff6ac7e000 r--p 0000e000 08:06 3155960                    /usr/lib/jvm/java-7-openjdk-amd64/jre/lib/amd64/libverify.so
7eff6ac7e000-7eff6ac7f000 rw-p 00010000 08:06 3155960                    /usr/lib/jvm/java-7-openjdk-amd64/jre/lib/amd64/libverify.so
7eff6ac7f000-7eff6ac86000 r-xp 00000000 08:06 5120286                    /lib/x86_64-linux-gnu/librt-2.15.so
7eff6ac86000-7eff6ae85000 ---p 00007000 08:06 5120286                    /lib/x86_64-linux-gnu/librt-2.15.so
7eff6ae85000-7eff6ae86000 r--p 00006000 08:06 5120286                    /lib/x86_64-linux-gnu/librt-2.15.so
7eff6ae86000-7eff6ae87000 rw-p 00007000 08:06 5120286                    /lib/x86_64-linux-gnu/librt-2.15.so
7eff6ae87000-7eff6ae9c000 r-xp 00000000 08:06 5115404                    /lib/x86_64-linux-gnu/libgcc_s.so.1
7eff6ae9c000-7eff6b09b000 ---p 00015000 08:06 5115404                    /lib/x86_64-linux-gnu/libgcc_s.so.1
7eff6b09b000-7eff6b09c000 r--p 00014000 08:06 5115404                    /lib/x86_64-linux-gnu/libgcc_s.so.1
7eff6b09c000-7eff6b09d000 rw-p 00015000 08:06 5115404                    /lib/x86_64-linux-gnu/libgcc_s.so.1
7eff6b09d000-7eff6b198000 r-xp 00000000 08:06 5120295                    /lib/x86_64-linux-gnu/libm-2.15.so
7eff6b198000-7eff6b397000 ---p 000fb000 08:06 5120295                    /lib/x86_64-linux-gnu/libm-2.15.so
7eff6b397000-7eff6b398000 r--p 000fa000 08:06 5120295                    /lib/x86_64-linux-gnu/libm-2.15.so
7eff6b398000-7eff6b399000 rw-p 000fb000 08:06 5120295                    /lib/x86_64-linux-gnu/libm-2.15.so
7eff6b399000-7eff6b47e000 r-xp 00000000 08:06 3153881                    /usr/lib/x86_64-linux-gnu/libstdc++.so.6.0.17
7eff6b47e000-7eff6b67d000 ---p 000e5000 08:06 3153881                    /usr/lib/x86_64-linux-gnu/libstdc++.so.6.0.17
7eff6b67d000-7eff6b685000 r--p 000e4000 08:06 3153881                    /usr/lib/x86_64-linux-gnu/libstdc++.so.6.0.17
7eff6b685000-7eff6b687000 rw-p 000ec000 08:06 3153881                    /usr/lib/x86_64-linux-gnu/libstdc++.so.6.0.17
7eff6b687000-7eff6b69c000 rw-p 00000000 00:00 0 
7eff6b69c000-7eff6c097000 r-xp 00000000 08:06 3155965                    /usr/lib/jvm/java-7-openjdk-amd64/jre/lib/amd64/server/libjvm.so
7eff6c097000-7eff6c296000 ---p 009fb000 08:06 3155965                    /usr/lib/jvm/java-7-openjdk-amd64/jre/lib/amd64/server/libjvm.so
7eff6c296000-7eff6c315000 r--p 009fa000 08:06 3155965                    /usr/lib/jvm/java-7-openjdk-amd64/jre/lib/amd64/server/libjvm.so
7eff6c315000-7eff6c338000 rw-p 00a79000 08:06 3155965                    /usr/lib/jvm/java-7-openjdk-amd64/jre/lib/amd64/server/libjvm.so
7eff6c338000-7eff6c363000 rw-p 00000000 00:00 0 
7eff6c363000-7eff6c379000 r-xp 00000000 08:06 5115513                    /lib/x86_64-linux-gnu/libz.so.1.2.7
7eff6c379000-7eff6c578000 ---p 00016000 08:06 5115513                    /lib/x86_64-linux-gnu/libz.so.1.2.7
7eff6c578000-7eff6c579000 r--p 00015000 08:06 5115513                    /lib/x86_64-linux-gnu/libz.so.1.2.7
7eff6c579000-7eff6c57a000 rw-p 00016000 08:06 5115513                    /lib/x86_64-linux-gnu/libz.so.1.2.7
7eff6c57a000-7eff6c592000 r-xp 00000000 08:06 5120282                    /lib/x86_64-linux-gnu/libpthread-2.15.so
7eff6c592000-7eff6c791000 ---p 00018000 08:06 5120282                    /lib/x86_64-linux-gnu/libpthread-2.15.so
7eff6c791000-7eff6c792000 r--p 00017000 08:06 5120282                    /lib/x86_64-linux-gnu/libpthread-2.15.so
7eff6c792000-7eff6c793000 rw-p 00018000 08:06 5120282                    /lib/x86_64-linux-gnu/libpthread-2.15.so
7eff6c793000-7eff6c797000 rw-p 00000000 00:00 0 
7eff6c797000-7eff6c799000 r-xp 00000000 08:06 5120297                    /lib/x86_64-linux-gnu/libdl-2.15.so
7eff6c799000-7eff6c999000 ---p 00002000 08:06 5120297                    /lib/x86_64-linux-gnu/libdl-2.15.so
7eff6c999000-7eff6c99a000 r--p 00002000 08:06 5120297                    /lib/x86_64-linux-gnu/libdl-2.15.so
7eff6c99a000-7eff6c99b000 rw-p 00003000 08:06 5120297                    /lib/x86_64-linux-gnu/libdl-2.15.so
7eff6c99b000-7eff6cb50000 r-xp 00000000 08:06 5120299                    /lib/x86_64-linux-gnu/libc-2.15.so
7eff6cb50000-7eff6cd4f000 ---p 001b5000 08:06 5120299                    /lib/x86_64-linux-gnu/libc-2.15.so
7eff6cd4f000-7eff6cd53000 r--p 001b4000 08:06 5120299                    /lib/x86_64-linux-gnu/libc-2.15.so
7eff6cd53000-7eff6cd55000 rw-p 001b8000 08:06 5120299                    /lib/x86_64-linux-gnu/libc-2.15.so
7eff6cd55000-7eff6cd5a000 rw-p 00000000 00:00 0 
7eff6cd6f000-7eff6cd72000 rw-p 00000000 00:00 0 
7eff6cd72000-7eff6cd73000 r--s 00002000 08:06 3148175                    /usr/lib/jvm/java-7-openjdk-common/jre/lib/ext/dnsns.jar
7eff6cd73000-7eff6cd76000 r--s 0000f000 08:06 3148173                    /usr/lib/jvm/java-7-openjdk-common/jre/lib/ext/pulse-java.jar
7eff6cd76000-7eff6cd79000 r--s 0003c000 08:06 3148169                    /usr/lib/jvm/java-7-openjdk-common/jre/lib/ext/sunpkcs11.jar
7eff6cd79000-7eff6cd7b000 r--s 00012000 08:06 3148177                    /usr/lib/jvm/java-7-openjdk-common/jre/lib/ext/zipfs.jar
7eff6cd7b000-7eff6cd7f000 r--s 00085000 08:06 3148170                    /usr/lib/jvm/java-7-openjdk-common/jre/lib/ext/localedata.jar
7eff6cd7f000-7eff6cd8c000 r-xp 00000000 08:06 3153378                    /usr/lib/jvm/java-7-openjdk-amd64/jre/lib/amd64/jli/libjli.so
7eff6cd8c000-7eff6cf8b000 ---p 0000d000 08:06 3153378                    /usr/lib/jvm/java-7-openjdk-amd64/jre/lib/amd64/jli/libjli.so
7eff6cf8b000-7eff6cf8c000 r--p 0000c000 08:06 3153378                    /usr/lib/jvm/java-7-openjdk-amd64/jre/lib/amd64/jli/libjli.so
7eff6cf8c000-7eff6cf8d000 rw-p 0000d000 08:06 3153378                    /usr/lib/jvm/java-7-openjdk-amd64/jre/lib/amd64/jli/libjli.so
7eff6cf8d000-7eff6cfaf000 r-xp 00000000 08:06 5120287                    /lib/x86_64-linux-gnu/ld-2.15.so
7eff6cfaf000-7eff6cfb0000 rw-p 00000000 00:00 0 
7eff6cfb0000-7eff6cfb2000 r--s 00006000 08:06 3546872                    /usr/share/java/java-atk-wrapper.jar
7eff6cfb2000-7eff6cfb5000 r--s 00032000 08:06 3148171                    /usr/lib/jvm/java-7-openjdk-common/jre/lib/ext/sunjce_provider.jar
7eff6cfb5000-7eff6cfe7000 rw-p 00000000 00:00 0 
7eff6cfe7000-7eff6d09d000 rw-p 00000000 00:00 0 
7eff6d09d000-7eff6d0a5000 rw-s 00000000 08:06 3016960                    /tmp/hsperfdata_david/2924
7eff6d0a5000-7eff6d0a6000 rw-p 00000000 00:00 0 
7eff6d0a6000-7eff6d0a7000 r--p 00000000 00:00 0 
7eff6d0a7000-7eff6d0aa000 ---p 00000000 00:00 0 
7eff6d0aa000-7eff6d1af000 rw-p 00000000 00:00 0                          [stack:2929]
7eff6d1af000-7eff6d1b0000 r--p 00022000 08:06 5120287                    /lib/x86_64-linux-gnu/ld-2.15.so
7eff6d1b0000-7eff6d1b2000 rw-p 00023000 08:06 5120287                    /lib/x86_64-linux-gnu/ld-2.15.so
7fff6fc50000-7fff6fc71000 rw-p 00000000 00:00 0                          [stack]
7fff6fce3000-7fff6fce4000 r-xp 00000000 00:00 0                          [vdso]
ffffffffff600000-ffffffffff601000 r-xp 00000000 00:00 0                  [vsyscall]

VM Arguments:
jvm_args: -Djava.library.path=. -Dfile.encoding=UTF-8 
java_command: vr.RiftJNI
Launcher Type: SUN_STANDARD

Environment Variables:
PATH=/usr/lib/lightdm/lightdm:/usr/local/sbin:/usr/local/bin:/usr/sbin:/usr/bin:/sbin:/bin:/usr/games:/usr/local/games
SHELL=/bin/bash
DISPLAY=:0

Signal Handlers:
SIGSEGV: [libjvm.so+0x8574b0], sa_mask[0]=0x7ffbfeff, sa_flags=0x10000004
SIGBUS: [libjvm.so+0x8574b0], sa_mask[0]=0x7ffbfeff, sa_flags=0x10000004
SIGFPE: [libjvm.so+0x6f8200], sa_mask[0]=0x7ffbfeff, sa_flags=0x10000004
SIGPIPE: [libjvm.so+0x6f8200], sa_mask[0]=0x7ffbfeff, sa_flags=0x10000004
SIGXFSZ: [libjvm.so+0x6f8200], sa_mask[0]=0x7ffbfeff, sa_flags=0x10000004
SIGILL: [libjvm.so+0x6f8200], sa_mask[0]=0x7ffbfeff, sa_flags=0x10000004
SIGUSR1: SIG_DFL, sa_mask[0]=0x00000000, sa_flags=0x00000000
SIGUSR2: [libjvm.so+0x6f85d0], sa_mask[0]=0x00000004, sa_flags=0x10000004
SIGHUP: [libjvm.so+0x6f8710], sa_mask[0]=0x7ffbfeff, sa_flags=0x10000004
SIGINT: [libjvm.so+0x6f8710], sa_mask[0]=0x7ffbfeff, sa_flags=0x10000004
SIGTERM: [libjvm.so+0x6f8710], sa_mask[0]=0x7ffbfeff, sa_flags=0x10000004
SIGQUIT: [libjvm.so+0x6f8710], sa_mask[0]=0x7ffbfeff, sa_flags=0x10000004


---------------  S Y S T E M  ---------------

OS:Ubuntu 12.10 (quantal)
uname:Linux 3.5.0-28-generic #48-Ubuntu SMP Tue Apr 23 23:03:38 UTC 2013 x86_64
libc:glibc 2.15 NPTL 2.15 
rlimit: STACK 8192k, CORE 0k, NPROC 63158, NOFILE 4096, AS infinity
load average:1.35 1.74 1.88

/proc/meminfo:
MemTotal:        8175080 kB
MemFree:          204400 kB
Buffers:          620320 kB
Cached:          3038360 kB
SwapCached:         2544 kB
Active:          4473984 kB
Inactive:        2465176 kB
Active(anon):    2551896 kB
Inactive(anon):   762892 kB
Active(file):    1922088 kB
Inactive(file):  1702284 kB
Unevictable:       31392 kB
Mlocked:           31392 kB
SwapTotal:       8381436 kB
SwapFree:        8363224 kB
Dirty:              3816 kB
Writeback:             0 kB
AnonPages:       3310172 kB
Mapped:           471988 kB
Shmem:             28444 kB
Slab:             490796 kB
SReclaimable:     382152 kB
SUnreclaim:       108644 kB
KernelStack:        5864 kB
PageTables:        63572 kB
NFS_Unstable:          0 kB
Bounce:                0 kB
WritebackTmp:          0 kB
CommitLimit:    12468976 kB
Committed_AS:    8711996 kB
VmallocTotal:   34359738367 kB
VmallocUsed:      316540 kB
VmallocChunk:   34359415500 kB
HardwareCorrupted:     0 kB
AnonHugePages:         0 kB
HugePages_Total:       0
HugePages_Free:        0
HugePages_Rsvd:        0
HugePages_Surp:        0
Hugepagesize:       2048 kB
DirectMap4k:     1215424 kB
DirectMap2M:     7170048 kB
DirectMap1G:           0 kB


CPU:total 6 (6 cores per cpu, 1 threads per core) family 16 model 10 stepping 0, cmov, cx8, fxsr, mmx, sse, sse2, sse3, popcnt, mmxext, 3dnowpref, lzcnt, sse4a, tsc, tscinvbit, tscinv

/proc/cpuinfo:
processor	: 0
vendor_id	: AuthenticAMD
cpu family	: 16
model		: 10
model name	: AMD Phenom(tm) II X6 1090T Processor
stepping	: 0
microcode	: 0x10000dc
cpu MHz		: 800.000
cache size	: 512 KB
physical id	: 0
siblings	: 6
core id		: 0
cpu cores	: 6
apicid		: 0
initial apicid	: 0
fpu		: yes
fpu_exception	: yes
cpuid level	: 6
wp		: yes
flags		: fpu vme de pse tsc msr pae mce cx8 apic sep mtrr pge mca cmov pat pse36 clflush mmx fxsr sse sse2 ht syscall nx mmxext fxsr_opt pdpe1gb rdtscp lm 3dnowext 3dnow constant_tsc rep_good nopl nonstop_tsc extd_apicid aperfmperf pni monitor cx16 popcnt lahf_lm cmp_legacy svm extapic cr8_legacy abm sse4a misalignsse 3dnowprefetch osvw ibs skinit wdt cpb hw_pstate npt lbrv svm_lock nrip_save pausefilter
bogomips	: 6427.94
TLB size	: 1024 4K pages
clflush size	: 64
cache_alignment	: 64
address sizes	: 48 bits physical, 48 bits virtual
power management: ts ttp tm stc 100mhzsteps hwpstate cpb

processor	: 1
vendor_id	: AuthenticAMD
cpu family	: 16
model		: 10
model name	: AMD Phenom(tm) II X6 1090T Processor
stepping	: 0
microcode	: 0x10000dc
cpu MHz		: 3200.000
cache size	: 512 KB
physical id	: 0
siblings	: 6
core id		: 3
cpu cores	: 6
apicid		: 1
initial apicid	: 3
fpu		: yes
fpu_exception	: yes
cpuid level	: 6
wp		: yes
flags		: fpu vme de pse tsc msr pae mce cx8 apic sep mtrr pge mca cmov pat pse36 clflush mmx fxsr sse sse2 ht syscall nx mmxext fxsr_opt pdpe1gb rdtscp lm 3dnowext 3dnow constant_tsc rep_good nopl nonstop_tsc extd_apicid aperfmperf pni monitor cx16 popcnt lahf_lm cmp_legacy svm extapic cr8_legacy abm sse4a misalignsse 3dnowprefetch osvw ibs skinit wdt cpb hw_pstate npt lbrv svm_lock nrip_save pausefilter
bogomips	: 6427.94
TLB size	: 1024 4K pages
clflush size	: 64
cache_alignment	: 64
address sizes	: 48 bits physical, 48 bits virtual
power management: ts ttp tm stc 100mhzsteps hwpstate cpb

processor	: 2
vendor_id	: AuthenticAMD
cpu family	: 16
model		: 10
model name	: AMD Phenom(tm) II X6 1090T Processor
stepping	: 0
microcode	: 0x10000dc
cpu MHz		: 800.000
cache size	: 512 KB
physical id	: 0
siblings	: 6
core id		: 4
cpu cores	: 6
apicid		: 2
initial apicid	: 4
fpu		: yes
fpu_exception	: yes
cpuid level	: 6
wp		: yes
flags		: fpu vme de pse tsc msr pae mce cx8 apic sep mtrr pge mca cmov pat pse36 clflush mmx fxsr sse sse2 ht syscall nx mmxext fxsr_opt pdpe1gb rdtscp lm 3dnowext 3dnow constant_tsc rep_good nopl nonstop_tsc extd_apicid aperfmperf pni monitor cx16 popcnt lahf_lm cmp_legacy svm extapic cr8_legacy abm sse4a misalignsse 3dnowprefetch osvw ibs skinit wdt cpb hw_pstate npt lbrv svm_lock nrip_save pausefilter
bogomips	: 6427.94
TLB size	: 1024 4K pages
clflush size	: 64
cache_alignment	: 64
address sizes	: 48 bits physical, 48 bits virtual
power management: ts ttp tm stc 100mhzsteps hwpstate cpb

processor	: 3
vendor_id	: AuthenticAMD
cpu family	: 16
model		: 10
model name	: AMD Phenom(tm) II X6 1090T Processor
stepping	: 0
microcode	: 0x10000dc
cpu MHz		: 800.000
cache size	: 512 KB
physical id	: 0
siblings	: 6
core id		: 5
cpu cores	: 6
apicid		: 3
initial apicid	: 5
fpu		: yes
fpu_exception	: yes
cpuid level	: 6
wp		: yes
flags		: fpu vme de pse tsc msr pae mce cx8 apic sep mtrr pge mca cmov pat pse36 clflush mmx fxsr sse sse2 ht syscall nx mmxext fxsr_opt pdpe1gb rdtscp lm 3dnowext 3dnow constant_tsc rep_good nopl nonstop_tsc extd_apicid aperfmperf pni monitor cx16 popcnt lahf_lm cmp_legacy svm extapic cr8_legacy abm sse4a misalignsse 3dnowprefetch osvw ibs skinit wdt cpb hw_pstate npt lbrv svm_lock nrip_save pausefilter
bogomips	: 6427.94
TLB size	: 1024 4K pages
clflush size	: 64
cache_alignment	: 64
address sizes	: 48 bits physical, 48 bits virtual
power management: ts ttp tm stc 100mhzsteps hwpstate cpb

processor	: 4
vendor_id	: AuthenticAMD
cpu family	: 16
model		: 10
model name	: AMD Phenom(tm) II X6 1090T Processor
stepping	: 0
microcode	: 0x10000dc
cpu MHz		: 800.000
cache size	: 512 KB
physical id	: 0
siblings	: 6
core id		: 1
cpu cores	: 6
apicid		: 4
initial apicid	: 1
fpu		: yes
fpu_exception	: yes
cpuid level	: 6
wp		: yes
flags		: fpu vme de pse tsc msr pae mce cx8 apic sep mtrr pge mca cmov pat pse36 clflush mmx fxsr sse sse2 ht syscall nx mmxext fxsr_opt pdpe1gb rdtscp lm 3dnowext 3dnow constant_tsc rep_good nopl nonstop_tsc extd_apicid aperfmperf pni monitor cx16 popcnt lahf_lm cmp_legacy svm extapic cr8_legacy abm sse4a misalignsse 3dnowprefetch osvw ibs skinit wdt cpb hw_pstate npt lbrv svm_lock nrip_save pausefilter
bogomips	: 6427.94
TLB size	: 1024 4K pages
clflush size	: 64
cache_alignment	: 64
address sizes	: 48 bits physical, 48 bits virtual
power management: ts ttp tm stc 100mhzsteps hwpstate cpb

processor	: 5
vendor_id	: AuthenticAMD
cpu family	: 16
model		: 10
model name	: AMD Phenom(tm) II X6 1090T Processor
stepping	: 0
microcode	: 0x10000dc
cpu MHz		: 800.000
cache size	: 512 KB
physical id	: 0
siblings	: 6
core id		: 2
cpu cores	: 6
apicid		: 5
initial apicid	: 2
fpu		: yes
fpu_exception	: yes
cpuid level	: 6
wp		: yes
flags		: fpu vme de pse tsc msr pae mce cx8 apic sep mtrr pge mca cmov pat pse36 clflush mmx fxsr sse sse2 ht syscall nx mmxext fxsr_opt pdpe1gb rdtscp lm 3dnowext 3dnow constant_tsc rep_good nopl nonstop_tsc extd_apicid aperfmperf pni monitor cx16 popcnt lahf_lm cmp_legacy svm extapic cr8_legacy abm sse4a misalignsse 3dnowprefetch osvw ibs skinit wdt cpb hw_pstate npt lbrv svm_lock nrip_save pausefilter
bogomips	: 6427.94
TLB size	: 1024 4K pages
clflush size	: 64
cache_alignment	: 64
address sizes	: 48 bits physical, 48 bits virtual
power management: ts ttp tm stc 100mhzsteps hwpstate cpb



Memory: 4k page, physical 8175080k(204400k free), swap 8381436k(8363224k free)

vm_info: OpenJDK 64-Bit Server VM (23.7-b01) for linux-amd64 JRE (1.7.0_21-b02), built on Apr 22 2013 22:26:19 by "buildd" with gcc 4.7.2

time: Thu May 16 03:23:47 2013
elapsed time: 0 seconds

