#
# A fatal error has been detected by the Java Runtime Environment:
#
#  SIGSEGV (0xb) at pc=0x00007fdc4d16393a, pid=3520, tid=140584476374784
#
# JRE version: 7.0_21-b02
# Java VM: OpenJDK 64-Bit Server VM (23.7-b01 mixed mode linux-amd64 compressed oops)
# Problematic frame:
# C  [librift.so+0x293a]  Java_vr_RiftJNI_getData+0x1a
#
# Failed to write core dump. Core dumps have been disabled. To enable core dumping, try "ulimit -c unlimited" before starting Java again
#
# If you would like to submit a bug report, please include
# instructions on how to reproduce the bug and visit:
#   https://bugs.launchpad.net/ubuntu/+source/openjdk-7/
# The crash happened outside the Java Virtual Machine in native code.
# See problematic frame for where to report the bug.
#

---------------  T H R E A D  ---------------

Current thread (0x00007fdc58009800):  JavaThread "main" [_thread_in_native, id=3529, stack(0x00007fdc5fb67000,0x00007fdc5fc68000)]

siginfo:si_signo=SIGSEGV: si_errno=0, si_code=1 (SEGV_MAPERR), si_addr=0x00000000000000e8

Registers:
RAX=0x0000000000000000, RBX=0x00000007790ad3a8, RCX=0x0000000000000000, RDX=0x00007fdc5ee03e60
RSP=0x00007fdc5fc668e0, RBP=0x00007fdc5fc66910, RSI=0x00007fdc5fc66970, RDI=0x00007fdc580099d8
R8 =0x0000000000000014, R9 =0x00000000ffffffff, R10=0x00007fdc55011f64, R11=0x00007fdc5e8dd6e0
R12=0x0000000000000000, R13=0x00000007790ad3a8, R14=0x00007fdc5fc66978, R15=0x00007fdc58009800
RIP=0x00007fdc4d16393a, EFLAGS=0x0000000000010202, CSGSFS=0x0000000000000033, ERR=0x0000000000000004
  TRAPNO=0x000000000000000e

Top of Stack: (sp=0x00007fdc5fc668e0)
0x00007fdc5fc668e0:   00007fdc5fc66970 00007fdc580099d8
0x00007fdc5fc668f0:   00000007790ad3a8 00007fdc5fc66978
0x00007fdc5fc66900:   00007fdc5fc66960 00007fdc55011e29
0x00007fdc5fc66910:   00007fdc5fc66960 00007fdc55011f90
0x00007fdc5fc66920:   00007fdc5fc66920 00000007790ad3a8
0x00007fdc5fc66930:   00007fdc5fc66978 00000007790ad8b0
0x00007fdc5fc66940:   0000000000000000 00000007790ad3a8
0x00007fdc5fc66950:   0000000000000000 00007fdc5fc66980
0x00007fdc5fc66960:   00007fdc5fc669e0 00007fdc55006333
0x00007fdc5fc66970:   00000007d670f088 00007fdc5500eddb
0x00007fdc5fc66980:   0000000000000000 00000007d6710b88
0x00007fdc5fc66990:   00000007d6710b88 00000007d670f088
0x00007fdc5fc669a0:   00007fdc5fc669a0 00000007790ad596
0x00007fdc5fc669b0:   00007fdc5fc669f8 00000007790ad8b0
0x00007fdc5fc669c0:   0000000000000000 00000007790ad5e0
0x00007fdc5fc669d0:   00007fdc5fc66980 00007fdc5fc669f8
0x00007fdc5fc669e0:   00007fdc5fc66a60 00007fdc550004f7
0x00007fdc5fc669f0:   0000000000000001 00000007d6710930
0x00007fdc5fc66a00:   00007fdc00001fa0 0000000000000000
0x00007fdc5fc66a10:   00007fdc5fc66cb0 00007fdc5fc66bd0
0x00007fdc5fc66a20:   00007fdc58009800 00007fdc5800a400
0x00007fdc5fc66a30:   00007fdc5fc66ac0 00007fdc5fc66cb8
0x00007fdc5fc66a40:   00007fdc0000000a 00000007790ad5e0
0x00007fdc5fc66a50:   00007fdc550103a0 00007fdc5fc66bd8
0x00007fdc5fc66a60:   00007fdc5fc66b30 00007fdc5e685c7c
0x00007fdc5fc66a70:   00007fdc00000001 00007fdc58009800
0x00007fdc5fc66a80:   00007fdc550103a0 00007fdc0000000a
0x00007fdc5fc66a90:   00007fdc58009800 00007fdc58006e50
0x00007fdc5fc66aa0:   00007fdc5800a3f0 00007fdc5800a408
0x00007fdc5fc66ab0:   00007fdc5800a7d8 00007fdc58006e80
0x00007fdc5fc66ac0:   00007fdc58009800 00007fdc5800aed0
0x00007fdc5fc66ad0:   00000007790ad5e0 0000000000000000 

Instructions: (pc=0x00007fdc4d16393a)
0x00007fdc4d16391a:   12 fc ff ff c9 c3 55 48 89 e5 48 83 ec 30 48 89
0x00007fdc4d16392a:   7d d8 48 89 75 d0 48 8b 05 a1 b6 20 00 48 8b 00
0x00007fdc4d16393a:   48 8b 80 e8 00 00 00 48 89 45 e0 48 8b 05 8c b6
0x00007fdc4d16394a:   20 00 48 8b 00 48 8b 80 f0 00 00 00 48 89 45 e8 

Register to memory mapping:

RAX=0x0000000000000000 is an unknown value
RBX=0x00000007790ad3a8 is an oop
{method} 
 - klass: {other class}
RCX=0x0000000000000000 is an unknown value
RDX=0x00007fdc5ee03e60: <offset 0xca7e60> in /usr/lib/jvm/java-7-openjdk-amd64/jre/lib/amd64/server/libjvm.so at 0x00007fdc5e15c000
RSP=0x00007fdc5fc668e0 is pointing into the stack for thread: 0x00007fdc58009800
RBP=0x00007fdc5fc66910 is pointing into the stack for thread: 0x00007fdc58009800
RSI=0x00007fdc5fc66970 is pointing into the stack for thread: 0x00007fdc58009800
RDI=0x00007fdc580099d8 is an unknown value
R8 =0x0000000000000014 is an unknown value
R9 =0x00000000ffffffff is an unknown value
R10=0x00007fdc55011f64 is an Interpreter codelet
method entry point (kind = native)  [0x00007fdc55011d00, 0x00007fdc55012540]  2112 bytes
R11=0x00007fdc5e8dd6e0: <offset 0x7816e0> in /usr/lib/jvm/java-7-openjdk-amd64/jre/lib/amd64/server/libjvm.so at 0x00007fdc5e15c000
R12=0x0000000000000000 is an unknown value
R13=0x00000007790ad3a8 is an oop
{method} 
 - klass: {other class}
R14=0x00007fdc5fc66978 is pointing into the stack for thread: 0x00007fdc58009800
R15=0x00007fdc58009800 is a thread


Stack: [0x00007fdc5fb67000,0x00007fdc5fc68000],  sp=0x00007fdc5fc668e0,  free space=1022k
Native frames: (J=compiled Java code, j=interpreted, Vv=VM code, C=native code)
C  [librift.so+0x293a]  Java_vr_RiftJNI_getData+0x1a
j  vr.RiftJNI.getData()[D+0
j  vr.RiftJNI.main([Ljava/lang/String;)V+22
v  ~StubRoutines::call_stub
V  [libjvm.so+0x529c7c]  JavaCalls::call_helper(JavaValue*, methodHandle*, JavaCallArguments*, Thread*)+0x32c
V  [libjvm.so+0x529725]  JavaCalls::call(JavaValue*, methodHandle, JavaCallArguments*, Thread*)+0x25
V  [libjvm.so+0x53f79a]  jni_invoke_static(JNIEnv_*, JavaValue*, _jobject*, JNICallType, _jmethodID*, JNI_ArgumentPusher*, Thread*) [clone .isra.122] [clone .constprop.145]+0xda
V  [libjvm.so+0x53fdfa]  jni_CallStaticVoidMethod+0x12a
C  [libjli.so+0x31e1]  __strcat_chk+0x31e1

Java frames: (J=compiled Java code, j=interpreted, Vv=VM code)
j  vr.RiftJNI.getData()[D+0
j  vr.RiftJNI.main([Ljava/lang/String;)V+22
v  ~StubRoutines::call_stub

---------------  P R O C E S S  ---------------

Java Threads: ( => current thread )
  0x00007fdc58114000 JavaThread "Service Thread" daemon [_thread_blocked, id=3542, stack(0x00007fdc4d483000,0x00007fdc4d584000)]
  0x00007fdc58112000 JavaThread "C2 CompilerThread1" daemon [_thread_blocked, id=3541, stack(0x00007fdc4d584000,0x00007fdc4d685000)]
  0x00007fdc5810f000 JavaThread "C2 CompilerThread0" daemon [_thread_blocked, id=3540, stack(0x00007fdc4d685000,0x00007fdc4d786000)]
  0x00007fdc5810c800 JavaThread "Signal Dispatcher" daemon [_thread_blocked, id=3539, stack(0x00007fdc4d786000,0x00007fdc4d887000)]
  0x00007fdc580b6800 JavaThread "Finalizer" daemon [_thread_blocked, id=3538, stack(0x00007fdc4df68000,0x00007fdc4e069000)]
  0x00007fdc580b4000 JavaThread "Reference Handler" daemon [_thread_blocked, id=3537, stack(0x00007fdc4e069000,0x00007fdc4e16a000)]
=>0x00007fdc58009800 JavaThread "main" [_thread_in_native, id=3529, stack(0x00007fdc5fb67000,0x00007fdc5fc68000)]

Other Threads:
  0x00007fdc580ac000 VMThread [stack: 0x00007fdc4e16a000,0x00007fdc4e26b000] [id=3536]
  0x00007fdc5811f000 WatcherThread [stack: 0x00007fdc4d382000,0x00007fdc4d483000] [id=3543]

VM state:not at safepoint (normal execution)

VM Mutex/Monitor currently owned by a thread: None

Heap
 PSYoungGen      total 37248K, used 638K [0x00000007d66b0000, 0x00000007d9040000, 0x0000000800000000)
  eden space 31936K, 2% used [0x00000007d66b0000,0x00000007d674fb50,0x00000007d85e0000)
  from space 5312K, 0% used [0x00000007d8b10000,0x00000007d8b10000,0x00000007d9040000)
  to   space 5312K, 0% used [0x00000007d85e0000,0x00000007d85e0000,0x00000007d8b10000)
 ParOldGen       total 85184K, used 0K [0x0000000783400000, 0x0000000788730000, 0x00000007d66b0000)
  object space 85184K, 0% used [0x0000000783400000,0x0000000783400000,0x0000000788730000)
 PSPermGen       total 21248K, used 2747K [0x0000000778e00000, 0x000000077a2c0000, 0x0000000783400000)
  object space 21248K, 12% used [0x0000000778e00000,0x00000007790aee20,0x000000077a2c0000)

Card table byte_map: [0x00007fdc5c482000,0x00007fdc5c8bc000] byte_map_base: 0x00007fdc588bb000

Polling page: 0x00007fdc5fb66000

Code Cache  [0x00007fdc55000000, 0x00007fdc55270000, 0x00007fdc58000000)
 total_blobs=162 nmethods=0 adapters=130 free_code_cache=48776Kb largest_free_block=49946880

Compilation events (0 events):
No events

GC Heap History (0 events):
No events

Deoptimization events (0 events):
No events

Internal exceptions (5 events):
Event: 0.045 Thread 0x00007fdc58009800 Threw 0x00000007d66b6140 at /build/buildd/openjdk-7-7u21-2.3.9/build/openjdk/hotspot/src/share/vm/prims/jni.cpp:3994
Event: 0.090 Thread 0x00007fdc58009800 Threw 0x00000007d6702f40 at /build/buildd/openjdk-7-7u21-2.3.9/build/openjdk/hotspot/src/share/vm/prims/jni.cpp:716
Event: 0.090 Thread 0x00007fdc58009800 Threw 0x00000007d67030d8 at /build/buildd/openjdk-7-7u21-2.3.9/build/openjdk/hotspot/src/share/vm/prims/jvm.cpp:1166
Event: 0.090 Thread 0x00007fdc58009800 Threw 0x00000007d6703200 at /build/buildd/openjdk-7-7u21-2.3.9/build/openjdk/hotspot/src/share/vm/prims/jvm.cpp:1166
Event: 0.092 Thread 0x00007fdc58009800 Threw 0x00000007d670aad8 at /build/buildd/openjdk-7-7u21-2.3.9/build/openjdk/hotspot/src/share/vm/prims/jvm.cpp:1166

Events (10 events):
Event: 0.096 loading class 0x00007fdc581798a0
Event: 0.096 loading class 0x00007fdc581798a0 done
Event: 0.096 loading class 0x00007fdc580ae4d0
Event: 0.096 loading class 0x00007fdc580ae4d0 done
Event: 0.096 loading class 0x00007fdc58030c40
Event: 0.097 loading class 0x00007fdc58030c40 done
Event: 0.097 loading class 0x00007fdc58062a70
Event: 0.097 loading class 0x00007fdc58062a70 done
Event: 0.097 loading class 0x00007fdc58063600
Event: 0.097 loading class 0x00007fdc58063600 done


Dynamic libraries:
00400000-00401000 r-xp 00000000 08:06 3155978                            /usr/lib/jvm/java-7-openjdk-amd64/jre/bin/java
00600000-00601000 r--p 00000000 08:06 3155978                            /usr/lib/jvm/java-7-openjdk-amd64/jre/bin/java
00601000-00602000 rw-p 00001000 08:06 3155978                            /usr/lib/jvm/java-7-openjdk-amd64/jre/bin/java
01f78000-01f99000 rw-p 00000000 00:00 0                                  [heap]
778e00000-77a2c0000 rw-p 00000000 00:00 0 
77a2c0000-783400000 rw-p 00000000 00:00 0 
783400000-788730000 rw-p 00000000 00:00 0 
788730000-7d66b0000 rw-p 00000000 00:00 0 
7d66b0000-7d9040000 rw-p 00000000 00:00 0 
7d9040000-800000000 rw-p 00000000 00:00 0 
7fdbfc000000-7fdbfc021000 rw-p 00000000 00:00 0 
7fdbfc021000-7fdc00000000 ---p 00000000 00:00 0 
7fdc04000000-7fdc04021000 rw-p 00000000 00:00 0 
7fdc04021000-7fdc08000000 ---p 00000000 00:00 0 
7fdc08000000-7fdc08021000 rw-p 00000000 00:00 0 
7fdc08021000-7fdc0c000000 ---p 00000000 00:00 0 
7fdc0c000000-7fdc0c021000 rw-p 00000000 00:00 0 
7fdc0c021000-7fdc10000000 ---p 00000000 00:00 0 
7fdc10000000-7fdc10021000 rw-p 00000000 00:00 0 
7fdc10021000-7fdc14000000 ---p 00000000 00:00 0 
7fdc14000000-7fdc14021000 rw-p 00000000 00:00 0 
7fdc14021000-7fdc18000000 ---p 00000000 00:00 0 
7fdc18000000-7fdc18021000 rw-p 00000000 00:00 0 
7fdc18021000-7fdc1c000000 ---p 00000000 00:00 0 
7fdc1c000000-7fdc1c021000 rw-p 00000000 00:00 0 
7fdc1c021000-7fdc20000000 ---p 00000000 00:00 0 
7fdc23c70000-7fdc28000000 rw-p 00000000 00:00 0 
7fdc28000000-7fdc28021000 rw-p 00000000 00:00 0 
7fdc28021000-7fdc2c000000 ---p 00000000 00:00 0 
7fdc2c000000-7fdc2c021000 rw-p 00000000 00:00 0 
7fdc2c021000-7fdc30000000 ---p 00000000 00:00 0 
7fdc30000000-7fdc30021000 rw-p 00000000 00:00 0 
7fdc30021000-7fdc34000000 ---p 00000000 00:00 0 
7fdc38000000-7fdc38021000 rw-p 00000000 00:00 0 
7fdc38021000-7fdc3c000000 ---p 00000000 00:00 0 
7fdc40000000-7fdc40021000 rw-p 00000000 00:00 0 
7fdc40021000-7fdc44000000 ---p 00000000 00:00 0 
7fdc48000000-7fdc48021000 rw-p 00000000 00:00 0 
7fdc48021000-7fdc4c000000 ---p 00000000 00:00 0 
7fdc4c754000-7fdc4c95f000 rw-p 00000000 00:00 0 
7fdc4c95f000-7fdc4c960000 ---p 00000000 00:00 0 
7fdc4c960000-7fdc4d161000 rw-p 00000000 00:00 0                          [stack:3544]
7fdc4d161000-7fdc4d16e000 r-xp 00000000 00:15 2888816                    /home/david/Documents/workspace/Fungine/librift.so
7fdc4d16e000-7fdc4d36e000 ---p 0000d000 00:15 2888816                    /home/david/Documents/workspace/Fungine/librift.so
7fdc4d36e000-7fdc4d36f000 r--p 0000d000 00:15 2888816                    /home/david/Documents/workspace/Fungine/librift.so
7fdc4d36f000-7fdc4d370000 rw-p 0000e000 00:15 2888816                    /home/david/Documents/workspace/Fungine/librift.so
7fdc4d370000-7fdc4d371000 r--s 00002000 08:06 3148175                    /usr/lib/jvm/java-7-openjdk-common/jre/lib/ext/dnsns.jar
7fdc4d371000-7fdc4d374000 r--s 0000f000 08:06 3148173                    /usr/lib/jvm/java-7-openjdk-common/jre/lib/ext/pulse-java.jar
7fdc4d374000-7fdc4d377000 r--s 0003c000 08:06 3148169                    /usr/lib/jvm/java-7-openjdk-common/jre/lib/ext/sunpkcs11.jar
7fdc4d377000-7fdc4d379000 r--s 00012000 08:06 3148177                    /usr/lib/jvm/java-7-openjdk-common/jre/lib/ext/zipfs.jar
7fdc4d379000-7fdc4d37d000 r--s 00085000 08:06 3148170                    /usr/lib/jvm/java-7-openjdk-common/jre/lib/ext/localedata.jar
7fdc4d37d000-7fdc4d37f000 r--s 00006000 08:06 3546872                    /usr/share/java/java-atk-wrapper.jar
7fdc4d37f000-7fdc4d382000 r--s 00032000 08:06 3148171                    /usr/lib/jvm/java-7-openjdk-common/jre/lib/ext/sunjce_provider.jar
7fdc4d382000-7fdc4d383000 ---p 00000000 00:00 0 
7fdc4d383000-7fdc4d483000 rw-p 00000000 00:00 0                          [stack:3543]
7fdc4d483000-7fdc4d486000 ---p 00000000 00:00 0 
7fdc4d486000-7fdc4d584000 rw-p 00000000 00:00 0                          [stack:3542]
7fdc4d584000-7fdc4d587000 ---p 00000000 00:00 0 
7fdc4d587000-7fdc4d685000 rw-p 00000000 00:00 0                          [stack:3541]
7fdc4d685000-7fdc4d688000 ---p 00000000 00:00 0 
7fdc4d688000-7fdc4d786000 rw-p 00000000 00:00 0                          [stack:3540]
7fdc4d786000-7fdc4d789000 ---p 00000000 00:00 0 
7fdc4d789000-7fdc4d887000 rw-p 00000000 00:00 0                          [stack:3539]
7fdc4d887000-7fdc4df68000 r--p 00000000 08:06 3152289                    /usr/lib/locale/locale-archive
7fdc4df68000-7fdc4df6b000 ---p 00000000 00:00 0 
7fdc4df6b000-7fdc4e069000 rw-p 00000000 00:00 0                          [stack:3538]
7fdc4e069000-7fdc4e06c000 ---p 00000000 00:00 0 
7fdc4e06c000-7fdc4e16a000 rw-p 00000000 00:00 0                          [stack:3537]
7fdc4e16a000-7fdc4e16b000 ---p 00000000 00:00 0 
7fdc4e16b000-7fdc50000000 rw-p 00000000 00:00 0                          [stack:3536]
7fdc50000000-7fdc50021000 rw-p 00000000 00:00 0 
7fdc50021000-7fdc54000000 ---p 00000000 00:00 0 
7fdc54024000-7fdc5494e000 rw-p 00000000 00:00 0 
7fdc5494e000-7fdc54afb000 r--s 01cde000 08:06 3153373                    /usr/lib/jvm/java-7-openjdk-amd64/jre/lib/rt.jar
7fdc54afb000-7fdc54afc000 ---p 00000000 00:00 0 
7fdc54afc000-7fdc54bfc000 rw-p 00000000 00:00 0                          [stack:3535]
7fdc54bfc000-7fdc54bfd000 ---p 00000000 00:00 0 
7fdc54bfd000-7fdc54cfd000 rw-p 00000000 00:00 0                          [stack:3534]
7fdc54cfd000-7fdc54cfe000 ---p 00000000 00:00 0 
7fdc54cfe000-7fdc54dfe000 rw-p 00000000 00:00 0                          [stack:3533]
7fdc54dfe000-7fdc54dff000 ---p 00000000 00:00 0 
7fdc54dff000-7fdc54eff000 rw-p 00000000 00:00 0                          [stack:3532]
7fdc54eff000-7fdc54f00000 ---p 00000000 00:00 0 
7fdc54f00000-7fdc55000000 rw-p 00000000 00:00 0                          [stack:3531]
7fdc55000000-7fdc55270000 rwxp 00000000 00:00 0 
7fdc55270000-7fdc58192000 rw-p 00000000 00:00 0 
7fdc58192000-7fdc5c000000 ---p 00000000 00:00 0 
7fdc5c028000-7fdc5c094000 rw-p 00000000 00:00 0 
7fdc5c094000-7fdc5c095000 ---p 00000000 00:00 0 
7fdc5c095000-7fdc5c1a0000 rw-p 00000000 00:00 0                          [stack:3530]
7fdc5c1a0000-7fdc5c1e8000 rw-p 00000000 00:00 0 
7fdc5c1e8000-7fdc5c212000 rw-p 00000000 00:00 0 
7fdc5c212000-7fdc5c482000 rw-p 00000000 00:00 0 
7fdc5c482000-7fdc5c48d000 rw-p 00000000 00:00 0 
7fdc5c48d000-7fdc5c4d5000 rw-p 00000000 00:00 0 
7fdc5c4d5000-7fdc5c4ff000 rw-p 00000000 00:00 0 
7fdc5c4ff000-7fdc5c76e000 rw-p 00000000 00:00 0 
7fdc5c76e000-7fdc5c784000 rw-p 00000000 00:00 0 
7fdc5c784000-7fdc5c8bb000 rw-p 00000000 00:00 0 
7fdc5c8bb000-7fdc5c8bc000 rw-p 00000000 00:00 0 
7fdc5c8bc000-7fdc5c8c4000 r-xp 00000000 08:06 3155977                    /usr/lib/jvm/java-7-openjdk-amd64/jre/lib/amd64/libzip.so
7fdc5c8c4000-7fdc5cac3000 ---p 00008000 08:06 3155977                    /usr/lib/jvm/java-7-openjdk-amd64/jre/lib/amd64/libzip.so
7fdc5cac3000-7fdc5cac4000 r--p 00007000 08:06 3155977                    /usr/lib/jvm/java-7-openjdk-amd64/jre/lib/amd64/libzip.so
7fdc5cac4000-7fdc5cac5000 rw-p 00008000 08:06 3155977                    /usr/lib/jvm/java-7-openjdk-amd64/jre/lib/amd64/libzip.so
7fdc5cac5000-7fdc5cad1000 r-xp 00000000 08:06 5120284                    /lib/x86_64-linux-gnu/libnss_files-2.15.so
7fdc5cad1000-7fdc5ccd0000 ---p 0000c000 08:06 5120284                    /lib/x86_64-linux-gnu/libnss_files-2.15.so
7fdc5ccd0000-7fdc5ccd1000 r--p 0000b000 08:06 5120284                    /lib/x86_64-linux-gnu/libnss_files-2.15.so
7fdc5ccd1000-7fdc5ccd2000 rw-p 0000c000 08:06 5120284                    /lib/x86_64-linux-gnu/libnss_files-2.15.so
7fdc5ccd2000-7fdc5ccdc000 r-xp 00000000 08:06 5120276                    /lib/x86_64-linux-gnu/libnss_nis-2.15.so
7fdc5ccdc000-7fdc5cedc000 ---p 0000a000 08:06 5120276                    /lib/x86_64-linux-gnu/libnss_nis-2.15.so
7fdc5cedc000-7fdc5cedd000 r--p 0000a000 08:06 5120276                    /lib/x86_64-linux-gnu/libnss_nis-2.15.so
7fdc5cedd000-7fdc5cede000 rw-p 0000b000 08:06 5120276                    /lib/x86_64-linux-gnu/libnss_nis-2.15.so
7fdc5cede000-7fdc5cef5000 r-xp 00000000 08:06 5120294                    /lib/x86_64-linux-gnu/libnsl-2.15.so
7fdc5cef5000-7fdc5d0f4000 ---p 00017000 08:06 5120294                    /lib/x86_64-linux-gnu/libnsl-2.15.so
7fdc5d0f4000-7fdc5d0f5000 r--p 00016000 08:06 5120294                    /lib/x86_64-linux-gnu/libnsl-2.15.so
7fdc5d0f5000-7fdc5d0f6000 rw-p 00017000 08:06 5120294                    /lib/x86_64-linux-gnu/libnsl-2.15.so
7fdc5d0f6000-7fdc5d0f8000 rw-p 00000000 00:00 0 
7fdc5d0f8000-7fdc5d100000 r-xp 00000000 08:06 5120298                    /lib/x86_64-linux-gnu/libnss_compat-2.15.so
7fdc5d100000-7fdc5d2ff000 ---p 00008000 08:06 5120298                    /lib/x86_64-linux-gnu/libnss_compat-2.15.so
7fdc5d2ff000-7fdc5d300000 r--p 00007000 08:06 5120298                    /lib/x86_64-linux-gnu/libnss_compat-2.15.so
7fdc5d300000-7fdc5d301000 rw-p 00008000 08:06 5120298                    /lib/x86_64-linux-gnu/libnss_compat-2.15.so
7fdc5d301000-7fdc5d32c000 r-xp 00000000 08:06 3155961                    /usr/lib/jvm/java-7-openjdk-amd64/jre/lib/amd64/libjava.so
7fdc5d32c000-7fdc5d52b000 ---p 0002b000 08:06 3155961                    /usr/lib/jvm/java-7-openjdk-amd64/jre/lib/amd64/libjava.so
7fdc5d52b000-7fdc5d52c000 r--p 0002a000 08:06 3155961                    /usr/lib/jvm/java-7-openjdk-amd64/jre/lib/amd64/libjava.so
7fdc5d52c000-7fdc5d52e000 rw-p 0002b000 08:06 3155961                    /usr/lib/jvm/java-7-openjdk-amd64/jre/lib/amd64/libjava.so
7fdc5d52e000-7fdc5d53d000 r-xp 00000000 08:06 3155960                    /usr/lib/jvm/java-7-openjdk-amd64/jre/lib/amd64/libverify.so
7fdc5d53d000-7fdc5d73c000 ---p 0000f000 08:06 3155960                    /usr/lib/jvm/java-7-openjdk-amd64/jre/lib/amd64/libverify.so
7fdc5d73c000-7fdc5d73e000 r--p 0000e000 08:06 3155960                    /usr/lib/jvm/java-7-openjdk-amd64/jre/lib/amd64/libverify.so
7fdc5d73e000-7fdc5d73f000 rw-p 00010000 08:06 3155960                    /usr/lib/jvm/java-7-openjdk-amd64/jre/lib/amd64/libverify.so
7fdc5d73f000-7fdc5d746000 r-xp 00000000 08:06 5120286                    /lib/x86_64-linux-gnu/librt-2.15.so
7fdc5d746000-7fdc5d945000 ---p 00007000 08:06 5120286                    /lib/x86_64-linux-gnu/librt-2.15.so
7fdc5d945000-7fdc5d946000 r--p 00006000 08:06 5120286                    /lib/x86_64-linux-gnu/librt-2.15.so
7fdc5d946000-7fdc5d947000 rw-p 00007000 08:06 5120286                    /lib/x86_64-linux-gnu/librt-2.15.so
7fdc5d947000-7fdc5d95c000 r-xp 00000000 08:06 5115404                    /lib/x86_64-linux-gnu/libgcc_s.so.1
7fdc5d95c000-7fdc5db5b000 ---p 00015000 08:06 5115404                    /lib/x86_64-linux-gnu/libgcc_s.so.1
7fdc5db5b000-7fdc5db5c000 r--p 00014000 08:06 5115404                    /lib/x86_64-linux-gnu/libgcc_s.so.1
7fdc5db5c000-7fdc5db5d000 rw-p 00015000 08:06 5115404                    /lib/x86_64-linux-gnu/libgcc_s.so.1
7fdc5db5d000-7fdc5dc58000 r-xp 00000000 08:06 5120295                    /lib/x86_64-linux-gnu/libm-2.15.so
7fdc5dc58000-7fdc5de57000 ---p 000fb000 08:06 5120295                    /lib/x86_64-linux-gnu/libm-2.15.so
7fdc5de57000-7fdc5de58000 r--p 000fa000 08:06 5120295                    /lib/x86_64-linux-gnu/libm-2.15.so
7fdc5de58000-7fdc5de59000 rw-p 000fb000 08:06 5120295                    /lib/x86_64-linux-gnu/libm-2.15.so
7fdc5de59000-7fdc5df3e000 r-xp 00000000 08:06 3153881                    /usr/lib/x86_64-linux-gnu/libstdc++.so.6.0.17
7fdc5df3e000-7fdc5e13d000 ---p 000e5000 08:06 3153881                    /usr/lib/x86_64-linux-gnu/libstdc++.so.6.0.17
7fdc5e13d000-7fdc5e145000 r--p 000e4000 08:06 3153881                    /usr/lib/x86_64-linux-gnu/libstdc++.so.6.0.17
7fdc5e145000-7fdc5e147000 rw-p 000ec000 08:06 3153881                    /usr/lib/x86_64-linux-gnu/libstdc++.so.6.0.17
7fdc5e147000-7fdc5e15c000 rw-p 00000000 00:00 0 
7fdc5e15c000-7fdc5eb57000 r-xp 00000000 08:06 3155965                    /usr/lib/jvm/java-7-openjdk-amd64/jre/lib/amd64/server/libjvm.so
7fdc5eb57000-7fdc5ed56000 ---p 009fb000 08:06 3155965                    /usr/lib/jvm/java-7-openjdk-amd64/jre/lib/amd64/server/libjvm.so
7fdc5ed56000-7fdc5edd5000 r--p 009fa000 08:06 3155965                    /usr/lib/jvm/java-7-openjdk-amd64/jre/lib/amd64/server/libjvm.so
7fdc5edd5000-7fdc5edf8000 rw-p 00a79000 08:06 3155965                    /usr/lib/jvm/java-7-openjdk-amd64/jre/lib/amd64/server/libjvm.so
7fdc5edf8000-7fdc5ee23000 rw-p 00000000 00:00 0 
7fdc5ee23000-7fdc5ee39000 r-xp 00000000 08:06 5115513                    /lib/x86_64-linux-gnu/libz.so.1.2.7
7fdc5ee39000-7fdc5f038000 ---p 00016000 08:06 5115513                    /lib/x86_64-linux-gnu/libz.so.1.2.7
7fdc5f038000-7fdc5f039000 r--p 00015000 08:06 5115513                    /lib/x86_64-linux-gnu/libz.so.1.2.7
7fdc5f039000-7fdc5f03a000 rw-p 00016000 08:06 5115513                    /lib/x86_64-linux-gnu/libz.so.1.2.7
7fdc5f03a000-7fdc5f052000 r-xp 00000000 08:06 5120282                    /lib/x86_64-linux-gnu/libpthread-2.15.so
7fdc5f052000-7fdc5f251000 ---p 00018000 08:06 5120282                    /lib/x86_64-linux-gnu/libpthread-2.15.so
7fdc5f251000-7fdc5f252000 r--p 00017000 08:06 5120282                    /lib/x86_64-linux-gnu/libpthread-2.15.so
7fdc5f252000-7fdc5f253000 rw-p 00018000 08:06 5120282                    /lib/x86_64-linux-gnu/libpthread-2.15.so
7fdc5f253000-7fdc5f257000 rw-p 00000000 00:00 0 
7fdc5f257000-7fdc5f259000 r-xp 00000000 08:06 5120297                    /lib/x86_64-linux-gnu/libdl-2.15.so
7fdc5f259000-7fdc5f459000 ---p 00002000 08:06 5120297                    /lib/x86_64-linux-gnu/libdl-2.15.so
7fdc5f459000-7fdc5f45a000 r--p 00002000 08:06 5120297                    /lib/x86_64-linux-gnu/libdl-2.15.so
7fdc5f45a000-7fdc5f45b000 rw-p 00003000 08:06 5120297                    /lib/x86_64-linux-gnu/libdl-2.15.so
7fdc5f45b000-7fdc5f610000 r-xp 00000000 08:06 5120299                    /lib/x86_64-linux-gnu/libc-2.15.so
7fdc5f610000-7fdc5f80f000 ---p 001b5000 08:06 5120299                    /lib/x86_64-linux-gnu/libc-2.15.so
7fdc5f80f000-7fdc5f813000 r--p 001b4000 08:06 5120299                    /lib/x86_64-linux-gnu/libc-2.15.so
7fdc5f813000-7fdc5f815000 rw-p 001b8000 08:06 5120299                    /lib/x86_64-linux-gnu/libc-2.15.so
7fdc5f815000-7fdc5f81a000 rw-p 00000000 00:00 0 
7fdc5f81e000-7fdc5f83f000 rw-p 00000000 00:00 0 
7fdc5f83f000-7fdc5f84c000 r-xp 00000000 08:06 3153378                    /usr/lib/jvm/java-7-openjdk-amd64/jre/lib/amd64/jli/libjli.so
7fdc5f84c000-7fdc5fa4b000 ---p 0000d000 08:06 3153378                    /usr/lib/jvm/java-7-openjdk-amd64/jre/lib/amd64/jli/libjli.so
7fdc5fa4b000-7fdc5fa4c000 r--p 0000c000 08:06 3153378                    /usr/lib/jvm/java-7-openjdk-amd64/jre/lib/amd64/jli/libjli.so
7fdc5fa4c000-7fdc5fa4d000 rw-p 0000d000 08:06 3153378                    /usr/lib/jvm/java-7-openjdk-amd64/jre/lib/amd64/jli/libjli.so
7fdc5fa4d000-7fdc5fa6f000 r-xp 00000000 08:06 5120287                    /lib/x86_64-linux-gnu/ld-2.15.so
7fdc5fa73000-7fdc5faa7000 rw-p 00000000 00:00 0 
7fdc5faa7000-7fdc5fb5d000 rw-p 00000000 00:00 0 
7fdc5fb5d000-7fdc5fb65000 rw-s 00000000 08:06 3016963                    /tmp/hsperfdata_david/3520
7fdc5fb65000-7fdc5fb66000 rw-p 00000000 00:00 0 
7fdc5fb66000-7fdc5fb67000 r--p 00000000 00:00 0 
7fdc5fb67000-7fdc5fb6a000 ---p 00000000 00:00 0 
7fdc5fb6a000-7fdc5fc6f000 rw-p 00000000 00:00 0                          [stack:3529]
7fdc5fc6f000-7fdc5fc70000 r--p 00022000 08:06 5120287                    /lib/x86_64-linux-gnu/ld-2.15.so
7fdc5fc70000-7fdc5fc72000 rw-p 00023000 08:06 5120287                    /lib/x86_64-linux-gnu/ld-2.15.so
7fff0d5bd000-7fff0d5de000 rw-p 00000000 00:00 0                          [stack]
7fff0d5ff000-7fff0d600000 r-xp 00000000 00:00 0                          [vdso]
ffffffffff600000-ffffffffff601000 r-xp 00000000 00:00 0                  [vsyscall]

VM Arguments:
jvm_args: -Djava.library.path=. -Dfile.encoding=UTF-8 
java_command: vr.RiftJNI
Launcher Type: SUN_STANDARD

Environment Variables:
PATH=/usr/lib/lightdm/lightdm:/usr/local/sbin:/usr/local/bin:/usr/sbin:/usr/bin:/sbin:/bin:/usr/games:/usr/local/games
SHELL=/bin/bash
DISPLAY=:0

Signal Handlers:
SIGSEGV: [libjvm.so+0x8574b0], sa_mask[0]=0x7ffbfeff, sa_flags=0x10000004
SIGBUS: [libjvm.so+0x8574b0], sa_mask[0]=0x7ffbfeff, sa_flags=0x10000004
SIGFPE: [libjvm.so+0x6f8200], sa_mask[0]=0x7ffbfeff, sa_flags=0x10000004
SIGPIPE: [libjvm.so+0x6f8200], sa_mask[0]=0x7ffbfeff, sa_flags=0x10000004
SIGXFSZ: [libjvm.so+0x6f8200], sa_mask[0]=0x7ffbfeff, sa_flags=0x10000004
SIGILL: [libjvm.so+0x6f8200], sa_mask[0]=0x7ffbfeff, sa_flags=0x10000004
SIGUSR1: SIG_DFL, sa_mask[0]=0x00000000, sa_flags=0x00000000
SIGUSR2: [libjvm.so+0x6f85d0], sa_mask[0]=0x00000004, sa_flags=0x10000004
SIGHUP: [libjvm.so+0x6f8710], sa_mask[0]=0x7ffbfeff, sa_flags=0x10000004
SIGINT: [libjvm.so+0x6f8710], sa_mask[0]=0x7ffbfeff, sa_flags=0x10000004
SIGTERM: [libjvm.so+0x6f8710], sa_mask[0]=0x7ffbfeff, sa_flags=0x10000004
SIGQUIT: [libjvm.so+0x6f8710], sa_mask[0]=0x7ffbfeff, sa_flags=0x10000004


---------------  S Y S T E M  ---------------

OS:Ubuntu 12.10 (quantal)
uname:Linux 3.5.0-28-generic #48-Ubuntu SMP Tue Apr 23 23:03:38 UTC 2013 x86_64
libc:glibc 2.15 NPTL 2.15 
rlimit: STACK 8192k, CORE 0k, NPROC 63158, NOFILE 4096, AS infinity
load average:1.72 2.08 2.10

/proc/meminfo:
MemTotal:        8175080 kB
MemFree:          206460 kB
Buffers:          610620 kB
Cached:          2886172 kB
SwapCached:         2596 kB
Active:          4461928 kB
Inactive:        2481064 kB
Active(anon):    2657720 kB
Inactive(anon):   822840 kB
Active(file):    1804208 kB
Inactive(file):  1658224 kB
Unevictable:       31392 kB
Mlocked:           31392 kB
SwapTotal:       8381436 kB
SwapFree:        8361644 kB
Dirty:              7904 kB
Writeback:             0 kB
AnonPages:       3475568 kB
Mapped:           475156 kB
Shmem:             28512 kB
Slab:             480944 kB
SReclaimable:     372044 kB
SUnreclaim:       108900 kB
KernelStack:        6104 kB
PageTables:        65560 kB
NFS_Unstable:          0 kB
Bounce:                0 kB
WritebackTmp:          0 kB
CommitLimit:    12468976 kB
Committed_AS:    8983636 kB
VmallocTotal:   34359738367 kB
VmallocUsed:      316540 kB
VmallocChunk:   34359415500 kB
HardwareCorrupted:     0 kB
AnonHugePages:         0 kB
HugePages_Total:       0
HugePages_Free:        0
HugePages_Rsvd:        0
HugePages_Surp:        0
Hugepagesize:       2048 kB
DirectMap4k:     1215424 kB
DirectMap2M:     7170048 kB
DirectMap1G:           0 kB


CPU:total 6 (6 cores per cpu, 1 threads per core) family 16 model 10 stepping 0, cmov, cx8, fxsr, mmx, sse, sse2, sse3, popcnt, mmxext, 3dnowpref, lzcnt, sse4a, tsc, tscinvbit, tscinv

/proc/cpuinfo:
processor	: 0
vendor_id	: AuthenticAMD
cpu family	: 16
model		: 10
model name	: AMD Phenom(tm) II X6 1090T Processor
stepping	: 0
microcode	: 0x10000dc
cpu MHz		: 3200.000
cache size	: 512 KB
physical id	: 0
siblings	: 6
core id		: 0
cpu cores	: 6
apicid		: 0
initial apicid	: 0
fpu		: yes
fpu_exception	: yes
cpuid level	: 6
wp		: yes
flags		: fpu vme de pse tsc msr pae mce cx8 apic sep mtrr pge mca cmov pat pse36 clflush mmx fxsr sse sse2 ht syscall nx mmxext fxsr_opt pdpe1gb rdtscp lm 3dnowext 3dnow constant_tsc rep_good nopl nonstop_tsc extd_apicid aperfmperf pni monitor cx16 popcnt lahf_lm cmp_legacy svm extapic cr8_legacy abm sse4a misalignsse 3dnowprefetch osvw ibs skinit wdt cpb hw_pstate npt lbrv svm_lock nrip_save pausefilter
bogomips	: 6427.94
TLB size	: 1024 4K pages
clflush size	: 64
cache_alignment	: 64
address sizes	: 48 bits physical, 48 bits virtual
power management: ts ttp tm stc 100mhzsteps hwpstate cpb

processor	: 1
vendor_id	: AuthenticAMD
cpu family	: 16
model		: 10
model name	: AMD Phenom(tm) II X6 1090T Processor
stepping	: 0
microcode	: 0x10000dc
cpu MHz		: 800.000
cache size	: 512 KB
physical id	: 0
siblings	: 6
core id		: 3
cpu cores	: 6
apicid		: 1
initial apicid	: 3
fpu		: yes
fpu_exception	: yes
cpuid level	: 6
wp		: yes
flags		: fpu vme de pse tsc msr pae mce cx8 apic sep mtrr pge mca cmov pat pse36 clflush mmx fxsr sse sse2 ht syscall nx mmxext fxsr_opt pdpe1gb rdtscp lm 3dnowext 3dnow constant_tsc rep_good nopl nonstop_tsc extd_apicid aperfmperf pni monitor cx16 popcnt lahf_lm cmp_legacy svm extapic cr8_legacy abm sse4a misalignsse 3dnowprefetch osvw ibs skinit wdt cpb hw_pstate npt lbrv svm_lock nrip_save pausefilter
bogomips	: 6427.94
TLB size	: 1024 4K pages
clflush size	: 64
cache_alignment	: 64
address sizes	: 48 bits physical, 48 bits virtual
power management: ts ttp tm stc 100mhzsteps hwpstate cpb

processor	: 2
vendor_id	: AuthenticAMD
cpu family	: 16
model		: 10
model name	: AMD Phenom(tm) II X6 1090T Processor
stepping	: 0
microcode	: 0x10000dc
cpu MHz		: 800.000
cache size	: 512 KB
physical id	: 0
siblings	: 6
core id		: 4
cpu cores	: 6
apicid		: 2
initial apicid	: 4
fpu		: yes
fpu_exception	: yes
cpuid level	: 6
wp		: yes
flags		: fpu vme de pse tsc msr pae mce cx8 apic sep mtrr pge mca cmov pat pse36 clflush mmx fxsr sse sse2 ht syscall nx mmxext fxsr_opt pdpe1gb rdtscp lm 3dnowext 3dnow constant_tsc rep_good nopl nonstop_tsc extd_apicid aperfmperf pni monitor cx16 popcnt lahf_lm cmp_legacy svm extapic cr8_legacy abm sse4a misalignsse 3dnowprefetch osvw ibs skinit wdt cpb hw_pstate npt lbrv svm_lock nrip_save pausefilter
bogomips	: 6427.94
TLB size	: 1024 4K pages
clflush size	: 64
cache_alignment	: 64
address sizes	: 48 bits physical, 48 bits virtual
power management: ts ttp tm stc 100mhzsteps hwpstate cpb

processor	: 3
vendor_id	: AuthenticAMD
cpu family	: 16
model		: 10
model name	: AMD Phenom(tm) II X6 1090T Processor
stepping	: 0
microcode	: 0x10000dc
cpu MHz		: 800.000
cache size	: 512 KB
physical id	: 0
siblings	: 6
core id		: 5
cpu cores	: 6
apicid		: 3
initial apicid	: 5
fpu		: yes
fpu_exception	: yes
cpuid level	: 6
wp		: yes
flags		: fpu vme de pse tsc msr pae mce cx8 apic sep mtrr pge mca cmov pat pse36 clflush mmx fxsr sse sse2 ht syscall nx mmxext fxsr_opt pdpe1gb rdtscp lm 3dnowext 3dnow constant_tsc rep_good nopl nonstop_tsc extd_apicid aperfmperf pni monitor cx16 popcnt lahf_lm cmp_legacy svm extapic cr8_legacy abm sse4a misalignsse 3dnowprefetch osvw ibs skinit wdt cpb hw_pstate npt lbrv svm_lock nrip_save pausefilter
bogomips	: 6427.94
TLB size	: 1024 4K pages
clflush size	: 64
cache_alignment	: 64
address sizes	: 48 bits physical, 48 bits virtual
power management: ts ttp tm stc 100mhzsteps hwpstate cpb

processor	: 4
vendor_id	: AuthenticAMD
cpu family	: 16
model		: 10
model name	: AMD Phenom(tm) II X6 1090T Processor
stepping	: 0
microcode	: 0x10000dc
cpu MHz		: 800.000
cache size	: 512 KB
physical id	: 0
siblings	: 6
core id		: 1
cpu cores	: 6
apicid		: 4
initial apicid	: 1
fpu		: yes
fpu_exception	: yes
cpuid level	: 6
wp		: yes
flags		: fpu vme de pse tsc msr pae mce cx8 apic sep mtrr pge mca cmov pat pse36 clflush mmx fxsr sse sse2 ht syscall nx mmxext fxsr_opt pdpe1gb rdtscp lm 3dnowext 3dnow constant_tsc rep_good nopl nonstop_tsc extd_apicid aperfmperf pni monitor cx16 popcnt lahf_lm cmp_legacy svm extapic cr8_legacy abm sse4a misalignsse 3dnowprefetch osvw ibs skinit wdt cpb hw_pstate npt lbrv svm_lock nrip_save pausefilter
bogomips	: 6427.94
TLB size	: 1024 4K pages
clflush size	: 64
cache_alignment	: 64
address sizes	: 48 bits physical, 48 bits virtual
power management: ts ttp tm stc 100mhzsteps hwpstate cpb

processor	: 5
vendor_id	: AuthenticAMD
cpu family	: 16
model		: 10
model name	: AMD Phenom(tm) II X6 1090T Processor
stepping	: 0
microcode	: 0x10000dc
cpu MHz		: 3200.000
cache size	: 512 KB
physical id	: 0
siblings	: 6
core id		: 2
cpu cores	: 6
apicid		: 5
initial apicid	: 2
fpu		: yes
fpu_exception	: yes
cpuid level	: 6
wp		: yes
flags		: fpu vme de pse tsc msr pae mce cx8 apic sep mtrr pge mca cmov pat pse36 clflush mmx fxsr sse sse2 ht syscall nx mmxext fxsr_opt pdpe1gb rdtscp lm 3dnowext 3dnow constant_tsc rep_good nopl nonstop_tsc extd_apicid aperfmperf pni monitor cx16 popcnt lahf_lm cmp_legacy svm extapic cr8_legacy abm sse4a misalignsse 3dnowprefetch osvw ibs skinit wdt cpb hw_pstate npt lbrv svm_lock nrip_save pausefilter
bogomips	: 6427.94
TLB size	: 1024 4K pages
clflush size	: 64
cache_alignment	: 64
address sizes	: 48 bits physical, 48 bits virtual
power management: ts ttp tm stc 100mhzsteps hwpstate cpb



Memory: 4k page, physical 8175080k(206460k free), swap 8381436k(8361644k free)

vm_info: OpenJDK 64-Bit Server VM (23.7-b01) for linux-amd64 JRE (1.7.0_21-b02), built on Apr 22 2013 22:26:19 by "buildd" with gcc 4.7.2

time: Thu May 16 03:45:28 2013
elapsed time: 1 seconds

