#
# A fatal error has been detected by the Java Runtime Environment:
#
#  EXCEPTION_ACCESS_VIOLATION (0xc0000005) at pc=0x000000006da329a5, pid=6364, tid=2892
#
# JRE version: 6.0_24-b07
# Java VM: Java HotSpot(TM) 64-Bit Server VM (19.1-b02 mixed mode windows-amd64 compressed oops)
# Problematic frame:
# V  [jvm.dll+0x2429a5]
#
# If you would like to submit a bug report, please visit:
#   http://java.sun.com/webapps/bugreport/crash.jsp
#

---------------  T H R E A D  ---------------

Current thread (0x00000000063b9800):  JavaThread "Java2D Disposer" daemon [_thread_in_vm, id=2892, stack(0x0000000007770000,0x0000000007870000)]

siginfo: ExceptionCode=0xc0000005, reading address 0x0000000000000011

Registers:
RAX=0x000000000786f498, RBX=0x0000000006291dc8, RCX=0x0000000000000000, RDX=0x00000000063b9800
RSP=0x000000000786f3f0, RBP=0x0000000000000000, RSI=0x00000000062a2140, RDI=0x000000000786f5e0
R8=0x0000000000000001, R9=0x0000000000000001, R10=0x0000000002531273, R11=0x000000000786f568
R12=0x00000000063b9800, R13=0x0000000006291dc0, R14=0x000000000786f5b0, R15=0x0000000000000003
RIP=0x000000006da329a5, EFLAGS=0x0000000000010203

Register to memory mapping:

RAX=0x000000000786f498
0x000000000786f498 is pointing into the stack for thread: 0x00000000063b9800
"Java2D Disposer" daemon prio=10 tid=0x00000000063b9800 nid=0xb4c runnable [0x000000000786f000]
   java.lang.Thread.State: RUNNABLE

RBX=0x0000000006291dc8
0x0000000006291dc8 is pointing to unknown location

RCX=0x0000000000000000
0x0000000000000000 is pointing to unknown location

RDX=0x00000000063b9800
"Java2D Disposer" daemon prio=10 tid=0x00000000063b9800 nid=0xb4c runnable [0x000000000786f000]
   java.lang.Thread.State: RUNNABLE

RSP=0x000000000786f3f0
0x000000000786f3f0 is pointing into the stack for thread: 0x00000000063b9800
"Java2D Disposer" daemon prio=10 tid=0x00000000063b9800 nid=0xb4c runnable [0x000000000786f000]
   java.lang.Thread.State: RUNNABLE

RBP=0x0000000000000000
0x0000000000000000 is pointing to unknown location

RSI=0x00000000062a2140
0x00000000062a2140 is pointing to unknown location

RDI=0x000000000786f5e0
0x000000000786f5e0 is pointing into the stack for thread: 0x00000000063b9800
"Java2D Disposer" daemon prio=10 tid=0x00000000063b9800 nid=0xb4c runnable [0x000000000786f000]
   java.lang.Thread.State: RUNNABLE

R8 =0x0000000000000001
0x0000000000000001 is pointing to unknown location

R9 =0x0000000000000001
0x0000000000000001 is pointing to unknown location

R10=0x0000000002531273
method entry point (kind = native)  [0x0000000002531000, 0x0000000002531880]  2176 bytes

R11=0x000000000786f568
0x000000000786f568 is pointing into the stack for thread: 0x00000000063b9800
"Java2D Disposer" daemon prio=10 tid=0x00000000063b9800 nid=0xb4c runnable [0x000000000786f000]
   java.lang.Thread.State: RUNNABLE

R12=0x00000000063b9800
"Java2D Disposer" daemon prio=10 tid=0x00000000063b9800 nid=0xb4c runnable [0x000000000786f000]
   java.lang.Thread.State: RUNNABLE

R13=0x0000000006291dc0
0x0000000006291dc0 is pointing to unknown location

R14=0x000000000786f5b0
0x000000000786f5b0 is pointing into the stack for thread: 0x00000000063b9800
"Java2D Disposer" daemon prio=10 tid=0x00000000063b9800 nid=0xb4c runnable [0x000000000786f000]
   java.lang.Thread.State: RUNNABLE

R15=0x0000000000000003
0x0000000000000003 is pointing to unknown location


Top of Stack: (sp=0x000000000786f3f0)
0x000000000786f3f0:   000000006dd60980 0000000006291df8
0x000000000786f400:   0000000000000004 000000070000000e
0x000000000786f410:   00000000063b0000 000000006dbc2209
0x000000000786f420:   00000000062a2140 0000000006291990
0x000000000786f430:   00000000062919a0 0000000006291d78
0x000000000786f440:   000000000786f4b8 0000000006291db8
0x000000000786f450:   00000000005f9e90 000000006da1716a
0x000000000786f460:   0000000000000000 0000000006291db8
0x000000000786f470:   00000000005f9e90 000000000786f5e0
0x000000000786f480:   00000000063b99c8 0000000006291dc0
0x000000000786f490:   0000000000000000 0000000006291dc0
0x000000000786f4a0:   00000000063b9800 0000000006291990
0x000000000786f4b0:   00000000000014dd 000000006dd79ac0
0x000000000786f4c0:   0000000006291df0 0000000000000003
0x000000000786f4d0:   0000000000000021 00000000000001dd
0x000000000786f4e0:   0000000000000009 000000000786f498 

Instructions: (pc=0x000000006da329a5)
0x000000006da32995:   00 00 4c 89 2c c8 ff 84 24 08 01 00 00 4c 8b 03
0x000000006da329a5:   49 8b 40 10 4d 8b 40 18 0f b7 48 42 4d 8b 44 c8 


Stack: [0x0000000007770000,0x0000000007870000],  sp=0x000000000786f3f0,  free space=1020k
Native frames: (J=compiled Java code, j=interpreted, Vv=VM code, C=native code)
V  [jvm.dll+0x2429a5]

[error occurred during error reporting (printing native stack), id 0xc0000005]

Java frames: (J=compiled Java code, j=interpreted, Vv=VM code)
j  java.awt.Cursor.finalizeImpl(J)V+0
j  java.awt.Cursor.access$000(J)V+1
j  java.awt.Cursor$CursorDisposer.dispose()V+13
j  sun.java2d.Disposer.run()V+26
j  java.lang.Thread.run()V+11
v  ~StubRoutines::call_stub

---------------  P R O C E S S  ---------------

Java Threads: ( => current thread )
  0x000000000b04b000 JavaThread "Thread-2" daemon [_thread_in_native, id=6936, stack(0x00000000106a0000,0x00000000107a0000)]
  0x000000001b45a000 JavaThread "TimerQueue" daemon [_thread_blocked, id=1888, stack(0x00000000105a0000,0x00000000106a0000)]
  0x00000000005fc000 JavaThread "DestroyJavaVM" [_thread_blocked, id=816, stack(0x0000000002420000,0x0000000002520000)]
  0x000000000b7d2000 JavaThread "AWT-EventQueue-0" [_thread_blocked, id=4496, stack(0x000000000cdb0000,0x000000000ceb0000)]
  0x000000000b824800 JavaThread "AWT-Shutdown" [_thread_blocked, id=2140, stack(0x000000000ccb0000,0x000000000cdb0000)]
=>0x00000000063b9800 JavaThread "Java2D Disposer" daemon [_thread_in_vm, id=2892, stack(0x0000000007770000,0x0000000007870000)]
  0x000000000627d800 JavaThread "Low Memory Detector" daemon [_thread_blocked, id=4432, stack(0x0000000007270000,0x0000000007370000)]
  0x000000000627b000 JavaThread "CompilerThread1" daemon [_thread_blocked, id=4900, stack(0x0000000007170000,0x0000000007270000)]
  0x0000000006276000 JavaThread "CompilerThread0" daemon [_thread_blocked, id=5712, stack(0x0000000007070000,0x0000000007170000)]
  0x0000000006271000 JavaThread "Attach Listener" daemon [_thread_blocked, id=5588, stack(0x0000000006f70000,0x0000000007070000)]
  0x000000000626f800 JavaThread "Signal Dispatcher" daemon [_thread_blocked, id=5660, stack(0x0000000006e70000,0x0000000006f70000)]
  0x0000000006217800 JavaThread "Finalizer" daemon [_thread_blocked, id=3276, stack(0x0000000006d70000,0x0000000006e70000)]
  0x0000000006210000 JavaThread "Reference Handler" daemon [_thread_blocked, id=6508, stack(0x0000000006c70000,0x0000000006d70000)]

Other Threads:
  0x000000000620a000 VMThread [stack: 0x0000000006b70000,0x0000000006c70000] [id=4244]
  0x0000000006290800 WatcherThread [stack: 0x0000000007370000,0x0000000007470000] [id=232]

VM state:not at safepoint (normal execution)

VM Mutex/Monitor currently owned by a thread: None

Heap
 PSYoungGen      total 269440K, used 29504K [0x00000007d5560000, 0x00000007f0840000, 0x0000000800000000)
  eden space 258368K, 7% used [0x00000007d5560000,0x00000007d6763ee0,0x00000007e51b0000)
  from space 11072K, 99% used [0x00000007e51b0000,0x00000007e5c7c240,0x00000007e5c80000)
  to   space 15936K, 0% used [0x00000007ef8b0000,0x00000007ef8b0000,0x00000007f0840000)
 PSOldGen        total 87424K, used 13623K [0x0000000780000000, 0x0000000785560000, 0x00000007d5560000)
  object space 87424K, 15% used [0x0000000780000000,0x0000000780d4df88,0x0000000785560000)
 PSPermGen       total 21248K, used 18518K [0x000000077ae00000, 0x000000077c2c0000, 0x0000000780000000)
  object space 21248K, 87% used [0x000000077ae00000,0x000000077c0158d0,0x000000077c2c0000)

Dynamic libraries:
0x0000000000400000 - 0x000000000042e000 	C:\Program Files\Java\jre6\bin\javaw.exe
0x00000000771b0000 - 0x0000000077359000 	C:\Windows\SYSTEM32\ntdll.dll
0x0000000077090000 - 0x00000000771af000 	C:\Windows\system32\kernel32.dll
0x000007fefd420000 - 0x000007fefd48c000 	C:\Windows\system32\KERNELBASE.dll
0x000007fefeb30000 - 0x000007fefec0b000 	C:\Windows\system32\ADVAPI32.dll
0x000007fefef20000 - 0x000007fefefbf000 	C:\Windows\system32\msvcrt.dll
0x000007fefe550000 - 0x000007fefe56f000 	C:\Windows\SYSTEM32\sechost.dll
0x000007fefe660000 - 0x000007fefe78d000 	C:\Windows\system32\RPCRT4.dll
0x0000000076f90000 - 0x000000007708a000 	C:\Windows\system32\USER32.dll
0x000007feff2d0000 - 0x000007feff337000 	C:\Windows\system32\GDI32.dll
0x000007fefe650000 - 0x000007fefe65e000 	C:\Windows\system32\LPK.dll
0x000007fefe930000 - 0x000007fefe9f9000 	C:\Windows\system32\USP10.dll
0x000007fefec30000 - 0x000007fefec5e000 	C:\Windows\system32\IMM32.DLL
0x000007fefd4d0000 - 0x000007fefd5d9000 	C:\Windows\system32\MSCTF.dll
0x000000006d7f0000 - 0x000000006def4000 	C:\Program Files\Java\jre6\bin\server\jvm.dll
0x000007fefa450000 - 0x000007fefa48b000 	C:\Windows\system32\WINMM.dll
0x000000006d760000 - 0x000000006d76e000 	C:\Program Files\Java\jre6\bin\verify.dll
0x000000006d3b0000 - 0x000000006d3d7000 	C:\Program Files\Java\jre6\bin\java.dll
0x000000006d310000 - 0x000000006d31a000 	C:\Program Files\Java\jre6\bin\hpi.dll
0x0000000077370000 - 0x0000000077377000 	C:\Windows\system32\PSAPI.DLL
0x000000006d7b0000 - 0x000000006d7c2000 	C:\Program Files\Java\jre6\bin\zip.dll
0x000000006d000000 - 0x000000006d1c3000 	C:\Program Files\Java\jre6\bin\awt.dll
0x000007fef7160000 - 0x000007fef71d1000 	C:\Windows\system32\WINSPOOL.DRV
0x000007feff040000 - 0x000007feff243000 	C:\Windows\system32\ole32.dll
0x000007fefd5e0000 - 0x000007fefe368000 	C:\Windows\system32\SHELL32.dll
0x000007fefefc0000 - 0x000007feff031000 	C:\Windows\system32\SHLWAPI.dll
0x000007fefbd20000 - 0x000007fefbf14000 	C:\Windows\WinSxS\amd64_microsoft.windows.common-controls_6595b64144ccf1df_6.0.7601.17514_none_fa396087175ac9ac\COMCTL32.dll
0x000007fefb9a0000 - 0x000007fefb9b8000 	C:\Windows\system32\DWMAPI.DLL
0x000007fefaf10000 - 0x000007fefaf66000 	C:\Windows\system32\uxtheme.dll
0x000000006d2a0000 - 0x000000006d306000 	C:\Program Files\Java\jre6\bin\fontmanager.dll
0x000007fefd030000 - 0x000007fefd03f000 	C:\Windows\system32\CRYPTBASE.dll
0x000007fefc260000 - 0x000007fefc26c000 	C:\Windows\system32\VERSION.dll
0x0000000072210000 - 0x00000000722e5000 	C:\Windows\system32\aticfx64.dll
0x000007feea630000 - 0x000007feea63d000 	C:\Windows\system32\atiu9p64.dll
0x0000000068680000 - 0x0000000068baf000 	C:\Windows\system32\atiumd64.dll
0x0000000068d20000 - 0x00000000690dd000 	C:\Windows\system32\atiumd6a.dll
0x00000000637c0000 - 0x00000000637ca000 	C:\Users\David\Documents\workspace\#libs\jogl-2.0-b11-20101213-windows-amd64\lib\gluegen-rt.dll
0x000000006c100000 - 0x000000006c10b000 	C:\Users\David\Documents\workspace\#libs\jogl-2.0-b11-20101213-windows-amd64\lib\nativewindow_win32.dll
0x000000006d3f0000 - 0x000000006d3f7000 	C:\Program Files\Java\jre6\bin\jawt.dll
0x000000006a440000 - 0x000000006a44b000 	C:\Users\David\Documents\workspace\#libs\jogl-2.0-b11-20101213-windows-amd64\lib\nativewindow_awt.dll
0x000007fefb030000 - 0x000007fefb14d000 	C:\Windows\system32\OpenGL32.dll
0x000007fefb780000 - 0x000007fefb7ad000 	C:\Windows\system32\GLU32.dll
0x000007fefb3a0000 - 0x000007fefb491000 	C:\Windows\system32\DDRAW.dll
0x000007fefb770000 - 0x000007fefb778000 	C:\Windows\system32\DCIMAN32.dll
0x000007fefe370000 - 0x000007fefe547000 	C:\Windows\system32\SETUPAPI.dll
0x000007fefd490000 - 0x000007fefd4c6000 	C:\Windows\system32\CFGMGR32.dll
0x000007fefe570000 - 0x000007fefe647000 	C:\Windows\system32\OLEAUT32.dll
0x000007fefd320000 - 0x000007fefd33a000 	C:\Windows\system32\DEVOBJ.dll
0x0000000064500000 - 0x000000006458c000 	C:\Users\David\Documents\workspace\#libs\jogl-2.0-b11-20101213-windows-amd64\lib\jogl_desktop.dll
0x000007fefb760000 - 0x000007fefb768000 	C:\Windows\system32\atig6pxx.dll
0x000000000d780000 - 0x000000000eec5000 	C:\Windows\system32\atio6axx.dll
0x000007fefb750000 - 0x000007fefb75e000 	C:\Windows\system32\atig6txx.dll
0x0000000180000000 - 0x0000000180061000 	C:\Windows\system32\atiadlxx.dll
0x000007fefc450000 - 0x000007fefc46e000 	C:\Windows\system32\USERENV.dll
0x000007fefd100000 - 0x000007fefd10f000 	C:\Windows\system32\profapi.dll
0x000007fefc240000 - 0x000007fefc251000 	C:\Windows\system32\WTSAPI32.dll
0x000007fefd3e0000 - 0x000007fefd41a000 	C:\Windows\system32\WINTRUST.dll
0x000007fefd1b0000 - 0x000007fefd317000 	C:\Windows\system32\CRYPT32.dll
0x000007fefd1a0000 - 0x000007fefd1af000 	C:\Windows\system32\MSASN1.dll
0x000000006d600000 - 0x000000006d617000 	C:\Program Files\Java\jre6\bin\net.dll
0x000007fefe840000 - 0x000007fefe88d000 	C:\Windows\system32\WS2_32.dll
0x000007fefe830000 - 0x000007fefe838000 	C:\Windows\system32\NSI.dll
0x000007fefc970000 - 0x000007fefc9c5000 	C:\Windows\system32\mswsock.dll
0x000007fefc960000 - 0x000007fefc967000 	C:\Windows\System32\wship6.dll
0x000000006d620000 - 0x000000006d62b000 	C:\Program Files\Java\jre6\bin\nio.dll
0x000007fefe790000 - 0x000007fefe829000 	C:\Windows\system32\CLBCatQ.DLL

VM Arguments:
jvm_args: -Djava.library.path=C:\Users\david\Documents\workspace\#libs\jogl-2.0-b11-20101213-windows-amd64\lib;C:\Users\david\Documents\workspace\#libs\jogl-2.0-b11-20101213-windows-amd64\lib;C:\Users\david\Documents\workspace\#libs\jogl-2.0-b11-20101213-windows-amd64\lib;C:\Users\david\Documents\workspace\#libs\jogl-2.0-b11-20101213-windows-amd64\lib -Dfile.encoding=Cp1252 
java_command: test.OpenGLTest C:\Users\David\Documents\workspace\Scripting\ressources
Launcher Type: SUN_STANDARD

Environment Variables:
CLASSPATH=.;C:\Program Files (x86)\Java\jre6\lib\ext\QTJava.zip
PATH=C:/Program Files/Java/jre6/bin/server;C:/Program Files/Java/jre6/bin;C:/Program Files/Java/jre6/lib/amd64;c:\Program Files (x86)\AMD APP\bin\x86_64;c:\Program Files (x86)\AMD APP\bin\x86;C:\Program Files\MiKTeX 2.9\miktex\bin\x64;C:Users\David\Documents\AMD APP\bin\x86_64;C:\Users\David\Documents\AMD APP\bin\x86;C:\Program Files (x86)\JavaFX\javafx-sdk1.2\bin;C:\Program Files (x86)\JavaFX\javafx-sdk1.2\emulator\bin;C:\Program Files (x86)\NVIDIA Corporation\PhysX\Common;C:\Windows\system32;C:\Windows;C:\Windows\System32\Wbem;C:\Windows\System32\WindowsPowerShell\v1.0\;C:\Program Files (x86)\ATI Technologies\ATI.ACE\Core-Static;C:\Program Files\MATLAB\R2010a\runtime\win64;C:\Program Files\MATLAB\R2010a\bin;C:\Program Files (x86)\Microsoft SQL Server\100\Tools\Binn\;C:\Program Files\Microsoft SQL Server\100\Tools\Binn\;C:\Program Files\Microsoft SQL Server\100\DTS\Binn\;C:\Program Files (x86)\Git\cmd;C:\Program Files\Java\jdk1.6.0_24\bin\java.exe;C:\Program Files (x86)\AMD APP\Tools\AMD APP KernelAnalyzer 1.8\;C:\Program Files (x86)\QuickTime\QTSystem\;C:\Program Files\Mercurial\;C:\Users\David\Downloads\opencv\build\x64\vc10\bin;C:\Users\David\Downloads\opencv\build\common\tbb\intel64\vc10;C:\Users\David\Downloads\ffmpeg;C:\Program Files\eclipse;
USERNAME=David
OS=Windows_NT
PROCESSOR_IDENTIFIER=AMD64 Family 16 Model 10 Stepping 0, AuthenticAMD



---------------  S Y S T E M  ---------------

OS: Windows 7 Build 7601 Service Pack 1

CPU:total 6 (6 cores per cpu, 1 threads per core) family 16 model 10 stepping 0, cmov, cx8, fxsr, mmx, sse, sse2, sse3, popcnt, mmxext, 3dnow, 3dnowext, lzcnt, sse4a

Memory: 4k page, physical 8385060k(4489976k free), swap 16768272k(12019044k free)

vm_info: Java HotSpot(TM) 64-Bit Server VM (19.1-b02) for windows-amd64 JRE (1.6.0_24-b07), built on Feb  2 2011 16:25:45 by "java_re" with MS VC++ 8.0 (VS2005)

time: Tue Aug 30 07:11:42 2011
elapsed time: 29 seconds

